#
# There is insufficient memory for the Java Runtime Environment to continue.
# Native memory allocation (malloc) failed to allocate 32744 bytes for ChunkPool::allocate
# Possible reasons:
#   The system is out of physical RAM or swap space
#   The process is running with CompressedOops enabled, and the Java Heap may be blocking the growth of the native heap
# Possible solutions:
#   Reduce memory load on the system
#   Increase physical memory or swap space
#   Check if swap backing store is full
#   Decrease Java heap size (-Xmx/-Xms)
#   Decrease number of Java threads
#   Decrease Java thread stack sizes (-Xss)
#   Set larger code cache with -XX:ReservedCodeCacheSize=
#   JVM is running with Zero Based Compressed Oops mode in which the Java heap is
#     placed in the first 32GB address space. The Java Heap base address is the
#     maximum limit for the native heap growth. Please use -XX:HeapBaseMinAddress
#     to set the Java Heap base and to place the Java Heap above 32GB virtual address.
# This output file may be truncated or incomplete.
#
#  Out of Memory Error (c:/BuildAgent/work/5ff2f6c26000d570/src/hotspot/share/memory/arena.cpp:81), pid=171344, tid=174652
#
# JRE version: OpenJDK Runtime Environment (11.0.5+10) (build 11.0.5+10-b520.30)
# Java VM: OpenJDK 64-Bit Server VM (11.0.5+10-b520.30, mixed mode, sharing, tiered, compressed oops, g1 gc, windows-amd64)
# No core dump will be written. Minidumps are not enabled by default on client versions of Windows
#

---------------  S U M M A R Y ------------

Command Line: -XX:TieredStopAtLevel=1 -Xverify:none -Dspring.output.ansi.enabled=always -Dcom.sun.management.jmxremote -Dspring.jmx.enabled=true -Dspring.liveBeansView.mbeanDomain -Dspring.application.admin.enabled=true -javaagent:F:\IDEA2019\IntelliJ IDEA 2019.3.2\lib\idea_rt.jar=51936:F:\IDEA2019\IntelliJ IDEA 2019.3.2\bin -Dfile.encoding=UTF-8 com.newcoder.community.CommunityApplication

Host: Intel(R) Core(TM) i5-9400F CPU @ 2.90GHz, 6 cores, 15G,  Windows 10 , 64 bit Build 19041 (10.0.19041.1645)
Time: Sun May  8 22:48:49 2022 中国标准时间 elapsed time: 68 seconds (0d 0h 1m 8s)

---------------  T H R E A D  ---------------

Current thread (0x00000196ee5c3800):  VMThread "VM Thread" [stack: 0x0000008e99c00000,0x0000008e99d00000] [id=174652] _threads_hazard_ptr=0x00000196f7e7e180

Stack: [0x0000008e99c00000,0x0000008e99d00000]
[error occurred during error reporting (printing stack bounds), id 0xc0000005, EXCEPTION_ACCESS_VIOLATION (0xc0000005) at pc=0x00000196d33d0dad]

Native frames: (J=compiled Java code, j=interpreted, Vv=VM code, C=native code)
V  [jvm.dll+0x5dcafa]
V  [jvm.dll+0x70e375]
V  [jvm.dll+0x70f898]
V  [jvm.dll+0x70fec5]
V  [jvm.dll+0x70fe7b]
V  [jvm.dll+0x5dc288]
V  [jvm.dll+0x5dc6e8]
C  [ntdll.dll+0xa20cf]
C  [ntdll.dll+0x51454]
C  [ntdll.dll+0xa0bfe]
C  0x00000196d33d0dad

VM_Operation (0x0000008e9d7fe7a0): BulkRevokeBias, mode: safepoint, requested by thread 0x00000196f82af800


---------------  P R O C E S S  ---------------

Threads class SMR info:
_java_thread_list=0x00000196f7e7e180, length=96, elements={
0x00000196ee5c4800, 0x00000196ee5c8000, 0x00000196ee5e6000, 0x00000196ee5e7000,
0x00000196ee5e9000, 0x00000196ee5f0000, 0x00000196eee80800, 0x00000196ef1fd000,
0x00000196ef1fd800, 0x00000196ef7b9800, 0x00000196f0318000, 0x00000196f03df000,
0x00000196f061d800, 0x00000196f2b44800, 0x00000196f2ca3800, 0x00000196f2cd0800,
0x00000196f2e3a000, 0x00000196f2e37800, 0x00000196f2e38800, 0x00000196f2e35000,
0x00000196f2e34800, 0x00000196f2e36000, 0x00000196f2e39000, 0x00000196f2e3b000,
0x00000196f2e36800, 0x00000196f31ad800, 0x00000196f31ac800, 0x00000196f31b0000,
0x00000196f31ae000, 0x00000196f31ab000, 0x00000196f31ab800, 0x00000196f31af000,
0x00000196f31aa000, 0x00000196f31b3000, 0x00000196f31b2800, 0x00000196f31b4000,
0x00000196f31b1800, 0x00000196f31b5800, 0x00000196f31b6800, 0x00000196f31b7000,
0x00000196f31b4800, 0x00000196f31b0800, 0x00000196f31b8000, 0x00000196f31b9000,
0x00000196f82ad000, 0x00000196f82ad800, 0x00000196f82ae800, 0x00000196f82af800,
0x00000196f82ab800, 0x00000196f82ac000, 0x00000196f82b2000, 0x00000196f82b2800,
0x00000196f82b6000, 0x00000196f82b3800, 0x00000196f82b5000, 0x00000196f82b0000,
0x00000196f82b9000, 0x00000196f82b4800, 0x00000196f82b7800, 0x00000196f82b6800,
0x00000196f82b8800, 0x00000196f82ba000, 0x00000196f851d000, 0x00000196f851e800,
0x00000196f851e000, 0x00000196f8519000, 0x00000196f851a800, 0x00000196f851f800,
0x00000196f851a000, 0x00000196f8520800, 0x00000196f8521000, 0x00000196f851b800,
0x00000196f8522000, 0x00000196f851c000, 0x00000196f8527000, 0x00000196f8525000,
0x00000196f8524800, 0x00000196f8526000, 0x00000196f8527800, 0x00000196f8523800,
0x00000196f85c2800, 0x00000196f85c6000, 0x00000196f85c5000, 0x00000196f85c2000,
0x00000196f85c4800, 0x00000196f85c3800, 0x00000196f85cc800, 0x00000196f85cb800,
0x00000196f85ca000, 0x00000196f85c8800, 0x00000196f85c7000, 0x00000196f85c7800,
0x00000196f85cb000, 0x00000196f85cd800, 0x00000196f85ce000, 0x00000196f85cf000
}

Java Threads: ( => current thread )
  0x00000196ee5c4800 JavaThread "Reference Handler" daemon [_thread_blocked, id=143428, stack(0x0000008e99d00000,0x0000008e99e00000)]
  0x00000196ee5c8000 JavaThread "Finalizer" daemon [_thread_blocked, id=174312, stack(0x0000008e99e00000,0x0000008e99f00000)]
  0x00000196ee5e6000 JavaThread "Signal Dispatcher" daemon [_thread_blocked, id=170108, stack(0x0000008e99f00000,0x0000008e9a000000)]
  0x00000196ee5e7000 JavaThread "Attach Listener" daemon [_thread_blocked, id=161264, stack(0x0000008e9a000000,0x0000008e9a100000)]
  0x00000196ee5e9000 JavaThread "C1 CompilerThread0" daemon [_thread_blocked, id=174908, stack(0x0000008e9a100000,0x0000008e9a200000)]
  0x00000196ee5f0000 JavaThread "Sweeper thread" daemon [_thread_blocked, id=139196, stack(0x0000008e9a200000,0x0000008e9a300000)]
  0x00000196eee80800 JavaThread "Common-Cleaner" daemon [_thread_blocked, id=167620, stack(0x0000008e9a300000,0x0000008e9a400000)]
  0x00000196ef1fd000 JavaThread "Monitor Ctrl-Break" daemon [_thread_in_native, id=173768, stack(0x0000008e9a400000,0x0000008e9a500000)]
  0x00000196ef1fd800 JavaThread "Service Thread" daemon [_thread_blocked, id=174588, stack(0x0000008e9a500000,0x0000008e9a600000)]
  0x00000196ef7b9800 JavaThread "RMI TCP Accept-0" daemon [_thread_in_native, id=171352, stack(0x0000008e9a600000,0x0000008e9a700000)]
  0x00000196f0318000 JavaThread "logback-1" daemon [_thread_blocked, id=172484, stack(0x0000008e9b100000,0x0000008e9b200000)]
  0x00000196f03df000 JavaThread "RMI TCP Connection(idle)" daemon [_thread_blocked, id=174352, stack(0x0000008e9b000000,0x0000008e9b100000)]
  0x00000196f061d800 JavaThread "RMI Scheduler(0)" daemon [_thread_blocked, id=161096, stack(0x0000008e9b200000,0x0000008e9b300000)]
  0x00000196f2b44800 JavaThread "elasticsearch[_client_][[timer]]" daemon [_thread_blocked, id=171572, stack(0x0000008e9b300000,0x0000008e9b400000)]
  0x00000196f2ca3800 JavaThread "elasticsearch[_client_][scheduler][T#1]" daemon [_thread_blocked, id=174884, stack(0x0000008e9b500000,0x0000008e9b600000)]
  0x00000196f2cd0800 JavaThread "elasticsearch[_client_][transport_worker][T#1]" daemon [_thread_blocked, id=174448, stack(0x0000008e9b600000,0x0000008e9b700000)]
  0x00000196f2e3a000 JavaThread "elasticsearch[_client_][generic][T#1]" daemon [_thread_blocked, id=165496, stack(0x0000008e9b800000,0x0000008e9b900000)]
  0x00000196f2e37800 JavaThread "elasticsearch[_client_][transport_worker][T#2]" daemon [_thread_blocked, id=174608, stack(0x0000008e9b900000,0x0000008e9ba00000)]
  0x00000196f2e38800 JavaThread "elasticsearch[_client_][transport_worker][T#3]" daemon [_thread_blocked, id=171604, stack(0x0000008e9ba00000,0x0000008e9bb00000)]
  0x00000196f2e35000 JavaThread "elasticsearch[_client_][transport_worker][T#4]" daemon [_thread_blocked, id=11648, stack(0x0000008e9bb00000,0x0000008e9bc00000)]
  0x00000196f2e34800 JavaThread "elasticsearch[_client_][transport_worker][T#5]" daemon [_thread_blocked, id=170360, stack(0x0000008e9bc00000,0x0000008e9bd00000)]
  0x00000196f2e36000 JavaThread "elasticsearch[_client_][transport_worker][T#6]" daemon [_thread_blocked, id=173872, stack(0x0000008e9bd00000,0x0000008e9be00000)]
  0x00000196f2e39000 JavaThread "elasticsearch[_client_][transport_worker][T#7]" daemon [_thread_blocked, id=154788, stack(0x0000008e9be00000,0x0000008e9bf00000)]
  0x00000196f2e3b000 JavaThread "elasticsearch[_client_][transport_worker][T#8]" daemon [_thread_blocked, id=137276, stack(0x0000008e9bf00000,0x0000008e9c000000)]
  0x00000196f2e36800 JavaThread "elasticsearch[_client_][transport_worker][T#9]" daemon [_thread_blocked, id=174128, stack(0x0000008e9c000000,0x0000008e9c100000)]
  0x00000196f31ad800 JavaThread "elasticsearch[_client_][transport_worker][T#10]" daemon [_thread_blocked, id=174400, stack(0x0000008e9c100000,0x0000008e9c200000)]
  0x00000196f31ac800 JavaThread "elasticsearch[_client_][transport_worker][T#11]" daemon [_thread_blocked, id=174860, stack(0x0000008e9c200000,0x0000008e9c300000)]
  0x00000196f31b0000 JavaThread "elasticsearch[_client_][transport_worker][T#12]" daemon [_thread_blocked, id=174268, stack(0x0000008e9c300000,0x0000008e9c400000)]
  0x00000196f31ae000 JavaThread "pool-2-thread-1" [_thread_blocked, id=172200, stack(0x0000008e9c400000,0x0000008e9c500000)]
  0x00000196f31ab000 JavaThread "I/O dispatcher 1" [_thread_in_native, id=170268, stack(0x0000008e9c500000,0x0000008e9c600000)]
  0x00000196f31ab800 JavaThread "I/O dispatcher 2" [_thread_in_native, id=174168, stack(0x0000008e9c600000,0x0000008e9c700000)]
  0x00000196f31af000 JavaThread "I/O dispatcher 3" [_thread_in_native, id=172476, stack(0x0000008e9c700000,0x0000008e9c800000)]
  0x00000196f31aa000 JavaThread "I/O dispatcher 4" [_thread_in_native, id=170672, stack(0x0000008e9c800000,0x0000008e9c900000)]
  0x00000196f31b3000 JavaThread "I/O dispatcher 5" [_thread_in_native, id=170720, stack(0x0000008e9c900000,0x0000008e9ca00000)]
  0x00000196f31b2800 JavaThread "I/O dispatcher 6" [_thread_in_native, id=137196, stack(0x0000008e9ca00000,0x0000008e9cb00000)]
  0x00000196f31b4000 JavaThread "mysql-cj-abandoned-connection-cleanup" daemon [_thread_blocked, id=167692, stack(0x0000008e9cb00000,0x0000008e9cc00000)]
  0x00000196f31b1800 JavaThread "lettuce-eventExecutorLoop-2-1" daemon [_thread_blocked, id=3540, stack(0x0000008e9cc00000,0x0000008e9cd00000)]
  0x00000196f31b5800 JavaThread "Catalina-utility-1" [_thread_blocked, id=172912, stack(0x0000008e9cd00000,0x0000008e9ce00000)]
  0x00000196f31b6800 JavaThread "Catalina-utility-2" [_thread_blocked, id=165880, stack(0x0000008e9ce00000,0x0000008e9cf00000)]
  0x00000196f31b7000 JavaThread "container-0" [_thread_blocked, id=167740, stack(0x0000008e9d000000,0x0000008e9d100000)]
  0x00000196f31b4800 JavaThread "Live Reload Server" daemon [_thread_in_native, id=174460, stack(0x0000008e9cf00000,0x0000008e9d000000)]
  0x00000196f31b0800 JavaThread "HikariPool-1 housekeeper" daemon [_thread_blocked, id=167868, stack(0x0000008e9d100000,0x0000008e9d200000)]
  0x00000196f31b8000 JavaThread "communityScheduler_Worker-1" [_thread_blocked, id=174644, stack(0x0000008e9d200000,0x0000008e9d300000)]
  0x00000196f31b9000 JavaThread "communityScheduler_Worker-2" [_thread_blocked, id=174744, stack(0x0000008e9d300000,0x0000008e9d400000)]
  0x00000196f82ad000 JavaThread "communityScheduler_Worker-3" [_thread_blocked, id=172836, stack(0x0000008e9d400000,0x0000008e9d500000)]
  0x00000196f82ad800 JavaThread "communityScheduler_Worker-4" [_thread_blocked, id=174152, stack(0x0000008e9d500000,0x0000008e9d600000)]
  0x00000196f82ae800 JavaThread "communityScheduler_Worker-5" [_thread_blocked, id=174256, stack(0x0000008e9d600000,0x0000008e9d700000)]
  0x00000196f82af800 JavaThread "communityScheduler_QuartzSchedulerThread" [_thread_blocked, id=174656, stack(0x0000008e9d700000,0x0000008e9d800000)]
  0x00000196f82ab800 JavaThread "File Watcher" daemon [_thread_blocked, id=173712, stack(0x0000008e9d900000,0x0000008e9da00000)]
  0x00000196f82ac000 JavaThread "ThreadPoolTaskScheduler-1" [_thread_blocked, id=174488, stack(0x0000008e9da00000,0x0000008e9db00000)]
  0x00000196f82b2000 JavaThread "org.springframework.kafka.KafkaListenerEndpointContainer#2-0-C-1" [_thread_blocked, id=174528, stack(0x0000008e9db00000,0x0000008e9dc00000)]
  0x00000196f82b2800 JavaThread "kafka-coordinator-heartbeat-thread | test-consumer-group" daemon [_thread_blocked, id=174576, stack(0x0000008e9dc00000,0x0000008e9dd00000)]
  0x00000196f82b6000 JavaThread "ThreadPoolTaskScheduler-1" [_thread_blocked, id=174160, stack(0x0000008e9dd00000,0x0000008e9de00000)]
  0x00000196f82b3800 JavaThread "org.springframework.kafka.KafkaListenerEndpointContainer#3-0-C-1" [_thread_in_native, id=174636, stack(0x0000008e9de00000,0x0000008e9df00000)]
  0x00000196f82b5000 JavaThread "kafka-coordinator-heartbeat-thread | test-consumer-group" daemon [_thread_blocked, id=163228, stack(0x0000008e9e000000,0x0000008e9e100000)]
  0x00000196f82b0000 JavaThread "ThreadPoolTaskScheduler-1" [_thread_blocked, id=164384, stack(0x0000008e9df00000,0x0000008e9e000000)]
  0x00000196f82b9000 JavaThread "org.springframework.kafka.KafkaListenerEndpointContainer#0-0-C-1" [_thread_in_native, id=9032, stack(0x0000008e9e100000,0x0000008e9e200000)]
  0x00000196f82b4800 JavaThread "kafka-coordinator-heartbeat-thread | test-consumer-group" daemon [_thread_blocked, id=164452, stack(0x0000008e9e300000,0x0000008e9e400000)]
  0x00000196f82b7800 JavaThread "ThreadPoolTaskScheduler-1" [_thread_blocked, id=174224, stack(0x0000008e9e200000,0x0000008e9e300000)]
  0x00000196f82b6800 JavaThread "org.springframework.kafka.KafkaListenerEndpointContainer#1-0-C-1" [_thread_blocked, id=174148, stack(0x0000008e9e400000,0x0000008e9e500000)]
  0x00000196f82b8800 JavaThread "kafka-coordinator-heartbeat-thread | test-consumer-group" daemon [_thread_blocked, id=173508, stack(0x0000008e9e500000,0x0000008e9e600000)]
  0x00000196f82ba000 JavaThread "QuartzScheduler_communityScheduler-DESKTOP-USTD7I11652021269027_ClusterManager" [_thread_blocked, id=168860, stack(0x0000008e9e600000,0x0000008e9e700000)]
  0x00000196f851d000 JavaThread "QuartzScheduler_communityScheduler-DESKTOP-USTD7I11652021269027_MisfireHandler" [_thread_blocked, id=174632, stack(0x0000008e9e700000,0x0000008e9e800000)]
  0x00000196f851e800 JavaThread "http-nio-8080-BlockPoller" daemon [_thread_in_native, id=135004, stack(0x0000008e9e800000,0x0000008e9e900000)]
  0x00000196f851e000 JavaThread "http-nio-8080-exec-1" daemon [_thread_blocked, id=170888, stack(0x0000008e9e900000,0x0000008e9ea00000)]
  0x00000196f8519000 JavaThread "http-nio-8080-exec-2" daemon [_thread_blocked, id=168728, stack(0x0000008e9ea00000,0x0000008e9eb00000)]
  0x00000196f851a800 JavaThread "http-nio-8080-exec-3" daemon [_thread_blocked, id=174788, stack(0x0000008e9eb00000,0x0000008e9ec00000)]
  0x00000196f851f800 JavaThread "http-nio-8080-exec-4" daemon [_thread_blocked, id=174248, stack(0x0000008e9ec00000,0x0000008e9ed00000)]
  0x00000196f851a000 JavaThread "http-nio-8080-exec-5" daemon [_thread_blocked, id=172048, stack(0x0000008e9ed00000,0x0000008e9ee00000)]
  0x00000196f8520800 JavaThread "http-nio-8080-exec-6" daemon [_thread_blocked, id=169980, stack(0x0000008e9ee00000,0x0000008e9ef00000)]
  0x00000196f8521000 JavaThread "http-nio-8080-exec-7" daemon [_thread_blocked, id=171444, stack(0x0000008e9ef00000,0x0000008e9f000000)]
  0x00000196f851b800 JavaThread "http-nio-8080-exec-8" daemon [_thread_blocked, id=169004, stack(0x0000008e9f000000,0x0000008e9f100000)]
  0x00000196f8522000 JavaThread "http-nio-8080-exec-9" daemon [_thread_blocked, id=174444, stack(0x0000008e9f100000,0x0000008e9f200000)]
  0x00000196f851c000 JavaThread "http-nio-8080-exec-10" daemon [_thread_blocked, id=143664, stack(0x0000008e9f200000,0x0000008e9f300000)]
  0x00000196f8527000 JavaThread "http-nio-8080-ClientPoller" daemon [_thread_in_native, id=175020, stack(0x0000008e9f300000,0x0000008e9f400000)]
  0x00000196f8525000 JavaThread "http-nio-8080-Acceptor" daemon [_thread_in_native, id=161488, stack(0x0000008e9f400000,0x0000008e9f500000)]
  0x00000196f8524800 JavaThread "DestroyJavaVM" [_thread_blocked, id=171596, stack(0x0000008e99600000,0x0000008e99700000)]
  0x00000196f8526000 JavaThread "RMI TCP Connection(idle)" daemon [_thread_blocked, id=141648, stack(0x0000008e9ae00000,0x0000008e9af00000)]
  0x00000196f8527800 JavaThread "RMI TCP Connection(idle)" daemon [_thread_blocked, id=167972, stack(0x0000008e9af00000,0x0000008e9b000000)]
  0x00000196f8523800 JavaThread "elasticsearch[_client_][generic][T#2]" daemon [_thread_blocked, id=173364, stack(0x0000008e9f600000,0x0000008e9f700000)]
  0x00000196f85c2800 JavaThread "elasticsearch[_client_][generic][T#3]" daemon [_thread_blocked, id=170848, stack(0x0000008e9f700000,0x0000008e9f800000)]
  0x00000196f85c6000 JavaThread "elasticsearch[_client_][generic][T#4]" daemon [_thread_blocked, id=172696, stack(0x0000008e9f800000,0x0000008e9f900000)]
  0x00000196f85c5000 JavaThread "lettuce-nioEventLoop-4-1" daemon [_thread_in_native, id=171056, stack(0x0000008e9f900000,0x0000008e9fa00000)]
  0x00000196f85c2000 JavaThread "lettuce-eventExecutorLoop-2-2" daemon [_thread_blocked, id=173736, stack(0x0000008e9fa00000,0x0000008e9fb00000)]
  0x00000196f85c4800 JavaThread "Thread-10" daemon [_thread_blocked, id=162108, stack(0x0000008e9fb00000,0x0000008e9fc00000)]
  0x00000196f85c3800 JavaThread "SimplePauseDetectorThread_0" daemon [_thread_blocked, id=167052, stack(0x0000008e9fc00000,0x0000008e9fd00000)]
  0x00000196f85cc800 JavaThread "SimplePauseDetectorThread_1" daemon [_thread_blocked, id=168672, stack(0x0000008e9fd00000,0x0000008e9fe00000)]
  0x00000196f85cb800 JavaThread "SimplePauseDetectorThread_2" daemon [_thread_blocked, id=171316, stack(0x0000008e9fe00000,0x0000008e9ff00000)]
  0x00000196f85ca000 JavaThread "lettuce-eventExecutorLoop-2-3" daemon [_thread_blocked, id=171876, stack(0x0000008e9ff00000,0x0000008ea0000000)]
  0x00000196f85c8800 JavaThread "lettuce-eventExecutorLoop-2-4" daemon [_thread_blocked, id=167724, stack(0x0000008ea0000000,0x0000008ea0100000)]
  0x00000196f85c7000 JavaThread "logback-2" daemon [_thread_blocked, id=171948, stack(0x0000008e9f500000,0x0000008e9f600000)]
  0x00000196f85c7800 JavaThread "logback-3" daemon [_thread_blocked, id=173332, stack(0x0000008e9d800000,0x0000008e9d900000)]
  0x00000196f85cb000 JavaThread "logback-4" daemon [_thread_blocked, id=174876, stack(0x0000008ea0300000,0x0000008ea0400000)]
  0x00000196f85cd800 JavaThread "logback-5" daemon [_thread_blocked, id=162792, stack(0x0000008ea0400000,0x0000008ea0500000)]
  0x00000196f85ce000 JavaThread "logback-6" daemon [_thread_blocked, id=166316, stack(0x0000008ea0600000,0x0000008ea0700000)]
  0x00000196f85cf000 JavaThread "logback-7" daemon [_thread_blocked, id=166416, stack(0x0000008e99400000,0x0000008e99500000)]

Other Threads:
=>0x00000196ee5c3800 VMThread "VM Thread" [stack: 0x0000008e99c00000,0x0000008e99d00000] [id=174652] _threads_hazard_ptr=0x00000196f7e7e180
  0x00000196ef7c6000 WatcherThread [stack: 0x0000008e9a700000,0x0000008e9a800000] [id=174956]
  0x00000196cf334800 GCTaskThread "GC Thread#0" [stack: 0x0000008e99700000,0x0000008e99800000] [id=170652]
  0x00000196ef893000 GCTaskThread "GC Thread#1" [stack: 0x0000008e9a800000,0x0000008e9a900000] [id=137852]
  0x00000196ef898800 GCTaskThread "GC Thread#2" [stack: 0x0000008e9a900000,0x0000008e9aa00000] [id=174728]
  0x00000196ef899800 GCTaskThread "GC Thread#3" [stack: 0x0000008e9aa00000,0x0000008e9ab00000] [id=172180]
  0x00000196ef89a000 GCTaskThread "GC Thread#4" [stack: 0x0000008e9ab00000,0x0000008e9ac00000] [id=164132]
  0x00000196ef89b000 GCTaskThread "GC Thread#5" [stack: 0x0000008e9ac00000,0x0000008e9ad00000] [id=162240]
  0x00000196cf390800 ConcurrentGCThread "G1 Main Marker" [stack: 0x0000008e99800000,0x0000008e99900000] [id=168436]
  0x00000196cf391800 ConcurrentGCThread "G1 Conc#0" [stack: 0x0000008e99900000,0x0000008e99a00000] [id=174472]
  0x00000196f02ef000 ConcurrentGCThread "G1 Conc#1" [stack: 0x0000008e9b400000,0x0000008e9b500000] [id=157224]
  0x00000196ee4d0000 ConcurrentGCThread "G1 Refine#0" [stack: 0x0000008e99a00000,0x0000008e99b00000] [id=173888]
  0x00000196ef1ad000 ConcurrentGCThread "G1 Refine#1" [stack: 0x0000008e9ad00000,0x0000008e9ae00000] [id=174584]
  0x00000196f0317000 ConcurrentGCThread "G1 Refine#2" [stack: 0x0000008ea0500000,0x0000008ea0600000] [id=175064]
  0x00000196ee4d1000 ConcurrentGCThread "G1 Young RemSet Sampling" [stack: 0x0000008e99b00000,0x0000008e99c00000] [id=172092]

Threads with active compile tasks:

VM state:at safepoint (normal execution)

VM Mutex/Monitor currently owned by a thread:  ([mutex/lock_event])
[0x00000196cf318500] Threads_lock - owner thread: 0x00000196ee5c3800

Heap address: 0x0000000700c00000, size: 4084 MB, Compressed Oops mode: Zero based, Oop shift amount: 3
Narrow klass base: 0x0000000800000000, Narrow klass shift: 3
Compressed class space size: 1073741824 Address: 0x0000000840000000

Heap:
 garbage-first heap   total 315392K, used 65361K [0x0000000700c00000, 0x0000000800000000)
  region size 1024K, 37 young (37888K), 22 survivors (22528K)
 Metaspace       used 83502K, capacity 87087K, committed 87344K, reserved 1124352K
  class space    used 11306K, capacity 12849K, committed 12928K, reserved 1048576K
Heap Regions: E=young(eden), S=young(survivor), O=old, HS=humongous(starts), HC=humongous(continues), CS=collection set, F=free, A=archive, TAMS=top-at-mark-start (previous, next)
|   0|0x0000000700c00000, 0x0000000700d00000, 0x0000000700d00000|100%|HS|  |TAMS 0x0000000700d00000, 0x0000000700c00000| Complete 
|   1|0x0000000700d00000, 0x0000000700e00000, 0x0000000700e00000|100%| O|  |TAMS 0x0000000700e00000, 0x0000000700d00000| Untracked 
|   2|0x0000000700e00000, 0x0000000700f00000, 0x0000000700f00000|100%| O|  |TAMS 0x0000000700f00000, 0x0000000700e00000| Untracked 
|   3|0x0000000700f00000, 0x0000000701000000, 0x0000000701000000|100%| O|  |TAMS 0x0000000701000000, 0x0000000700f00000| Untracked 
|   4|0x0000000701000000, 0x0000000701100000, 0x0000000701100000|100%| O|  |TAMS 0x0000000701100000, 0x0000000701000000| Untracked 
|   5|0x0000000701100000, 0x0000000701200000, 0x0000000701200000|100%| O|  |TAMS 0x0000000701200000, 0x0000000701100000| Untracked 
|   6|0x0000000701200000, 0x0000000701300000, 0x0000000701300000|100%| O|  |TAMS 0x0000000701300000, 0x0000000701200000| Untracked 
|   7|0x0000000701300000, 0x0000000701400000, 0x0000000701400000|100%| O|  |TAMS 0x0000000701400000, 0x0000000701300000| Untracked 
|   8|0x0000000701400000, 0x0000000701500000, 0x0000000701500000|100%| O|  |TAMS 0x0000000701500000, 0x0000000701400000| Untracked 
|   9|0x0000000701500000, 0x0000000701600000, 0x0000000701600000|100%| O|  |TAMS 0x0000000701600000, 0x0000000701500000| Untracked 
|  10|0x0000000701600000, 0x0000000701700000, 0x0000000701700000|100%| O|  |TAMS 0x0000000701700000, 0x0000000701600000| Untracked 
|  11|0x0000000701700000, 0x0000000701800000, 0x0000000701800000|100%| O|  |TAMS 0x0000000701800000, 0x0000000701700000| Untracked 
|  12|0x0000000701800000, 0x0000000701900000, 0x0000000701900000|100%| O|  |TAMS 0x0000000701900000, 0x0000000701800000| Untracked 
|  13|0x0000000701900000, 0x0000000701a00000, 0x0000000701a00000|100%| O|  |TAMS 0x0000000701a00000, 0x0000000701900000| Untracked 
|  14|0x0000000701a00000, 0x0000000701b00000, 0x0000000701b00000|100%| O|  |TAMS 0x0000000701b00000, 0x0000000701a00000| Untracked 
|  15|0x0000000701b00000, 0x0000000701c00000, 0x0000000701c00000|100%| O|  |TAMS 0x0000000701c00000, 0x0000000701b00000| Untracked 
|  16|0x0000000701c00000, 0x0000000701d00000, 0x0000000701d00000|100%| O|  |TAMS 0x0000000701d00000, 0x0000000701c00000| Untracked 
|  17|0x0000000701d00000, 0x0000000701e00000, 0x0000000701e00000|100%| O|  |TAMS 0x0000000701e00000, 0x0000000701d00000| Untracked 
|  18|0x0000000701e00000, 0x0000000701f00000, 0x0000000701f00000|100%| O|  |TAMS 0x0000000701f00000, 0x0000000701e00000| Untracked 
|  19|0x0000000701f00000, 0x0000000702000000, 0x0000000702000000|100%| O|  |TAMS 0x0000000702000000, 0x0000000701f00000| Untracked 
|  20|0x0000000702000000, 0x0000000702100000, 0x0000000702100000|100%| O|  |TAMS 0x0000000702100000, 0x0000000702000000| Untracked 
|  21|0x0000000702100000, 0x0000000702200000, 0x0000000702200000|100%| O|  |TAMS 0x00000007021a2400, 0x0000000702100000| Untracked 
|  22|0x0000000702200000, 0x0000000702300000, 0x0000000702300000|100%| O|  |TAMS 0x0000000702200000, 0x0000000702200000| Untracked 
|  23|0x0000000702300000, 0x0000000702400000, 0x0000000702400000|100%| O|  |TAMS 0x0000000702300000, 0x0000000702300000| Untracked 
|  24|0x0000000702400000, 0x0000000702500000, 0x0000000702500000|100%| O|  |TAMS 0x0000000702400000, 0x0000000702400000| Untracked 
|  25|0x0000000702500000, 0x0000000702600000, 0x0000000702600000|100%| O|  |TAMS 0x0000000702500000, 0x0000000702500000| Untracked 
|  26|0x0000000702600000, 0x0000000702700000, 0x0000000702700000|100%| O|  |TAMS 0x0000000702600000, 0x0000000702600000| Untracked 
|  27|0x0000000702700000, 0x00000007027d4400, 0x0000000702800000| 82%| O|  |TAMS 0x0000000702700000, 0x0000000702700000| Untracked 
|  28|0x0000000702800000, 0x0000000702800000, 0x0000000702900000|  0%| F|  |TAMS 0x0000000702800000, 0x0000000702800000| Untracked 
|  29|0x0000000702900000, 0x0000000702900000, 0x0000000702a00000|  0%| F|  |TAMS 0x0000000702900000, 0x0000000702900000| Untracked 
|  30|0x0000000702a00000, 0x0000000702a00000, 0x0000000702b00000|  0%| F|  |TAMS 0x0000000702a00000, 0x0000000702a00000| Untracked 
|  31|0x0000000702b00000, 0x0000000702b00000, 0x0000000702c00000|  0%| F|  |TAMS 0x0000000702b00000, 0x0000000702b00000| Untracked 
|  32|0x0000000702c00000, 0x0000000702c00000, 0x0000000702d00000|  0%| F|  |TAMS 0x0000000702c00000, 0x0000000702c00000| Untracked 
|  33|0x0000000702d00000, 0x0000000702d00000, 0x0000000702e00000|  0%| F|  |TAMS 0x0000000702d00000, 0x0000000702d00000| Untracked 
|  34|0x0000000702e00000, 0x0000000702e00000, 0x0000000702f00000|  0%| F|  |TAMS 0x0000000702e00000, 0x0000000702e00000| Untracked 
|  35|0x0000000702f00000, 0x0000000702f00000, 0x0000000703000000|  0%| F|  |TAMS 0x0000000702f00000, 0x0000000702f00000| Untracked 
|  36|0x0000000703000000, 0x0000000703000000, 0x0000000703100000|  0%| F|  |TAMS 0x0000000703000000, 0x0000000703000000| Untracked 
|  37|0x0000000703100000, 0x0000000703100000, 0x0000000703200000|  0%| F|  |TAMS 0x0000000703100000, 0x0000000703100000| Untracked 
|  38|0x0000000703200000, 0x0000000703200000, 0x0000000703300000|  0%| F|  |TAMS 0x0000000703200000, 0x0000000703200000| Untracked 
|  39|0x0000000703300000, 0x0000000703300000, 0x0000000703400000|  0%| F|  |TAMS 0x0000000703300000, 0x0000000703300000| Untracked 
|  40|0x0000000703400000, 0x0000000703400000, 0x0000000703500000|  0%| F|  |TAMS 0x0000000703400000, 0x0000000703400000| Untracked 
|  41|0x0000000703500000, 0x0000000703500000, 0x0000000703600000|  0%| F|  |TAMS 0x0000000703500000, 0x0000000703500000| Untracked 
|  42|0x0000000703600000, 0x0000000703600000, 0x0000000703700000|  0%| F|  |TAMS 0x0000000703600000, 0x0000000703600000| Untracked 
|  43|0x0000000703700000, 0x0000000703700000, 0x0000000703800000|  0%| F|  |TAMS 0x0000000703700000, 0x0000000703700000| Untracked 
|  44|0x0000000703800000, 0x0000000703800000, 0x0000000703900000|  0%| F|  |TAMS 0x0000000703800000, 0x0000000703800000| Untracked 
|  45|0x0000000703900000, 0x0000000703900000, 0x0000000703a00000|  0%| F|  |TAMS 0x0000000703900000, 0x0000000703900000| Untracked 
|  46|0x0000000703a00000, 0x0000000703a00000, 0x0000000703b00000|  0%| F|  |TAMS 0x0000000703a00000, 0x0000000703a00000| Untracked 
|  47|0x0000000703b00000, 0x0000000703b00000, 0x0000000703c00000|  0%| F|  |TAMS 0x0000000703b00000, 0x0000000703b00000| Untracked 
|  48|0x0000000703c00000, 0x0000000703c00000, 0x0000000703d00000|  0%| F|  |TAMS 0x0000000703c00000, 0x0000000703c00000| Untracked 
|  49|0x0000000703d00000, 0x0000000703d00000, 0x0000000703e00000|  0%| F|  |TAMS 0x0000000703d00000, 0x0000000703d00000| Untracked 
|  50|0x0000000703e00000, 0x0000000703e00000, 0x0000000703f00000|  0%| F|  |TAMS 0x0000000703e00000, 0x0000000703e00000| Untracked 
|  51|0x0000000703f00000, 0x0000000703f00000, 0x0000000704000000|  0%| F|  |TAMS 0x0000000703f00000, 0x0000000703f00000| Untracked 
|  52|0x0000000704000000, 0x0000000704000000, 0x0000000704100000|  0%| F|  |TAMS 0x0000000704000000, 0x0000000704000000| Untracked 
|  53|0x0000000704100000, 0x0000000704100000, 0x0000000704200000|  0%| F|  |TAMS 0x0000000704100000, 0x0000000704100000| Untracked 
|  54|0x0000000704200000, 0x0000000704200000, 0x0000000704300000|  0%| F|  |TAMS 0x0000000704200000, 0x0000000704200000| Untracked 
|  55|0x0000000704300000, 0x0000000704300000, 0x0000000704400000|  0%| F|  |TAMS 0x0000000704300000, 0x0000000704300000| Untracked 
|  56|0x0000000704400000, 0x0000000704400000, 0x0000000704500000|  0%| F|  |TAMS 0x0000000704400000, 0x0000000704400000| Untracked 
|  57|0x0000000704500000, 0x0000000704500000, 0x0000000704600000|  0%| F|  |TAMS 0x0000000704500000, 0x0000000704500000| Untracked 
|  58|0x0000000704600000, 0x0000000704600000, 0x0000000704700000|  0%| F|  |TAMS 0x0000000704600000, 0x0000000704600000| Untracked 
|  59|0x0000000704700000, 0x0000000704700000, 0x0000000704800000|  0%| F|  |TAMS 0x0000000704700000, 0x0000000704700000| Untracked 
|  60|0x0000000704800000, 0x0000000704800000, 0x0000000704900000|  0%| F|  |TAMS 0x0000000704800000, 0x0000000704800000| Untracked 
|  61|0x0000000704900000, 0x0000000704900000, 0x0000000704a00000|  0%| F|  |TAMS 0x0000000704900000, 0x0000000704900000| Untracked 
|  62|0x0000000704a00000, 0x0000000704a00000, 0x0000000704b00000|  0%| F|  |TAMS 0x0000000704a00000, 0x0000000704a00000| Untracked 
|  63|0x0000000704b00000, 0x0000000704b00000, 0x0000000704c00000|  0%| F|  |TAMS 0x0000000704b00000, 0x0000000704b00000| Untracked 
|  64|0x0000000704c00000, 0x0000000704c00000, 0x0000000704d00000|  0%| F|  |TAMS 0x0000000704c00000, 0x0000000704c00000| Untracked 
|  65|0x0000000704d00000, 0x0000000704d00000, 0x0000000704e00000|  0%| F|  |TAMS 0x0000000704d00000, 0x0000000704d00000| Untracked 
|  66|0x0000000704e00000, 0x0000000704e00000, 0x0000000704f00000|  0%| F|  |TAMS 0x0000000704e00000, 0x0000000704e00000| Untracked 
|  67|0x0000000704f00000, 0x0000000704f00000, 0x0000000705000000|  0%| F|  |TAMS 0x0000000704f00000, 0x0000000704f00000| Untracked 
|  68|0x0000000705000000, 0x0000000705000000, 0x0000000705100000|  0%| F|  |TAMS 0x0000000705000000, 0x0000000705000000| Untracked 
|  69|0x0000000705100000, 0x0000000705100000, 0x0000000705200000|  0%| F|  |TAMS 0x0000000705100000, 0x0000000705100000| Untracked 
|  70|0x0000000705200000, 0x0000000705200000, 0x0000000705300000|  0%| F|  |TAMS 0x0000000705200000, 0x0000000705200000| Untracked 
|  71|0x0000000705300000, 0x0000000705300000, 0x0000000705400000|  0%| F|  |TAMS 0x0000000705300000, 0x0000000705300000| Untracked 
|  72|0x0000000705400000, 0x0000000705400000, 0x0000000705500000|  0%| F|  |TAMS 0x0000000705400000, 0x0000000705400000| Untracked 
|  73|0x0000000705500000, 0x0000000705500000, 0x0000000705600000|  0%| F|  |TAMS 0x0000000705500000, 0x0000000705500000| Untracked 
|  74|0x0000000705600000, 0x0000000705600000, 0x0000000705700000|  0%| F|  |TAMS 0x0000000705600000, 0x0000000705600000| Untracked 
|  75|0x0000000705700000, 0x0000000705700000, 0x0000000705800000|  0%| F|  |TAMS 0x0000000705700000, 0x0000000705700000| Untracked 
|  76|0x0000000705800000, 0x0000000705800000, 0x0000000705900000|  0%| F|  |TAMS 0x0000000705800000, 0x0000000705800000| Untracked 
|  77|0x0000000705900000, 0x0000000705900000, 0x0000000705a00000|  0%| F|  |TAMS 0x0000000705900000, 0x0000000705900000| Untracked 
|  78|0x0000000705a00000, 0x0000000705a00000, 0x0000000705b00000|  0%| F|  |TAMS 0x0000000705a00000, 0x0000000705a00000| Untracked 
|  79|0x0000000705b00000, 0x0000000705b00000, 0x0000000705c00000|  0%| F|  |TAMS 0x0000000705b00000, 0x0000000705b00000| Untracked 
|  80|0x0000000705c00000, 0x0000000705c00000, 0x0000000705d00000|  0%| F|  |TAMS 0x0000000705c00000, 0x0000000705c00000| Untracked 
|  81|0x0000000705d00000, 0x0000000705d00000, 0x0000000705e00000|  0%| F|  |TAMS 0x0000000705d00000, 0x0000000705d00000| Untracked 
|  82|0x0000000705e00000, 0x0000000705e00000, 0x0000000705f00000|  0%| F|  |TAMS 0x0000000705e00000, 0x0000000705e00000| Untracked 
|  83|0x0000000705f00000, 0x0000000705f00000, 0x0000000706000000|  0%| F|  |TAMS 0x0000000705f00000, 0x0000000705f00000| Untracked 
|  84|0x0000000706000000, 0x0000000706000000, 0x0000000706100000|  0%| F|  |TAMS 0x0000000706000000, 0x0000000706000000| Untracked 
|  85|0x0000000706100000, 0x0000000706100000, 0x0000000706200000|  0%| F|  |TAMS 0x0000000706100000, 0x0000000706100000| Untracked 
|  86|0x0000000706200000, 0x0000000706200000, 0x0000000706300000|  0%| F|  |TAMS 0x0000000706200000, 0x0000000706200000| Untracked 
|  87|0x0000000706300000, 0x0000000706300000, 0x0000000706400000|  0%| F|  |TAMS 0x0000000706300000, 0x0000000706300000| Untracked 
|  88|0x0000000706400000, 0x0000000706400000, 0x0000000706500000|  0%| F|  |TAMS 0x0000000706400000, 0x0000000706400000| Untracked 
|  89|0x0000000706500000, 0x0000000706500000, 0x0000000706600000|  0%| F|  |TAMS 0x0000000706500000, 0x0000000706500000| Untracked 
|  90|0x0000000706600000, 0x0000000706600000, 0x0000000706700000|  0%| F|  |TAMS 0x0000000706600000, 0x0000000706600000| Untracked 
|  91|0x0000000706700000, 0x0000000706700000, 0x0000000706800000|  0%| F|  |TAMS 0x0000000706700000, 0x0000000706700000| Untracked 
|  92|0x0000000706800000, 0x0000000706800000, 0x0000000706900000|  0%| F|  |TAMS 0x0000000706800000, 0x0000000706800000| Untracked 
|  93|0x0000000706900000, 0x0000000706900000, 0x0000000706a00000|  0%| F|  |TAMS 0x0000000706900000, 0x0000000706900000| Untracked 
|  94|0x0000000706a00000, 0x0000000706a00000, 0x0000000706b00000|  0%| F|  |TAMS 0x0000000706a00000, 0x0000000706a00000| Untracked 
|  95|0x0000000706b00000, 0x0000000706b00000, 0x0000000706c00000|  0%| F|  |TAMS 0x0000000706b00000, 0x0000000706b00000| Untracked 
|  96|0x0000000706c00000, 0x0000000706c00000, 0x0000000706d00000|  0%| F|  |TAMS 0x0000000706c00000, 0x0000000706c00000| Untracked 
|  97|0x0000000706d00000, 0x0000000706d00000, 0x0000000706e00000|  0%| F|  |TAMS 0x0000000706d00000, 0x0000000706d00000| Untracked 
|  98|0x0000000706e00000, 0x0000000706e00000, 0x0000000706f00000|  0%| F|  |TAMS 0x0000000706e00000, 0x0000000706e00000| Untracked 
|  99|0x0000000706f00000, 0x0000000706f00000, 0x0000000707000000|  0%| F|  |TAMS 0x0000000706f00000, 0x0000000706f00000| Untracked 
| 100|0x0000000707000000, 0x0000000707000000, 0x0000000707100000|  0%| F|  |TAMS 0x0000000707000000, 0x0000000707000000| Untracked 
| 101|0x0000000707100000, 0x0000000707100000, 0x0000000707200000|  0%| F|  |TAMS 0x0000000707100000, 0x0000000707100000| Untracked 
| 102|0x0000000707200000, 0x0000000707300000, 0x0000000707300000|100%| S|CS|TAMS 0x0000000707200000, 0x0000000707200000| Complete 
| 103|0x0000000707300000, 0x0000000707400000, 0x0000000707400000|100%| S|CS|TAMS 0x0000000707300000, 0x0000000707300000| Complete 
| 104|0x0000000707400000, 0x0000000707500000, 0x0000000707500000|100%| S|CS|TAMS 0x0000000707400000, 0x0000000707400000| Complete 
| 105|0x0000000707500000, 0x0000000707600000, 0x0000000707600000|100%| S|CS|TAMS 0x0000000707500000, 0x0000000707500000| Complete 
| 106|0x0000000707600000, 0x0000000707700000, 0x0000000707700000|100%| S|CS|TAMS 0x0000000707600000, 0x0000000707600000| Complete 
| 107|0x0000000707700000, 0x0000000707700000, 0x0000000707800000|  0%| F|  |TAMS 0x0000000707700000, 0x0000000707700000| Untracked 
| 108|0x0000000707800000, 0x0000000707800000, 0x0000000707900000|  0%| F|  |TAMS 0x0000000707800000, 0x0000000707800000| Untracked 
| 109|0x0000000707900000, 0x0000000707900000, 0x0000000707a00000|  0%| F|  |TAMS 0x0000000707900000, 0x0000000707900000| Untracked 
| 110|0x0000000707a00000, 0x0000000707a00000, 0x0000000707b00000|  0%| F|  |TAMS 0x0000000707a00000, 0x0000000707a00000| Untracked 
| 111|0x0000000707b00000, 0x0000000707b00000, 0x0000000707c00000|  0%| F|  |TAMS 0x0000000707b00000, 0x0000000707b00000| Untracked 
| 112|0x0000000707c00000, 0x0000000707c00000, 0x0000000707d00000|  0%| F|  |TAMS 0x0000000707c00000, 0x0000000707c00000| Untracked 
| 113|0x0000000707d00000, 0x0000000707d00000, 0x0000000707e00000|  0%| F|  |TAMS 0x0000000707d00000, 0x0000000707d00000| Untracked 
| 114|0x0000000707e00000, 0x0000000707e00000, 0x0000000707f00000|  0%| F|  |TAMS 0x0000000707e00000, 0x0000000707e00000| Untracked 
| 115|0x0000000707f00000, 0x0000000707f00000, 0x0000000708000000|  0%| F|  |TAMS 0x0000000707f00000, 0x0000000707f00000| Untracked 
| 116|0x0000000708000000, 0x0000000708000000, 0x0000000708100000|  0%| F|  |TAMS 0x0000000708000000, 0x0000000708000000| Untracked 
| 117|0x0000000708100000, 0x0000000708100000, 0x0000000708200000|  0%| F|  |TAMS 0x0000000708100000, 0x0000000708100000| Untracked 
| 118|0x0000000708200000, 0x0000000708200000, 0x0000000708300000|  0%| F|  |TAMS 0x0000000708200000, 0x0000000708200000| Untracked 
| 119|0x0000000708300000, 0x0000000708300000, 0x0000000708400000|  0%| F|  |TAMS 0x0000000708300000, 0x0000000708300000| Untracked 
| 120|0x0000000708400000, 0x0000000708400000, 0x0000000708500000|  0%| F|  |TAMS 0x0000000708400000, 0x0000000708400000| Untracked 
| 121|0x0000000708500000, 0x0000000708500000, 0x0000000708600000|  0%| F|  |TAMS 0x0000000708500000, 0x0000000708500000| Untracked 
| 122|0x0000000708600000, 0x0000000708600000, 0x0000000708700000|  0%| F|  |TAMS 0x0000000708600000, 0x0000000708600000| Untracked 
| 123|0x0000000708700000, 0x0000000708700000, 0x0000000708800000|  0%| F|  |TAMS 0x0000000708700000, 0x0000000708700000| Untracked 
| 124|0x0000000708800000, 0x0000000708800000, 0x0000000708900000|  0%| F|  |TAMS 0x0000000708800000, 0x0000000708800000| Untracked 
| 125|0x0000000708900000, 0x0000000708900000, 0x0000000708a00000|  0%| F|  |TAMS 0x0000000708900000, 0x0000000708900000| Untracked 
| 126|0x0000000708a00000, 0x0000000708b00000, 0x0000000708b00000|100%| S|CS|TAMS 0x0000000708a00000, 0x0000000708a00000| Complete 
| 127|0x0000000708b00000, 0x0000000708c00000, 0x0000000708c00000|100%| S|CS|TAMS 0x0000000708b00000, 0x0000000708b00000| Complete 
| 128|0x0000000708c00000, 0x0000000708d00000, 0x0000000708d00000|100%| S|CS|TAMS 0x0000000708c00000, 0x0000000708c00000| Complete 
| 129|0x0000000708d00000, 0x0000000708e00000, 0x0000000708e00000|100%| S|CS|TAMS 0x0000000708d00000, 0x0000000708d00000| Complete 
| 130|0x0000000708e00000, 0x0000000708f00000, 0x0000000708f00000|100%| S|CS|TAMS 0x0000000708e00000, 0x0000000708e00000| Complete 
| 131|0x0000000708f00000, 0x0000000709000000, 0x0000000709000000|100%| S|CS|TAMS 0x0000000708f00000, 0x0000000708f00000| Complete 
| 132|0x0000000709000000, 0x0000000709100000, 0x0000000709100000|100%| S|CS|TAMS 0x0000000709000000, 0x0000000709000000| Complete 
| 133|0x0000000709100000, 0x0000000709200000, 0x0000000709200000|100%| S|CS|TAMS 0x0000000709100000, 0x0000000709100000| Complete 
| 134|0x0000000709200000, 0x0000000709300000, 0x0000000709300000|100%| S|CS|TAMS 0x0000000709200000, 0x0000000709200000| Complete 
| 135|0x0000000709300000, 0x0000000709400000, 0x0000000709400000|100%| S|CS|TAMS 0x0000000709300000, 0x0000000709300000| Complete 
| 136|0x0000000709400000, 0x0000000709500000, 0x0000000709500000|100%| S|CS|TAMS 0x0000000709400000, 0x0000000709400000| Complete 
| 137|0x0000000709500000, 0x0000000709600000, 0x0000000709600000|100%| S|CS|TAMS 0x0000000709500000, 0x0000000709500000| Complete 
| 138|0x0000000709600000, 0x0000000709700000, 0x0000000709700000|100%| S|CS|TAMS 0x0000000709600000, 0x0000000709600000| Complete 
| 139|0x0000000709700000, 0x0000000709800000, 0x0000000709800000|100%| S|CS|TAMS 0x0000000709700000, 0x0000000709700000| Complete 
| 140|0x0000000709800000, 0x0000000709900000, 0x0000000709900000|100%| S|CS|TAMS 0x0000000709800000, 0x0000000709800000| Complete 
| 141|0x0000000709900000, 0x0000000709a00000, 0x0000000709a00000|100%| S|CS|TAMS 0x0000000709900000, 0x0000000709900000| Complete 
| 142|0x0000000709a00000, 0x0000000709b00000, 0x0000000709b00000|100%| S|CS|TAMS 0x0000000709a00000, 0x0000000709a00000| Complete 
| 143|0x0000000709b00000, 0x0000000709b00000, 0x0000000709c00000|  0%| F|  |TAMS 0x0000000709b00000, 0x0000000709b00000| Untracked 
| 144|0x0000000709c00000, 0x0000000709c00000, 0x0000000709d00000|  0%| F|  |TAMS 0x0000000709c00000, 0x0000000709c00000| Untracked 
| 145|0x0000000709d00000, 0x0000000709d00000, 0x0000000709e00000|  0%| F|  |TAMS 0x0000000709d00000, 0x0000000709d00000| Untracked 
| 146|0x0000000709e00000, 0x0000000709e00000, 0x0000000709f00000|  0%| F|  |TAMS 0x0000000709e00000, 0x0000000709e00000| Untracked 
| 147|0x0000000709f00000, 0x0000000709f00000, 0x000000070a000000|  0%| F|  |TAMS 0x0000000709f00000, 0x0000000709f00000| Untracked 
| 148|0x000000070a000000, 0x000000070a000000, 0x000000070a100000|  0%| F|  |TAMS 0x000000070a000000, 0x000000070a000000| Untracked 
| 149|0x000000070a100000, 0x000000070a100000, 0x000000070a200000|  0%| F|  |TAMS 0x000000070a100000, 0x000000070a100000| Untracked 
| 150|0x000000070a200000, 0x000000070a200000, 0x000000070a300000|  0%| F|  |TAMS 0x000000070a200000, 0x000000070a200000| Untracked 
| 151|0x000000070a300000, 0x000000070a300000, 0x000000070a400000|  0%| F|  |TAMS 0x000000070a300000, 0x000000070a300000| Untracked 
| 152|0x000000070a400000, 0x000000070a400000, 0x000000070a500000|  0%| F|  |TAMS 0x000000070a400000, 0x000000070a400000| Untracked 
| 153|0x000000070a500000, 0x000000070a500000, 0x000000070a600000|  0%| F|  |TAMS 0x000000070a500000, 0x000000070a500000| Untracked 
| 154|0x000000070a600000, 0x000000070a600000, 0x000000070a700000|  0%| F|  |TAMS 0x000000070a600000, 0x000000070a600000| Untracked 
| 155|0x000000070a700000, 0x000000070a700000, 0x000000070a800000|  0%| F|  |TAMS 0x000000070a700000, 0x000000070a700000| Untracked 
| 156|0x000000070a800000, 0x000000070a800000, 0x000000070a900000|  0%| F|  |TAMS 0x000000070a800000, 0x000000070a800000| Untracked 
| 157|0x000000070a900000, 0x000000070a900000, 0x000000070aa00000|  0%| F|  |TAMS 0x000000070a900000, 0x000000070a900000| Untracked 
| 158|0x000000070aa00000, 0x000000070aa00000, 0x000000070ab00000|  0%| F|  |TAMS 0x000000070aa00000, 0x000000070aa00000| Untracked 
| 159|0x000000070ab00000, 0x000000070ab00000, 0x000000070ac00000|  0%| F|  |TAMS 0x000000070ab00000, 0x000000070ab00000| Untracked 
| 160|0x000000070ac00000, 0x000000070ac00000, 0x000000070ad00000|  0%| F|  |TAMS 0x000000070ac00000, 0x000000070ac00000| Untracked 
| 161|0x000000070ad00000, 0x000000070ad00000, 0x000000070ae00000|  0%| F|  |TAMS 0x000000070ad00000, 0x000000070ad00000| Untracked 
| 162|0x000000070ae00000, 0x000000070ae00000, 0x000000070af00000|  0%| F|  |TAMS 0x000000070ae00000, 0x000000070ae00000| Untracked 
| 163|0x000000070af00000, 0x000000070af00000, 0x000000070b000000|  0%| F|  |TAMS 0x000000070af00000, 0x000000070af00000| Untracked 
| 164|0x000000070b000000, 0x000000070b000000, 0x000000070b100000|  0%| F|  |TAMS 0x000000070b000000, 0x000000070b000000| Untracked 
| 165|0x000000070b100000, 0x000000070b100000, 0x000000070b200000|  0%| F|  |TAMS 0x000000070b100000, 0x000000070b100000| Untracked 
| 166|0x000000070b200000, 0x000000070b200000, 0x000000070b300000|  0%| F|  |TAMS 0x000000070b200000, 0x000000070b200000| Untracked 
| 167|0x000000070b300000, 0x000000070b300000, 0x000000070b400000|  0%| F|  |TAMS 0x000000070b300000, 0x000000070b300000| Untracked 
| 168|0x000000070b400000, 0x000000070b400000, 0x000000070b500000|  0%| F|  |TAMS 0x000000070b400000, 0x000000070b400000| Untracked 
| 169|0x000000070b500000, 0x000000070b500000, 0x000000070b600000|  0%| F|  |TAMS 0x000000070b500000, 0x000000070b500000| Untracked 
| 170|0x000000070b600000, 0x000000070b600000, 0x000000070b700000|  0%| F|  |TAMS 0x000000070b600000, 0x000000070b600000| Untracked 
| 171|0x000000070b700000, 0x000000070b700000, 0x000000070b800000|  0%| F|  |TAMS 0x000000070b700000, 0x000000070b700000| Untracked 
| 172|0x000000070b800000, 0x000000070b800000, 0x000000070b900000|  0%| F|  |TAMS 0x000000070b800000, 0x000000070b800000| Untracked 
| 173|0x000000070b900000, 0x000000070b900000, 0x000000070ba00000|  0%| F|  |TAMS 0x000000070b900000, 0x000000070b900000| Untracked 
| 174|0x000000070ba00000, 0x000000070ba00000, 0x000000070bb00000|  0%| F|  |TAMS 0x000000070ba00000, 0x000000070ba00000| Untracked 
| 175|0x000000070bb00000, 0x000000070bb00000, 0x000000070bc00000|  0%| F|  |TAMS 0x000000070bb00000, 0x000000070bb00000| Untracked 
| 176|0x000000070bc00000, 0x000000070bc00000, 0x000000070bd00000|  0%| F|  |TAMS 0x000000070bc00000, 0x000000070bc00000| Untracked 
| 177|0x000000070bd00000, 0x000000070bd00000, 0x000000070be00000|  0%| F|  |TAMS 0x000000070bd00000, 0x000000070bd00000| Untracked 
| 178|0x000000070be00000, 0x000000070be00000, 0x000000070bf00000|  0%| F|  |TAMS 0x000000070be00000, 0x000000070be00000| Untracked 
| 179|0x000000070bf00000, 0x000000070bf00000, 0x000000070c000000|  0%| F|  |TAMS 0x000000070bf00000, 0x000000070bf00000| Untracked 
| 180|0x000000070c000000, 0x000000070c000000, 0x000000070c100000|  0%| F|  |TAMS 0x000000070c000000, 0x000000070c000000| Untracked 
| 181|0x000000070c100000, 0x000000070c100000, 0x000000070c200000|  0%| F|  |TAMS 0x000000070c100000, 0x000000070c100000| Untracked 
| 182|0x000000070c200000, 0x000000070c200000, 0x000000070c300000|  0%| F|  |TAMS 0x000000070c200000, 0x000000070c200000| Untracked 
| 183|0x000000070c300000, 0x000000070c300000, 0x000000070c400000|  0%| F|  |TAMS 0x000000070c300000, 0x000000070c300000| Untracked 
| 184|0x000000070c400000, 0x000000070c400000, 0x000000070c500000|  0%| F|  |TAMS 0x000000070c400000, 0x000000070c400000| Untracked 
| 185|0x000000070c500000, 0x000000070c500000, 0x000000070c600000|  0%| F|  |TAMS 0x000000070c500000, 0x000000070c500000| Untracked 
| 186|0x000000070c600000, 0x000000070c600000, 0x000000070c700000|  0%| F|  |TAMS 0x000000070c600000, 0x000000070c600000| Untracked 
| 187|0x000000070c700000, 0x000000070c700000, 0x000000070c800000|  0%| F|  |TAMS 0x000000070c700000, 0x000000070c700000| Untracked 
| 188|0x000000070c800000, 0x000000070c800000, 0x000000070c900000|  0%| F|  |TAMS 0x000000070c800000, 0x000000070c800000| Untracked 
| 189|0x000000070c900000, 0x000000070c900000, 0x000000070ca00000|  0%| F|  |TAMS 0x000000070c900000, 0x000000070c900000| Untracked 
| 190|0x000000070ca00000, 0x000000070ca00000, 0x000000070cb00000|  0%| F|  |TAMS 0x000000070ca00000, 0x000000070ca00000| Untracked 
| 191|0x000000070cb00000, 0x000000070cb00000, 0x000000070cc00000|  0%| F|  |TAMS 0x000000070cb00000, 0x000000070cb00000| Untracked 
| 192|0x000000070cc00000, 0x000000070cc00000, 0x000000070cd00000|  0%| F|  |TAMS 0x000000070cc00000, 0x000000070cc00000| Untracked 
| 193|0x000000070cd00000, 0x000000070cd00000, 0x000000070ce00000|  0%| F|  |TAMS 0x000000070cd00000, 0x000000070cd00000| Untracked 
| 194|0x000000070ce00000, 0x000000070ce00000, 0x000000070cf00000|  0%| F|  |TAMS 0x000000070ce00000, 0x000000070ce00000| Untracked 
| 195|0x000000070cf00000, 0x000000070cf00000, 0x000000070d000000|  0%| F|  |TAMS 0x000000070cf00000, 0x000000070cf00000| Untracked 
| 196|0x000000070d000000, 0x000000070d000000, 0x000000070d100000|  0%| F|  |TAMS 0x000000070d000000, 0x000000070d000000| Untracked 
| 197|0x000000070d100000, 0x000000070d100000, 0x000000070d200000|  0%| F|  |TAMS 0x000000070d100000, 0x000000070d100000| Untracked 
| 198|0x000000070d200000, 0x000000070d200000, 0x000000070d300000|  0%| F|  |TAMS 0x000000070d200000, 0x000000070d200000| Untracked 
| 199|0x000000070d300000, 0x000000070d300000, 0x000000070d400000|  0%| F|  |TAMS 0x000000070d300000, 0x000000070d300000| Untracked 
| 200|0x000000070d400000, 0x000000070d400000, 0x000000070d500000|  0%| F|  |TAMS 0x000000070d400000, 0x000000070d400000| Untracked 
| 201|0x000000070d500000, 0x000000070d500000, 0x000000070d600000|  0%| F|  |TAMS 0x000000070d500000, 0x000000070d500000| Untracked 
| 202|0x000000070d600000, 0x000000070d600000, 0x000000070d700000|  0%| F|  |TAMS 0x000000070d600000, 0x000000070d600000| Untracked 
| 203|0x000000070d700000, 0x000000070d700000, 0x000000070d800000|  0%| F|  |TAMS 0x000000070d700000, 0x000000070d700000| Untracked 
| 204|0x000000070d800000, 0x000000070d800000, 0x000000070d900000|  0%| F|  |TAMS 0x000000070d800000, 0x000000070d800000| Untracked 
| 205|0x000000070d900000, 0x000000070d900000, 0x000000070da00000|  0%| F|  |TAMS 0x000000070d900000, 0x000000070d900000| Untracked 
| 206|0x000000070da00000, 0x000000070da00000, 0x000000070db00000|  0%| F|  |TAMS 0x000000070da00000, 0x000000070da00000| Untracked 
| 207|0x000000070db00000, 0x000000070db00000, 0x000000070dc00000|  0%| F|  |TAMS 0x000000070db00000, 0x000000070db00000| Untracked 
| 208|0x000000070dc00000, 0x000000070dc00000, 0x000000070dd00000|  0%| F|  |TAMS 0x000000070dc00000, 0x000000070dc00000| Untracked 
| 209|0x000000070dd00000, 0x000000070dd00000, 0x000000070de00000|  0%| F|  |TAMS 0x000000070dd00000, 0x000000070dd00000| Untracked 
| 210|0x000000070de00000, 0x000000070de00000, 0x000000070df00000|  0%| F|  |TAMS 0x000000070de00000, 0x000000070de00000| Untracked 
| 211|0x000000070df00000, 0x000000070df00000, 0x000000070e000000|  0%| F|  |TAMS 0x000000070df00000, 0x000000070df00000| Untracked 
| 212|0x000000070e000000, 0x000000070e000000, 0x000000070e100000|  0%| F|  |TAMS 0x000000070e000000, 0x000000070e000000| Untracked 
| 213|0x000000070e100000, 0x000000070e100000, 0x000000070e200000|  0%| F|  |TAMS 0x000000070e100000, 0x000000070e100000| Untracked 
| 214|0x000000070e200000, 0x000000070e200000, 0x000000070e300000|  0%| F|  |TAMS 0x000000070e200000, 0x000000070e200000| Untracked 
| 215|0x000000070e300000, 0x000000070e300000, 0x000000070e400000|  0%| F|  |TAMS 0x000000070e300000, 0x000000070e300000| Untracked 
| 216|0x000000070e400000, 0x000000070e400000, 0x000000070e500000|  0%| F|  |TAMS 0x000000070e400000, 0x000000070e400000| Untracked 
| 217|0x000000070e500000, 0x000000070e500000, 0x000000070e600000|  0%| F|  |TAMS 0x000000070e500000, 0x000000070e500000| Untracked 
| 218|0x000000070e600000, 0x000000070e600000, 0x000000070e700000|  0%| F|  |TAMS 0x000000070e600000, 0x000000070e600000| Untracked 
| 219|0x000000070e700000, 0x000000070e700000, 0x000000070e800000|  0%| F|  |TAMS 0x000000070e700000, 0x000000070e700000| Untracked 
| 220|0x000000070e800000, 0x000000070e800000, 0x000000070e900000|  0%| F|  |TAMS 0x000000070e800000, 0x000000070e800000| Untracked 
| 221|0x000000070e900000, 0x000000070e900000, 0x000000070ea00000|  0%| F|  |TAMS 0x000000070e900000, 0x000000070e900000| Untracked 
| 222|0x000000070ea00000, 0x000000070ea00000, 0x000000070eb00000|  0%| F|  |TAMS 0x000000070ea00000, 0x000000070ea00000| Untracked 
| 223|0x000000070eb00000, 0x000000070eb00000, 0x000000070ec00000|  0%| F|  |TAMS 0x000000070eb00000, 0x000000070eb00000| Untracked 
| 224|0x000000070ec00000, 0x000000070ec00000, 0x000000070ed00000|  0%| F|  |TAMS 0x000000070ec00000, 0x000000070ec00000| Untracked 
| 225|0x000000070ed00000, 0x000000070ed00000, 0x000000070ee00000|  0%| F|  |TAMS 0x000000070ed00000, 0x000000070ed00000| Untracked 
| 226|0x000000070ee00000, 0x000000070ee00000, 0x000000070ef00000|  0%| F|  |TAMS 0x000000070ee00000, 0x000000070ee00000| Untracked 
| 227|0x000000070ef00000, 0x000000070ef00000, 0x000000070f000000|  0%| F|  |TAMS 0x000000070ef00000, 0x000000070ef00000| Untracked 
| 228|0x000000070f000000, 0x000000070f000000, 0x000000070f100000|  0%| F|  |TAMS 0x000000070f000000, 0x000000070f000000| Untracked 
| 229|0x000000070f100000, 0x000000070f100000, 0x000000070f200000|  0%| F|  |TAMS 0x000000070f100000, 0x000000070f100000| Untracked 
| 230|0x000000070f200000, 0x000000070f200000, 0x000000070f300000|  0%| F|  |TAMS 0x000000070f200000, 0x000000070f200000| Untracked 
| 231|0x000000070f300000, 0x000000070f300000, 0x000000070f400000|  0%| F|  |TAMS 0x000000070f300000, 0x000000070f300000| Untracked 
| 232|0x000000070f400000, 0x000000070f400000, 0x000000070f500000|  0%| F|  |TAMS 0x000000070f400000, 0x000000070f400000| Untracked 
| 233|0x000000070f500000, 0x000000070f500000, 0x000000070f600000|  0%| F|  |TAMS 0x000000070f500000, 0x000000070f500000| Untracked 
| 234|0x000000070f600000, 0x000000070f600000, 0x000000070f700000|  0%| F|  |TAMS 0x000000070f600000, 0x000000070f600000| Untracked 
| 235|0x000000070f700000, 0x000000070f700000, 0x000000070f800000|  0%| F|  |TAMS 0x000000070f700000, 0x000000070f700000| Untracked 
| 236|0x000000070f800000, 0x000000070f800000, 0x000000070f900000|  0%| F|  |TAMS 0x000000070f800000, 0x000000070f800000| Untracked 
| 237|0x000000070f900000, 0x000000070f900000, 0x000000070fa00000|  0%| F|  |TAMS 0x000000070f900000, 0x000000070f900000| Untracked 
| 238|0x000000070fa00000, 0x000000070fa00000, 0x000000070fb00000|  0%| F|  |TAMS 0x000000070fa00000, 0x000000070fa00000| Untracked 
| 239|0x000000070fb00000, 0x000000070fb00000, 0x000000070fc00000|  0%| F|  |TAMS 0x000000070fb00000, 0x000000070fb00000| Untracked 
| 240|0x000000070fc00000, 0x000000070fc00000, 0x000000070fd00000|  0%| F|  |TAMS 0x000000070fc00000, 0x000000070fc00000| Untracked 
| 241|0x000000070fd00000, 0x000000070fd00000, 0x000000070fe00000|  0%| F|  |TAMS 0x000000070fd00000, 0x000000070fd00000| Untracked 
| 242|0x000000070fe00000, 0x000000070fe00000, 0x000000070ff00000|  0%| F|  |TAMS 0x000000070fe00000, 0x000000070fe00000| Untracked 
| 243|0x000000070ff00000, 0x000000070ff00000, 0x0000000710000000|  0%| F|  |TAMS 0x000000070ff00000, 0x000000070ff00000| Untracked 
| 244|0x0000000710000000, 0x0000000710000000, 0x0000000710100000|  0%| F|  |TAMS 0x0000000710000000, 0x0000000710000000| Untracked 
| 245|0x0000000710100000, 0x0000000710100000, 0x0000000710200000|  0%| F|  |TAMS 0x0000000710100000, 0x0000000710100000| Untracked 
| 246|0x0000000710200000, 0x0000000710200000, 0x0000000710300000|  0%| F|  |TAMS 0x0000000710200000, 0x0000000710200000| Untracked 
| 247|0x0000000710300000, 0x0000000710300000, 0x0000000710400000|  0%| F|  |TAMS 0x0000000710300000, 0x0000000710300000| Untracked 
| 248|0x0000000710400000, 0x0000000710400000, 0x0000000710500000|  0%| F|  |TAMS 0x0000000710400000, 0x0000000710400000| Untracked 
| 249|0x0000000710500000, 0x0000000710500000, 0x0000000710600000|  0%| F|  |TAMS 0x0000000710500000, 0x0000000710500000| Untracked 
| 250|0x0000000710600000, 0x0000000710600000, 0x0000000710700000|  0%| F|  |TAMS 0x0000000710600000, 0x0000000710600000| Untracked 
| 251|0x0000000710700000, 0x0000000710700000, 0x0000000710800000|  0%| F|  |TAMS 0x0000000710700000, 0x0000000710700000| Untracked 
| 252|0x0000000710800000, 0x0000000710800000, 0x0000000710900000|  0%| F|  |TAMS 0x0000000710800000, 0x0000000710800000| Untracked 
| 253|0x0000000710900000, 0x0000000710900000, 0x0000000710a00000|  0%| F|  |TAMS 0x0000000710900000, 0x0000000710900000| Untracked 
| 254|0x0000000710a00000, 0x0000000710a00000, 0x0000000710b00000|  0%| F|  |TAMS 0x0000000710a00000, 0x0000000710a00000| Untracked 
| 255|0x0000000710b00000, 0x0000000710b00000, 0x0000000710c00000|  0%| F|  |TAMS 0x0000000710b00000, 0x0000000710b00000| Untracked 
| 256|0x0000000710c00000, 0x0000000710c00000, 0x0000000710d00000|  0%| F|  |TAMS 0x0000000710c00000, 0x0000000710c00000| Untracked 
| 257|0x0000000710d00000, 0x0000000710d00000, 0x0000000710e00000|  0%| F|  |TAMS 0x0000000710d00000, 0x0000000710d00000| Untracked 
| 258|0x0000000710e00000, 0x0000000710e00000, 0x0000000710f00000|  0%| F|  |TAMS 0x0000000710e00000, 0x0000000710e00000| Untracked 
| 259|0x0000000710f00000, 0x0000000710f00000, 0x0000000711000000|  0%| F|  |TAMS 0x0000000710f00000, 0x0000000710f00000| Untracked 
| 260|0x0000000711000000, 0x0000000711000000, 0x0000000711100000|  0%| F|  |TAMS 0x0000000711000000, 0x0000000711000000| Untracked 
| 261|0x0000000711100000, 0x0000000711100000, 0x0000000711200000|  0%| F|  |TAMS 0x0000000711100000, 0x0000000711100000| Untracked 
| 262|0x0000000711200000, 0x0000000711200000, 0x0000000711300000|  0%| F|  |TAMS 0x0000000711200000, 0x0000000711200000| Untracked 
| 263|0x0000000711300000, 0x0000000711300000, 0x0000000711400000|  0%| F|  |TAMS 0x0000000711300000, 0x0000000711300000| Untracked 
| 264|0x0000000711400000, 0x0000000711400000, 0x0000000711500000|  0%| F|  |TAMS 0x0000000711400000, 0x0000000711400000| Untracked 
| 265|0x0000000711500000, 0x0000000711500000, 0x0000000711600000|  0%| F|  |TAMS 0x0000000711500000, 0x0000000711500000| Untracked 
| 266|0x0000000711600000, 0x0000000711600000, 0x0000000711700000|  0%| F|  |TAMS 0x0000000711600000, 0x0000000711600000| Untracked 
| 267|0x0000000711700000, 0x0000000711700000, 0x0000000711800000|  0%| F|  |TAMS 0x0000000711700000, 0x0000000711700000| Untracked 
| 268|0x0000000711800000, 0x0000000711800000, 0x0000000711900000|  0%| F|  |TAMS 0x0000000711800000, 0x0000000711800000| Untracked 
| 269|0x0000000711900000, 0x0000000711900000, 0x0000000711a00000|  0%| F|  |TAMS 0x0000000711900000, 0x0000000711900000| Untracked 
| 270|0x0000000711a00000, 0x0000000711a00000, 0x0000000711b00000|  0%| F|  |TAMS 0x0000000711a00000, 0x0000000711a00000| Untracked 
| 271|0x0000000711b00000, 0x0000000711b00000, 0x0000000711c00000|  0%| F|  |TAMS 0x0000000711b00000, 0x0000000711b00000| Untracked 
| 272|0x0000000711c00000, 0x0000000711c00000, 0x0000000711d00000|  0%| F|  |TAMS 0x0000000711c00000, 0x0000000711c00000| Untracked 
| 273|0x0000000711d00000, 0x0000000711d00000, 0x0000000711e00000|  0%| F|  |TAMS 0x0000000711d00000, 0x0000000711d00000| Untracked 
| 274|0x0000000711e00000, 0x0000000711e00000, 0x0000000711f00000|  0%| F|  |TAMS 0x0000000711e00000, 0x0000000711e00000| Untracked 
| 275|0x0000000711f00000, 0x0000000711f00000, 0x0000000712000000|  0%| F|  |TAMS 0x0000000711f00000, 0x0000000711f00000| Untracked 
| 276|0x0000000712000000, 0x0000000712000000, 0x0000000712100000|  0%| F|  |TAMS 0x0000000712000000, 0x0000000712000000| Untracked 
| 277|0x0000000712100000, 0x0000000712100000, 0x0000000712200000|  0%| F|  |TAMS 0x0000000712100000, 0x0000000712100000| Untracked 
| 278|0x0000000712200000, 0x0000000712200000, 0x0000000712300000|  0%| F|  |TAMS 0x0000000712200000, 0x0000000712200000| Untracked 
| 279|0x0000000712300000, 0x0000000712300000, 0x0000000712400000|  0%| F|  |TAMS 0x0000000712300000, 0x0000000712300000| Untracked 
| 280|0x0000000712400000, 0x0000000712400000, 0x0000000712500000|  0%| F|  |TAMS 0x0000000712400000, 0x0000000712400000| Untracked 
| 281|0x0000000712500000, 0x0000000712500000, 0x0000000712600000|  0%| F|  |TAMS 0x0000000712500000, 0x0000000712500000| Untracked 
| 282|0x0000000712600000, 0x0000000712600000, 0x0000000712700000|  0%| F|  |TAMS 0x0000000712600000, 0x0000000712600000| Untracked 
| 283|0x0000000712700000, 0x0000000712700000, 0x0000000712800000|  0%| F|  |TAMS 0x0000000712700000, 0x0000000712700000| Untracked 
| 284|0x0000000712800000, 0x0000000712800000, 0x0000000712900000|  0%| F|  |TAMS 0x0000000712800000, 0x0000000712800000| Untracked 
| 285|0x0000000712900000, 0x0000000712900000, 0x0000000712a00000|  0%| F|  |TAMS 0x0000000712900000, 0x0000000712900000| Untracked 
| 286|0x0000000712a00000, 0x0000000712a00000, 0x0000000712b00000|  0%| F|  |TAMS 0x0000000712a00000, 0x0000000712a00000| Untracked 
| 287|0x0000000712b00000, 0x0000000712b00000, 0x0000000712c00000|  0%| F|  |TAMS 0x0000000712b00000, 0x0000000712b00000| Untracked 
| 288|0x0000000712c00000, 0x0000000712c00000, 0x0000000712d00000|  0%| F|  |TAMS 0x0000000712c00000, 0x0000000712c00000| Untracked 
| 289|0x0000000712d00000, 0x0000000712d00000, 0x0000000712e00000|  0%| F|  |TAMS 0x0000000712d00000, 0x0000000712d00000| Untracked 
| 290|0x0000000712e00000, 0x0000000712e00000, 0x0000000712f00000|  0%| F|  |TAMS 0x0000000712e00000, 0x0000000712e00000| Untracked 
| 291|0x0000000712f00000, 0x0000000712f00000, 0x0000000713000000|  0%| F|  |TAMS 0x0000000712f00000, 0x0000000712f00000| Untracked 
| 292|0x0000000713000000, 0x0000000713000000, 0x0000000713100000|  0%| F|  |TAMS 0x0000000713000000, 0x0000000713000000| Untracked 
| 293|0x0000000713100000, 0x00000007131caf40, 0x0000000713200000| 79%| E|  |TAMS 0x0000000713100000, 0x0000000713100000| Complete 
| 294|0x0000000713200000, 0x0000000713300000, 0x0000000713300000|100%| E|CS|TAMS 0x0000000713200000, 0x0000000713200000| Complete 
| 295|0x0000000713300000, 0x0000000713400000, 0x0000000713400000|100%| E|CS|TAMS 0x0000000713300000, 0x0000000713300000| Complete 
| 296|0x0000000713400000, 0x0000000713500000, 0x0000000713500000|100%| E|CS|TAMS 0x0000000713400000, 0x0000000713400000| Complete 
| 297|0x0000000713500000, 0x0000000713600000, 0x0000000713600000|100%| E|CS|TAMS 0x0000000713500000, 0x0000000713500000| Complete 
| 298|0x0000000713600000, 0x0000000713700000, 0x0000000713700000|100%| E|CS|TAMS 0x0000000713600000, 0x0000000713600000| Complete 
| 299|0x0000000713700000, 0x0000000713800000, 0x0000000713800000|100%| E|CS|TAMS 0x0000000713700000, 0x0000000713700000| Complete 
| 300|0x0000000713800000, 0x0000000713900000, 0x0000000713900000|100%| E|CS|TAMS 0x0000000713800000, 0x0000000713800000| Complete 
| 301|0x0000000713900000, 0x0000000713a00000, 0x0000000713a00000|100%| E|CS|TAMS 0x0000000713900000, 0x0000000713900000| Complete 
| 302|0x0000000713a00000, 0x0000000713b00000, 0x0000000713b00000|100%| E|CS|TAMS 0x0000000713a00000, 0x0000000713a00000| Complete 
| 303|0x0000000713b00000, 0x0000000713c00000, 0x0000000713c00000|100%| E|CS|TAMS 0x0000000713b00000, 0x0000000713b00000| Complete 
| 304|0x0000000713c00000, 0x0000000713d00000, 0x0000000713d00000|100%| E|CS|TAMS 0x0000000713c00000, 0x0000000713c00000| Complete 
| 305|0x0000000713d00000, 0x0000000713e00000, 0x0000000713e00000|100%| E|CS|TAMS 0x0000000713d00000, 0x0000000713d00000| Complete 
| 306|0x0000000713e00000, 0x0000000713f00000, 0x0000000713f00000|100%| E|CS|TAMS 0x0000000713e00000, 0x0000000713e00000| Complete 
| 307|0x0000000713f00000, 0x0000000714000000, 0x0000000714000000|100%| E|CS|TAMS 0x0000000713f00000, 0x0000000713f00000| Complete 

Card table byte_map: [0x00000196e2ce0000,0x00000196e34e0000] _byte_map_base: 0x00000196df4da000

Marking Bits (Prev, Next): (CMBitMap*) 0x00000196cf37f868, (CMBitMap*) 0x00000196cf37f8a0
 Prev Bits: [0x00000196e3ce0000, 0x00000196e7cb0000)
 Next Bits: [0x00000196e7cb0000, 0x00000196ebc80000)

Polling page: 0x00000196cd290000

Metaspace:

Usage:
  Non-class:     72.50 MB capacity,    70.50 MB ( 97%) used,     1.59 MB (  2%) free+waste,   415.88 KB ( <1%) overhead. 
      Class:     12.55 MB capacity,    11.04 MB ( 88%) used,     1.28 MB ( 10%) free+waste,   227.81 KB (  2%) overhead. 
       Both:     85.05 MB capacity,    81.55 MB ( 96%) used,     2.87 MB (  3%) free+waste,   643.69 KB ( <1%) overhead. 

Virtual space:
  Non-class space:       74.00 MB reserved,      72.67 MB ( 98%) committed 
      Class space:        1.00 GB reserved,      12.63 MB (  1%) committed 
             Both:        1.07 GB reserved,      85.30 MB (  8%) committed 

Chunk freelists:
   Non-Class:  50.00 KB
       Class:  15.00 KB
        Both:  65.00 KB

MaxMetaspaceSize: 17179869184.00 GB
CompressedClassSpaceSize: 1.00 GB

CodeHeap 'non-profiled nmethods': size=238912Kb used=14740Kb max_used=14740Kb free=224171Kb
 bounds [0x00000196d3a80000, 0x00000196d48f0000, 0x00000196e23d0000]
CodeHeap 'non-nmethods': size=6848Kb used=1409Kb max_used=1409Kb free=5439Kb
 bounds [0x00000196d33d0000, 0x00000196d3640000, 0x00000196d3a80000]
 total_blobs=9526 nmethods=8249 adapters=771
 compilation: enabled
              stopped_count=0, restarted_count=0
 full_count=0

Compilation events (20 events):
Event: 65.061 Thread 0x00000196ee5e9000 8401       1       io.netty.util.concurrent.DefaultPromise::setSuccess0 (16 bytes)
Event: 65.061 Thread 0x00000196ee5e9000 nmethod 8401 0x00000196d48e3a10 code [0x00000196d48e3bc0, 0x00000196d48e3d30]
Event: 65.061 Thread 0x00000196ee5e9000 8402       1       io.netty.buffer.PoolChunk::runOffset (18 bytes)
Event: 65.061 Thread 0x00000196ee5e9000 nmethod 8402 0x00000196d48e3e10 code [0x00000196d48e3fc0, 0x00000196d48e4158]
Event: 65.061 Thread 0x00000196ee5e9000 8403       1       io.netty.util.concurrent.DefaultPromise::trySuccess (6 bytes)
Event: 65.061 Thread 0x00000196ee5e9000 nmethod 8403 0x00000196d48e4210 code [0x00000196d48e43c0, 0x00000196d48e4530]
Event: 65.061 Thread 0x00000196ee5e9000 8395       1       java.util.concurrent.locks.AbstractQueuedSynchronizer$Node::<init> (23 bytes)
Event: 65.061 Thread 0x00000196ee5e9000 nmethod 8395 0x00000196d48e4610 code [0x00000196d48e4820, 0x00000196d48e4d60]
Event: 65.061 Thread 0x00000196ee5e9000 8396   !   1       java.util.concurrent.locks.AbstractQueuedSynchronizer::fullyRelease (31 bytes)
Event: 65.062 Thread 0x00000196ee5e9000 nmethod 8396 0x00000196d48e4f90 code [0x00000196d48e5180, 0x00000196d48e5490]
Event: 65.062 Thread 0x00000196ee5e9000 8404       1       java.util.concurrent.ThreadLocalRandom::current (22 bytes)
Event: 65.062 Thread 0x00000196ee5e9000 nmethod 8404 0x00000196d48e5690 code [0x00000196d48e5840, 0x00000196d48e5990]
Event: 65.624 Thread 0x00000196ee5e9000 8405       1       org.apache.catalina.LifecycleEvent::getType (5 bytes)
Event: 65.624 Thread 0x00000196ee5e9000 nmethod 8405 0x00000196d48e5a10 code [0x00000196d48e5bc0, 0x00000196d48e5cf8]
Event: 65.624 Thread 0x00000196ee5e9000 8406       1       java.util.concurrent.locks.ReentrantReadWriteLock$NonfairSync::readerShouldBlock (5 bytes)
Event: 65.624 Thread 0x00000196ee5e9000 nmethod 8406 0x00000196d48e5d90 code [0x00000196d48e5f40, 0x00000196d48e6090]
Event: 65.624 Thread 0x00000196ee5e9000 8407       1       java.util.concurrent.locks.AbstractQueuedSynchronizer::apparentlyFirstQueuedIsExclusive (38 bytes)
Event: 65.624 Thread 0x00000196ee5e9000 nmethod 8407 0x00000196d48e6110 code [0x00000196d48e62c0, 0x00000196d48e6478]
Event: 68.010 Thread 0x00000196ee5e9000 8408       1       com.mysql.cj.protocol.a.NativePacketPayload::writeBytes (73 bytes)
Event: 68.010 Thread 0x00000196ee5e9000 nmethod 8408 0x00000196d48e6510 code [0x00000196d48e66e0, 0x00000196d48e6980]

GC Heap History (20 events):
Event: 0.961 GC heap before
{Heap before GC invocations=0 (full 0):
 garbage-first heap   total 262144K, used 22528K [0x0000000700c00000, 0x0000000800000000)
  region size 1024K, 22 young (22528K), 0 survivors (0K)
 Metaspace       used 5847K, capacity 6224K, committed 6272K, reserved 1056768K
  class space    used 732K, capacity 873K, committed 896K, reserved 1048576K
}
Event: 0.967 GC heap after
{Heap after GC invocations=1 (full 0):
 garbage-first heap   total 262144K, used 9647K [0x0000000700c00000, 0x0000000800000000)
  region size 1024K, 3 young (3072K), 3 survivors (3072K)
 Metaspace       used 5847K, capacity 6224K, committed 6272K, reserved 1056768K
  class space    used 732K, capacity 873K, committed 896K, reserved 1048576K
}
Event: 1.084 GC heap before
{Heap before GC invocations=1 (full 0):
 garbage-first heap   total 262144K, used 18863K [0x0000000700c00000, 0x0000000800000000)
  region size 1024K, 12 young (12288K), 3 survivors (3072K)
 Metaspace       used 6790K, capacity 7138K, committed 7424K, reserved 1056768K
  class space    used 836K, capacity 963K, committed 1024K, reserved 1048576K
}
Event: 1.086 GC heap after
{Heap after GC invocations=2 (full 0):
 garbage-first heap   total 262144K, used 10441K [0x0000000700c00000, 0x0000000800000000)
  region size 1024K, 1 young (1024K), 1 survivors (1024K)
 Metaspace       used 6790K, capacity 7138K, committed 7424K, reserved 1056768K
  class space    used 836K, capacity 963K, committed 1024K, reserved 1048576K
}
Event: 1.335 GC heap before
{Heap before GC invocations=2 (full 0):
 garbage-first heap   total 262144K, used 46281K [0x0000000700c00000, 0x0000000800000000)
  region size 1024K, 37 young (37888K), 1 survivors (1024K)
 Metaspace       used 12343K, capacity 12909K, committed 12928K, reserved 1060864K
  class space    used 1679K, capacity 1901K, committed 1920K, reserved 1048576K
}
Event: 1.337 GC heap after
{Heap after GC invocations=3 (full 0):
 garbage-first heap   total 262144K, used 11903K [0x0000000700c00000, 0x0000000800000000)
  region size 1024K, 3 young (3072K), 3 survivors (3072K)
 Metaspace       used 12343K, capacity 12909K, committed 12928K, reserved 1060864K
  class space    used 1679K, capacity 1901K, committed 1920K, reserved 1048576K
}
Event: 1.842 GC heap before
{Heap before GC invocations=3 (full 0):
 garbage-first heap   total 262144K, used 68223K [0x0000000700c00000, 0x0000000800000000)
  region size 1024K, 59 young (60416K), 3 survivors (3072K)
 Metaspace       used 20381K, capacity 21160K, committed 21296K, reserved 1067008K
  class space    used 2802K, capacity 3152K, committed 3200K, reserved 1048576K
}
Event: 1.847 GC heap after
{Heap after GC invocations=4 (full 0):
 garbage-first heap   total 262144K, used 14627K [0x0000000700c00000, 0x0000000800000000)
  region size 1024K, 5 young (5120K), 5 survivors (5120K)
 Metaspace       used 20381K, capacity 21160K, committed 21296K, reserved 1067008K
  class space    used 2802K, capacity 3152K, committed 3200K, reserved 1048576K
}
Event: 2.832 GC heap before
{Heap before GC invocations=5 (full 0):
 garbage-first heap   total 262144K, used 166179K [0x0000000700c00000, 0x0000000800000000)
  region size 1024K, 153 young (156672K), 5 survivors (5120K)
 Metaspace       used 29506K, capacity 30605K, committed 30768K, reserved 1075200K
  class space    used 4028K, capacity 4464K, committed 4480K, reserved 1048576K
}
Event: 2.838 GC heap after
{Heap after GC invocations=6 (full 0):
 garbage-first heap   total 262144K, used 20008K [0x0000000700c00000, 0x0000000800000000)
  region size 1024K, 10 young (10240K), 10 survivors (10240K)
 Metaspace       used 29506K, capacity 30605K, committed 30768K, reserved 1075200K
  class space    used 4028K, capacity 4464K, committed 4480K, reserved 1048576K
}
Event: 3.373 GC heap before
{Heap before GC invocations=6 (full 0):
 garbage-first heap   total 262144K, used 83496K [0x0000000700c00000, 0x0000000800000000)
  region size 1024K, 74 young (75776K), 10 survivors (10240K)
 Metaspace       used 34530K, capacity 35779K, committed 35888K, reserved 1079296K
  class space    used 4644K, capacity 5150K, committed 5248K, reserved 1048576K
}
Event: 3.385 GC heap after
{Heap after GC invocations=7 (full 0):
 garbage-first heap   total 262144K, used 22608K [0x0000000700c00000, 0x0000000800000000)
  region size 1024K, 13 young (13312K), 13 survivors (13312K)
 Metaspace       used 34530K, capacity 35779K, committed 35888K, reserved 1079296K
  class space    used 4644K, capacity 5150K, committed 5248K, reserved 1048576K
}
Event: 5.241 GC heap before
{Heap before GC invocations=8 (full 0):
 garbage-first heap   total 262144K, used 162896K [0x0000000700c00000, 0x0000000800000000)
  region size 1024K, 150 young (153600K), 13 survivors (13312K)
 Metaspace       used 52597K, capacity 54908K, committed 54960K, reserved 1095680K
  class space    used 7134K, capacity 8179K, committed 8192K, reserved 1048576K
}
Event: 5.263 GC heap after
{Heap after GC invocations=9 (full 0):
 garbage-first heap   total 315392K, used 29396K [0x0000000700c00000, 0x0000000800000000)
  region size 1024K, 15 young (15360K), 15 survivors (15360K)
 Metaspace       used 52597K, capacity 54908K, committed 54960K, reserved 1095680K
  class space    used 7134K, capacity 8179K, committed 8192K, reserved 1048576K
}
Event: 5.730 GC heap before
{Heap before GC invocations=9 (full 0):
 garbage-first heap   total 315392K, used 93908K [0x0000000700c00000, 0x0000000800000000)
  region size 1024K, 79 young (80896K), 15 survivors (15360K)
 Metaspace       used 57574K, capacity 60090K, committed 60208K, reserved 1099776K
  class space    used 7867K, capacity 9017K, committed 9088K, reserved 1048576K
}
Event: 5.743 GC heap after
{Heap after GC invocations=10 (full 0):
 garbage-first heap   total 315392K, used 32726K [0x0000000700c00000, 0x0000000800000000)
  region size 1024K, 13 young (13312K), 13 survivors (13312K)
 Metaspace       used 57574K, capacity 60090K, committed 60208K, reserved 1099776K
  class space    used 7867K, capacity 9017K, committed 9088K, reserved 1048576K
}
Event: 7.357 GC heap before
{Heap before GC invocations=11 (full 0):
 garbage-first heap   total 315392K, used 205782K [0x0000000700c00000, 0x0000000800000000)
  region size 1024K, 182 young (186368K), 13 survivors (13312K)
 Metaspace       used 66799K, capacity 69775K, committed 69936K, reserved 1107968K
  class space    used 9213K, capacity 10520K, committed 10624K, reserved 1048576K
}
Event: 7.367 GC heap after
{Heap after GC invocations=12 (full 0):
 garbage-first heap   total 315392K, used 40995K [0x0000000700c00000, 0x0000000800000000)
  region size 1024K, 19 young (19456K), 19 survivors (19456K)
 Metaspace       used 66799K, capacity 69775K, committed 69936K, reserved 1107968K
  class space    used 9213K, capacity 10520K, committed 10624K, reserved 1048576K
}
Event: 41.377 GC heap before
{Heap before GC invocations=13 (full 0):
 garbage-first heap   total 315392K, used 208931K [0x0000000700c00000, 0x0000000800000000)
  region size 1024K, 184 young (188416K), 19 survivors (19456K)
 Metaspace       used 83489K, capacity 87081K, committed 87344K, reserved 1124352K
  class space    used 11304K, capacity 12848K, committed 12928K, reserved 1048576K
}
Event: 41.389 GC heap after
{Heap after GC invocations=14 (full 0):
 garbage-first heap   total 315392K, used 51025K [0x0000000700c00000, 0x0000000800000000)
  region size 1024K, 22 young (22528K), 22 survivors (22528K)
 Metaspace       used 83489K, capacity 87081K, committed 87344K, reserved 1124352K
  class space    used 11304K, capacity 12848K, committed 12928K, reserved 1048576K
}

Deoptimization events (20 events):
Event: 3.059 Thread 0x00000196f00ac000 DEOPT PACKING pc=0x00000196d419a7ec sp=0x0000008e9affac70
Event: 3.059 Thread 0x00000196f00ac000 DEOPT UNPACKING pc=0x00000196d33f90ce sp=0x0000008e9affa190 mode 0
Event: 3.059 Thread 0x00000196f00ac000 DEOPT PACKING pc=0x00000196d41a91b4 sp=0x0000008e9affafa0
Event: 3.059 Thread 0x00000196f00ac000 DEOPT UNPACKING pc=0x00000196d33f90ce sp=0x0000008e9affa480 mode 0
Event: 3.060 Thread 0x00000196f00ac000 DEOPT PACKING pc=0x00000196d418ea04 sp=0x0000008e9affb2b0
Event: 3.060 Thread 0x00000196f00ac000 DEOPT UNPACKING pc=0x00000196d33f90ce sp=0x0000008e9affa7f0 mode 0
Event: 5.285 Thread 0x00000196f00ac000 DEOPT PACKING pc=0x00000196d3dd8fbb sp=0x0000008e9aff3370
Event: 5.285 Thread 0x00000196f00ac000 DEOPT UNPACKING pc=0x00000196d33f90ce sp=0x0000008e9aff2878 mode 3
Event: 6.109 Thread 0x00000196f00ac000 DEOPT PACKING pc=0x00000196d416aaf2 sp=0x0000008e9aff9530
Event: 6.109 Thread 0x00000196f00ac000 DEOPT UNPACKING pc=0x00000196d33f90ce sp=0x0000008e9aff8b50 mode 3
Event: 6.109 Thread 0x00000196f00ac000 DEOPT PACKING pc=0x00000196d4169cec sp=0x0000008e9aff98f0
Event: 6.109 Thread 0x00000196f00ac000 DEOPT UNPACKING pc=0x00000196d33f90ce sp=0x0000008e9aff8f18 mode 0
Event: 6.109 Thread 0x00000196f00ac000 DEOPT PACKING pc=0x00000196d416820c sp=0x0000008e9aff9be0
Event: 6.109 Thread 0x00000196f00ac000 DEOPT UNPACKING pc=0x00000196d33f90ce sp=0x0000008e9aff9200 mode 0
Event: 6.109 Thread 0x00000196f00ac000 DEOPT PACKING pc=0x00000196d4168614 sp=0x0000008e9aff9e10
Event: 6.109 Thread 0x00000196f00ac000 DEOPT UNPACKING pc=0x00000196d33f90ce sp=0x0000008e9aff9430 mode 0
Event: 6.109 Thread 0x00000196f00ac000 DEOPT PACKING pc=0x00000196d41b70b4 sp=0x0000008e9affa1c0
Event: 6.109 Thread 0x00000196f00ac000 DEOPT UNPACKING pc=0x00000196d33f90ce sp=0x0000008e9aff9748 mode 0
Event: 9.003 Thread 0x00000196f8526000 DEOPT PACKING pc=0x00000196d3c36fec sp=0x0000008e9aef9f30
Event: 9.003 Thread 0x00000196f8526000 DEOPT UNPACKING pc=0x00000196d33f90ce sp=0x0000008e9aef9448 mode 0

Classes redefined (0 events):
No events

Internal exceptions (20 events):
Event: 7.697 Thread 0x00000196f00ac000 Exception <a 'java/lang/ClassNotFoundException'{0x00000007112287e0}: org/quartz/impl/jdbcjobstore/JobStoreCMTBeanInfo> (0x00000007112287e0) thrown at [c:/BuildAgent/work/5ff2f6c26000d570/src/hotspot/share/classfile/systemDictionary.cpp, line 231]
Event: 7.698 Thread 0x00000196f00ac000 Exception <a 'java/lang/ClassNotFoundException'{0x000000071123ed20}: org/quartz/impl/jdbcjobstore/JobStoreSupportBeanInfo> (0x000000071123ed20) thrown at [c:/BuildAgent/work/5ff2f6c26000d570/src/hotspot/share/classfile/systemDictionary.cpp, line 231]
Event: 7.698 Thread 0x00000196f00ac000 Exception <a 'java/lang/ClassNotFoundException'{0x0000000711255620}: org/quartz/impl/jdbcjobstore/JobStoreSupportCustomizer> (0x0000000711255620) thrown at [c:/BuildAgent/work/5ff2f6c26000d570/src/hotspot/share/classfile/systemDictionary.cpp, line 231]
Event: 7.701 Thread 0x00000196f00ac000 Exception <a 'java/lang/ClassNotFoundException'{0x0000000711108f60}: org/quartz/impl/jdbcjobstore/JobStoreCMTCustomizer> (0x0000000711108f60) thrown at [c:/BuildAgent/work/5ff2f6c26000d570/src/hotspot/share/classfile/systemDictionary.cpp, line 231]
Event: 7.702 Thread 0x00000196f00ac000 Exception <a 'java/lang/ClassNotFoundException'{0x0000000711134360}: org/springframework/scheduling/quartz/LocalDataSourceJobStoreCustomizer> (0x0000000711134360) thrown at [c:/BuildAgent/work/5ff2f6c26000d570/src/hotspot/share/classfile/systemDictionary.
Event: 7.785 Thread 0x00000196f00ac000 Exception <a 'java/lang/ClassNotFoundException'{0x0000000710c44d68}: org/quartz/impl/triggers/SimpleTriggerImplBeanInfo> (0x0000000710c44d68) thrown at [c:/BuildAgent/work/5ff2f6c26000d570/src/hotspot/share/classfile/systemDictionary.cpp, line 231]
Event: 7.786 Thread 0x00000196f00ac000 Exception <a 'java/lang/ClassNotFoundException'{0x0000000710c59db0}: org/quartz/impl/triggers/AbstractTriggerBeanInfo> (0x0000000710c59db0) thrown at [c:/BuildAgent/work/5ff2f6c26000d570/src/hotspot/share/classfile/systemDictionary.cpp, line 231]
Event: 7.786 Thread 0x00000196f00ac000 Exception <a 'java/lang/ClassNotFoundException'{0x0000000710c6f810}: org/quartz/impl/triggers/AbstractTriggerCustomizer> (0x0000000710c6f810) thrown at [c:/BuildAgent/work/5ff2f6c26000d570/src/hotspot/share/classfile/systemDictionary.cpp, line 231]
Event: 7.787 Thread 0x00000196f00ac000 Exception <a 'java/lang/ClassNotFoundException'{0x0000000710ca6500}: org/quartz/impl/triggers/SimpleTriggerImplCustomizer> (0x0000000710ca6500) thrown at [c:/BuildAgent/work/5ff2f6c26000d570/src/hotspot/share/classfile/systemDictionary.cpp, line 231]
Event: 7.851 Thread 0x00000196f00ac000 Exception <a 'java/lang/IncompatibleClassChangeError'{0x000000071065f4c8}: Found class java.lang.Object, but interface was expected> (0x000000071065f4c8) thrown at [c:/BuildAgent/work/5ff2f6c26000d570/src/hotspot/share/interpreter/linkResolver.cpp, line 8
Event: 7.882 Thread 0x00000196f00ac000 Exception <a 'java/lang/ClassNotFoundException'{0x0000000710210e98}: java/lang/ObjectCustomizer> (0x0000000710210e98) thrown at [c:/BuildAgent/work/5ff2f6c26000d570/src/hotspot/share/classfile/systemDictionary.cpp, line 231]
Event: 7.883 Thread 0x00000196f00ac000 Exception <a 'java/lang/ClassNotFoundException'{0x000000071022c878}: org/springframework/kafka/listener/ConsumerPropertiesCustomizer> (0x000000071022c878) thrown at [c:/BuildAgent/work/5ff2f6c26000d570/src/hotspot/share/classfile/systemDictionary.cpp, lin
Event: 7.883 Thread 0x00000196f00ac000 Exception <a 'java/lang/ClassNotFoundException'{0x00000007102560a0}: org/springframework/kafka/listener/ContainerPropertiesCustomizer> (0x00000007102560a0) thrown at [c:/BuildAgent/work/5ff2f6c26000d570/src/hotspot/share/classfile/systemDictionary.cpp, li
Event: 8.246 Thread 0x00000196f82b9000 Exception <a 'java/lang/NoSuchMethodError'{0x000000070e04d158}: 'int java.lang.invoke.DirectMethodHandle$Holder.invokeStatic(java.lang.Object, long, java.lang.Object)'> (0x000000070e04d158) thrown at [c:/BuildAgent/work/5ff2f6c26000d570/src/hotspot/share/
Event: 9.086 Thread 0x00000196f2cd0800 Exception <a 'java/lang/NoSuchMethodError'{0x000000070c84ce08}: 'void java.lang.invoke.DirectMethodHandle$Holder.invokeStatic(java.lang.Object, java.lang.Object, java.lang.Object, java.lang.Object, java.lang.Object, java.lang.Object, java.lang.Object, jav
Event: 9.607 Thread 0x00000196f8527800 Exception <a 'java/io/FileNotFoundException'{0x000000070c0a81b0}> (0x000000070c0a81b0) thrown at [c:/BuildAgent/work/5ff2f6c26000d570/src/hotspot/share/prims/jni.cpp, line 615]
Event: 11.061 Thread 0x00000196f8527800 Exception <a 'java/lang/NoSuchMethodError'{0x000000070afd2a08}: 'void java.lang.invoke.DirectMethodHandle$Holder.invokeSpecial(java.lang.Object, java.lang.Object, java.lang.Object, java.lang.Object, java.lang.Object, java.lang.Object, java.lang.Object, ja
Event: 11.101 Thread 0x00000196f85c5000 Exception <a 'java/lang/NoSuchMethodError'{0x000000070ad5e258}: 'java.lang.Object java.lang.invoke.DirectMethodHandle$Holder.invokeStatic(java.lang.Object, java.lang.Object, java.lang.Object, long)'> (0x000000070ad5e258) thrown at [c:/BuildAgent/work/5ff2
Event: 11.101 Thread 0x00000196f85c5000 Exception <a 'java/lang/NoSuchMethodError'{0x000000070ad61b78}: 'java.lang.Object java.lang.invoke.DirectMethodHandle$Holder.invokeSpecial(java.lang.Object, java.lang.Object, java.lang.Object, java.lang.Object, long)'> (0x000000070ad61b78) thrown at [c:/B
Event: 11.101 Thread 0x00000196f85c5000 Exception <a 'java/lang/NoSuchMethodError'{0x000000070ad65018}: 'java.lang.Object java.lang.invoke.Invokers$Holder.linkToTargetMethod(java.lang.Object, java.lang.Object, long, java.lang.Object)'> (0x000000070ad65018) thrown at [c:/BuildAgent/work/5ff2f6c2

Events (20 events):
Event: 54.827 Executing VM operation: RevokeBias
Event: 54.827 Executing VM operation: RevokeBias done
Event: 59.830 Executing VM operation: RevokeBias
Event: 59.830 Executing VM operation: RevokeBias done
Event: 59.830 Executing VM operation: RevokeBias
Event: 59.830 Executing VM operation: RevokeBias done
Event: 59.832 Executing VM operation: RevokeBias
Event: 59.832 Executing VM operation: RevokeBias done
Event: 61.377 Thread 0x00000196f85cf000 Thread added: 0x00000196f85cf000
Event: 64.833 Executing VM operation: RevokeBias
Event: 64.833 Executing VM operation: RevokeBias done
Event: 64.833 Executing VM operation: RevokeBias
Event: 64.833 Executing VM operation: RevokeBias done
Event: 64.849 Executing VM operation: RevokeBias
Event: 64.849 Executing VM operation: RevokeBias done
Event: 65.624 loading class org/apache/catalina/Session
Event: 65.624 loading class org/apache/catalina/Session done
Event: 68.009 Executing VM operation: RevokeBias
Event: 68.009 Executing VM operation: RevokeBias done
Event: 68.010 Executing VM operation: BulkRevokeBias


Dynamic libraries:
0x00007ff6d8b40000 - 0x00007ff6d8b4a000 	F:\IDEA2019\IntelliJ IDEA 2019.3.2\jbr\bin\java.exe
0x00007ffe715d0000 - 0x00007ffe717c5000 	C:\Windows\SYSTEM32\ntdll.dll
0x00007ffe71390000 - 0x00007ffe7144e000 	C:\Windows\System32\KERNEL32.DLL
0x00007ffe6ef10000 - 0x00007ffe6f1d8000 	C:\Windows\System32\KERNELBASE.dll
0x00007ffe6f3d0000 - 0x00007ffe6f4d0000 	C:\Windows\System32\ucrtbase.dll
0x00007ffe5f470000 - 0x00007ffe5f489000 	F:\IDEA2019\IntelliJ IDEA 2019.3.2\jbr\bin\jli.dll
0x00007ffe70d90000 - 0x00007ffe70f30000 	C:\Windows\System32\USER32.dll
0x00007ffe6f3a0000 - 0x00007ffe6f3c2000 	C:\Windows\System32\win32u.dll
0x00007ffe71450000 - 0x00007ffe7147a000 	C:\Windows\System32\GDI32.dll
0x00007ffe6f1e0000 - 0x00007ffe6f2eb000 	C:\Windows\System32\gdi32full.dll
0x00007ffe6f590000 - 0x00007ffe6f62d000 	C:\Windows\System32\msvcp_win.dll
0x00007ffe5f1a0000 - 0x00007ffe5f1b7000 	F:\IDEA2019\IntelliJ IDEA 2019.3.2\jbr\bin\VCRUNTIME140.dll
0x00007ffe5cdd0000 - 0x00007ffe5d06a000 	C:\Windows\WinSxS\amd64_microsoft.windows.common-controls_6595b64144ccf1df_6.0.19041.1110_none_60b5254171f9507e\COMCTL32.dll
0x00007ffe714f0000 - 0x00007ffe7158e000 	C:\Windows\System32\msvcrt.dll
0x00007ffe70950000 - 0x00007ffe70980000 	C:\Windows\System32\IMM32.DLL
0x00007ffe4cda0000 - 0x00007ffe4ce3d000 	F:\IDEA2019\IntelliJ IDEA 2019.3.2\jbr\bin\msvcp140.dll
0x00007ffe08190000 - 0x00007ffe08c4b000 	F:\IDEA2019\IntelliJ IDEA 2019.3.2\jbr\bin\server\jvm.dll
0x00007ffe71150000 - 0x00007ffe711fe000 	C:\Windows\System32\ADVAPI32.dll
0x00007ffe6f630000 - 0x00007ffe6f6cc000 	C:\Windows\System32\sechost.dll
0x00007ffe71260000 - 0x00007ffe71385000 	C:\Windows\System32\RPCRT4.dll
0x00007ffe70920000 - 0x00007ffe70928000 	C:\Windows\System32\PSAPI.DLL
0x00007ffe6a670000 - 0x00007ffe6a679000 	C:\Windows\SYSTEM32\WSOCK32.dll
0x00007ffe71480000 - 0x00007ffe714eb000 	C:\Windows\System32\WS2_32.dll
0x00007ffe662a0000 - 0x00007ffe662c7000 	C:\Windows\SYSTEM32\WINMM.dll
0x00007ffe67810000 - 0x00007ffe6781a000 	C:\Windows\SYSTEM32\VERSION.dll
0x00007ffe6d5c0000 - 0x00007ffe6d5d2000 	C:\Windows\SYSTEM32\kernel.appcore.dll
0x00007ffe67b30000 - 0x00007ffe67b41000 	F:\IDEA2019\IntelliJ IDEA 2019.3.2\jbr\bin\verify.dll
0x00007ffe5dae0000 - 0x00007ffe5dcc4000 	C:\Windows\SYSTEM32\DBGHELP.DLL
0x00007ffe588a0000 - 0x00007ffe588cc000 	C:\Windows\SYSTEM32\dbgcore.DLL
0x00007ffe6ecf0000 - 0x00007ffe6ed72000 	C:\Windows\System32\bcryptPrimitives.dll
0x00007ffe5f490000 - 0x00007ffe5f4b9000 	F:\IDEA2019\IntelliJ IDEA 2019.3.2\jbr\bin\java.dll
0x00007ffe67cf0000 - 0x00007ffe67cff000 	F:\IDEA2019\IntelliJ IDEA 2019.3.2\jbr\bin\instrument.dll
0x00007ffe5f450000 - 0x00007ffe5f467000 	F:\IDEA2019\IntelliJ IDEA 2019.3.2\jbr\bin\zip.dll
0x00007ffe5f440000 - 0x00007ffe5f44b000 	F:\IDEA2019\IntelliJ IDEA 2019.3.2\jbr\bin\jimage.dll
0x00007ffe6fcb0000 - 0x00007ffe703f4000 	C:\Windows\System32\SHELL32.dll
0x00007ffe6ce10000 - 0x00007ffe6d5a4000 	C:\Windows\SYSTEM32\windows.storage.dll
0x00007ffe70a30000 - 0x00007ffe70d84000 	C:\Windows\System32\combase.dll
0x00007ffe6e760000 - 0x00007ffe6e78c000 	C:\Windows\SYSTEM32\Wldp.dll
0x00007ffe70980000 - 0x00007ffe70a2d000 	C:\Windows\System32\SHCORE.dll
0x00007ffe71200000 - 0x00007ffe71255000 	C:\Windows\System32\shlwapi.dll
0x00007ffe6ec30000 - 0x00007ffe6ec4f000 	C:\Windows\SYSTEM32\profapi.dll
0x00007ffe5f420000 - 0x00007ffe5f43a000 	F:\IDEA2019\IntelliJ IDEA 2019.3.2\jbr\bin\net.dll
0x00007ffe67f20000 - 0x00007ffe6802a000 	C:\Windows\SYSTEM32\WINHTTP.dll
0x00007ffe6e3f0000 - 0x00007ffe6e45a000 	C:\Windows\system32\mswsock.dll
0x00007ffe5f400000 - 0x00007ffe5f414000 	F:\IDEA2019\IntelliJ IDEA 2019.3.2\jbr\bin\nio.dll
0x00007ffe55650000 - 0x00007ffe5566a000 	F:\IDEA2019\IntelliJ IDEA 2019.3.2\bin\breakgen64.dll
0x00007ffe52ab0000 - 0x00007ffe52c2a000 	C:\Program Files (x86)\Sangfor\SSL\ClientComponent\SangforTcpX64.dll
0x00007ffe6fa40000 - 0x00007ffe6fb6a000 	C:\Windows\System32\ole32.dll
0x00007ffe6f850000 - 0x00007ffe6f91d000 	C:\Windows\System32\OLEAUT32.dll
0x00007ffe6f520000 - 0x00007ffe6f588000 	C:\Windows\System32\WINTRUST.dll
0x00007ffe6ed80000 - 0x00007ffe6eed6000 	C:\Windows\System32\CRYPT32.dll
0x00007ffe6e8e0000 - 0x00007ffe6e8f2000 	C:\Windows\SYSTEM32\MSASN1.dll
0x00007ffe66590000 - 0x00007ffe665db000 	C:\Program Files (x86)\Sangfor\SSL\ClientComponent\1_SangforNspX64.dll
0x00007ffe6e120000 - 0x00007ffe6e1eb000 	C:\Windows\SYSTEM32\DNSAPI.dll
0x00007ffe6e0e0000 - 0x00007ffe6e11b000 	C:\Windows\SYSTEM32\IPHLPAPI.DLL
0x00007ffe71140000 - 0x00007ffe71148000 	C:\Windows\System32\NSI.dll
0x00007ffe67b50000 - 0x00007ffe67b5a000 	C:\Windows\System32\rasadhlp.dll
0x00007ffe67930000 - 0x00007ffe679af000 	C:\Windows\System32\fwpuclnt.dll
0x00007ffe6eee0000 - 0x00007ffe6ef07000 	C:\Windows\System32\bcrypt.dll
0x00007ffe5f3c0000 - 0x00007ffe5f3ca000 	F:\IDEA2019\IntelliJ IDEA 2019.3.2\jbr\bin\management.dll
0x00007ffe5f3b0000 - 0x00007ffe5f3bc000 	F:\IDEA2019\IntelliJ IDEA 2019.3.2\jbr\bin\management_ext.dll
0x00007ffe6e5e0000 - 0x00007ffe6e5f8000 	C:\Windows\SYSTEM32\CRYPTSP.dll
0x00007ffe6dd70000 - 0x00007ffe6dda4000 	C:\Windows\system32\rsaenh.dll
0x00007ffe6ebb0000 - 0x00007ffe6ebde000 	C:\Windows\SYSTEM32\USERENV.dll
0x00007ffe6e600000 - 0x00007ffe6e60c000 	C:\Windows\SYSTEM32\CRYPTBASE.dll
0x00007ffe690c0000 - 0x00007ffe690d7000 	C:\Windows\SYSTEM32\dhcpcsvc6.DLL
0x00007ffe690a0000 - 0x00007ffe690bd000 	C:\Windows\SYSTEM32\dhcpcsvc.DLL
0x00007ffe54f90000 - 0x00007ffe54fa7000 	C:\Windows\system32\napinsp.dll
0x00007ffe54f70000 - 0x00007ffe54f8b000 	C:\Windows\system32\pnrpnsp.dll
0x00007ffe54f50000 - 0x00007ffe54f65000 	C:\Windows\system32\wshbth.dll
0x00007ffe6a410000 - 0x00007ffe6a42d000 	C:\Windows\system32\NLAapi.dll
0x00007ffe54f10000 - 0x00007ffe54f22000 	C:\Windows\System32\winrnr.dll
0x0000000180000000 - 0x0000000180285000 	F:\IDEA\apache-tomcat-8.5.61-windows-x64\apache-tomcat-8.5.61\bin\tcnative-1.dll
0x00007ffe5f3d0000 - 0x00007ffe5f3f8000 	F:\IDEA2019\IntelliJ IDEA 2019.3.2\jbr\bin\sunec.dll

dbghelp: loaded successfully - version: 4.0.5 - missing functions: none
symbol engine: initialized successfully - sym options: 0x614 - pdb path: .;F:\IDEA2019\IntelliJ IDEA 2019.3.2\jbr\bin;C:\Windows\SYSTEM32;C:\Windows\WinSxS\amd64_microsoft.windows.common-controls_6595b64144ccf1df_6.0.19041.1110_none_60b5254171f9507e;F:\IDEA2019\IntelliJ IDEA 2019.3.2\jbr\bin\server;F:\IDEA2019\IntelliJ IDEA 2019.3.2\bin;C:\Program Files (x86)\Sangfor\SSL\ClientComponent;F:\IDEA\apache-tomcat-8.5.61-windows-x64\apache-tomcat-8.5.61\bin

VM Arguments:
jvm_args: -XX:TieredStopAtLevel=1 -Xverify:none -Dspring.output.ansi.enabled=always -Dcom.sun.management.jmxremote -Dspring.jmx.enabled=true -Dspring.liveBeansView.mbeanDomain -Dspring.application.admin.enabled=true -javaagent:F:\IDEA2019\IntelliJ IDEA 2019.3.2\lib\idea_rt.jar=51936:F:\IDEA2019\IntelliJ IDEA 2019.3.2\bin -Dfile.encoding=UTF-8 
java_command: com.newcoder.community.CommunityApplication
java_class_path (initial): F:\javaProject\community\target\classes;C:\Users\xiu\.IntelliJIdea2019.3\config\javascript\extLibs\http_stackpath.bootstrapcdn.com_bootstrap_4.3.1_css_bootstrap.css;C:\Users\xiu\.IntelliJIdea2019.3\config\javascript\extLibs\http_stackpath.bootstrapcdn.com_bootstrap_4.3.1_js_bootstrap.js;C:\Users\xiu\.IntelliJIdea2019.3\config\javascript\extLibs\http_code.jquery.com_jquery-3.3.1.js;C:\Users\xiu\.IntelliJIdea2019.3\config\javascript\extLibs\http_cdnjs.cloudflare.com_ajax_libs_popper.js_1.14.7_umd_popper.js;C:\Users\xiu\.m2\repository\org\springframework\boot\spring-boot-starter-thymeleaf\2.2.0.RELEASE\spring-boot-starter-thymeleaf-2.2.0.RELEASE.jar;C:\Users\xiu\.m2\repository\org\springframework\boot\spring-boot-starter\2.2.0.RELEASE\spring-boot-starter-2.2.0.RELEASE.jar;C:\Users\xiu\.m2\repository\org\springframework\boot\spring-boot-starter-logging\2.2.0.RELEASE\spring-boot-starter-logging-2.2.0.RELEASE.jar;C:\Users\xiu\.m2\repository\ch\qos\logback\logback-classic\1.2.3\logback-classic-1.2.3.jar;C:\Users\xiu\.m2\repository\ch\qos\logback\logback-core\1.2.3\logback-core-1.2.3.jar;C:\Users\xiu\.m2\repository\org\apache\logging\log4j\log4j-to-slf4j\2.12.1\log4j-to-slf4j-2.12.1.jar;C:\Users\xiu\.m2\repository\org\apache\logging\log4j\log4j-api\2.12.1\log4j-api-2.12.1.jar;C:\Users\xiu\.m2\repository\org\slf4j\jul-to-slf4j\1.7.28\jul-to-slf4j-1.7.28.jar;C:\Users\xiu\.m2\repository\jakarta\annotation\jakarta.annotation-api\1.3.5\jakarta.annotation-api-1.3.5.jar;C:\Users\xiu\.m2\repository\org\yaml\snakeyaml\1.25\snakeyaml-1.25.jar;C:\Users\xiu\.m2\repository\org\thymeleaf\thymeleaf-spring5\3.0.11.RELEASE\thymeleaf-spring5-3.0.11.RELEASE.jar;C:\Users\xiu\.m2\repository\org\thymeleaf\thymeleaf\3.0.11.RELEASE\thymeleaf-3.0.11.RELEASE.jar;C:\Users\xiu\.m2\repository\org\attoparser\attoparser\2.0.5.RELEASE\attoparser-2.0.5.RELEASE.jar;C:\Users\xiu\.m2\repository\org\unbescape\unbescape\1.1.6.RELEASE\unbescape-1.1.6.RELEASE.jar;C:\Users\xiu\.m2\repo
Launcher Type: SUN_STANDARD

[Global flags]
     bool BytecodeVerificationLocal                = false                                     {product} {command line}
     bool BytecodeVerificationRemote               = false                                     {product} {command line}
     intx CICompilerCount                          = 3                                         {product} {ergonomic}
     uint ConcGCThreads                            = 2                                         {product} {ergonomic}
     uint G1ConcRefinementThreads                  = 6                                         {product} {ergonomic}
   size_t G1HeapRegionSize                         = 1048576                                   {product} {ergonomic}
    uintx GCDrainStackTargetSize                   = 64                                        {product} {ergonomic}
   size_t InitialHeapSize                          = 268435456                                 {product} {ergonomic}
     bool ManagementServer                         = true                                      {product} {command line}
   size_t MarkStackSize                            = 4194304                                   {product} {ergonomic}
   size_t MaxHeapSize                              = 4282384384                                {product} {ergonomic}
   size_t MaxNewSize                               = 2569011200                                {product} {ergonomic}
   size_t MinHeapDeltaBytes                        = 1048576                                   {product} {ergonomic}
    uintx NonNMethodCodeHeapSize                   = 6973028                                {pd product} {ergonomic}
    uintx NonProfiledCodeHeapSize                  = 244685212                              {pd product} {ergonomic}
    uintx ProfiledCodeHeapSize                     = 0                                      {pd product} {ergonomic}
    uintx ReservedCodeCacheSize                    = 251658240                              {pd product} {ergonomic}
     bool SegmentedCodeCache                       = true                                      {product} {ergonomic}
     intx TieredStopAtLevel                        = 1                                         {product} {command line}
     bool UseCompressedClassPointers               = true                                 {lp64_product} {ergonomic}
     bool UseCompressedOops                        = true                                 {lp64_product} {ergonomic}
     bool UseG1GC                                  = true                                      {product} {ergonomic}
     bool UseLargePagesIndividualAllocation        = false                                  {pd product} {ergonomic}

Logging:
Log output configuration:
 #0: stdout all=warning uptime,level,tags
 #1: stderr all=off uptime,level,tags

Environment Variables:
JAVA_HOME=D:\jdk1.8
CLASSPATH=F:\IDEA\apache-tomcat-8.5.61-windows-x64\apache-tomcat-8.5.61\lib\servlet-api.jar;
PATH=F:\apache-maven-3.3.9\bin\;C:\Program Files\NVIDIA GPU Computing Toolkit\CUDA\v10.1\bin;C:\Program Files\NVIDIA GPU Computing Toolkit\CUDA\v10.1\libnvvp;C:\Program Files (x86)\Common Files\Oracle\Java\javapath;C:\Windows\system32;C:\Windows;C:\Windows\System32\Wbem;C:\Windows\System32\WindowsPowerShell\v1.0\;C:\Windows\System32\OpenSSH\;D:\jdk1.8\bin;C:\Program Files\NVIDIA Corporation\Nsight Compute 2019.1\;C:\Program Files (x86)\NVIDIA Corporation\PhysX\Common;C:\Program Files\NVIDIA Corporation\NVIDIA NvDLISR;C:\Program Files\NVIDIA GPU Computing Toolkit\CUDA\v10.1\include;C:\Program Files\NVIDIA GPU Computing Toolkit\CUDA\v10.1\lib;C:\Program Files (x86)\Windows Kits\8.1\Windows Performance Toolkit\;C:\Program Files\Microsoft SQL Server\130\Tools\Binn\;D:\Code\opencv2015\vs2015\bin;D:\MATLAB\runtime\win64;D:\MATLAB\bin;D:\MATLAB\polyspace\bin;D:\MATLAB\extern\include\win64;D:\MATLAB\extern\bin\win64;D:\MATLAB\bin\win64;F:\IDEA\apache-tomcat-8.5.61-windows-x64\apache-tomcat-8.5.61\bin;F:\IDEA\apache-tomcat-8.5.61-windows-x64\apache-tomcat-8.5.61\lib;E:\GITStudy\Git\cmd;F:\OpenSSH-Win64;C:\Program Files\MATLAB\MATLAB Runtime\v85\runtime\win64;F:\DataLabel\ffmpeg\bin;C:\Program Files\dotnet\;F:\MySQL8.0\mysql-8.0.27-winx64\bin;F:\javaProject\elasticsearch-6.4.3\bin;C:\Program Files\MySQL\MySQL Shell 8.0\bin\;D:\python3.6install\Scripts\;D:\python3.6install\;C:\Users\xiu\AppData\Local\Microsoft\WindowsApps;D:\pycharm\PyCharm 2020.2.3\bin;;D:\VScode\Microsoft VS Code\bin;E:\常用软件\
USERNAME=xiu
OS=Windows_NT
PROCESSOR_IDENTIFIER=Intel64 Family 6 Model 158 Stepping 10, GenuineIntel



---------------  S Y S T E M  ---------------

OS: Windows 10 , 64 bit Build 19041 (10.0.19041.1645)

CPU:total 6 (initial active 6) (6 cores per cpu, 1 threads per core) family 6 model 158 stepping 10, cmov, cx8, fxsr, mmx, sse, sse2, sse3, ssse3, sse4.1, sse4.2, popcnt, avx, avx2, aes, clmul, erms, 3dnowpref, lzcnt, tsc, tscinvbit, bmi1, bmi2, adx, fma

Memory: 4k page, system-wide physical 16328M (497M free)
TotalPageFile size 65480M (AvailPageFile size 0M)
current process WorkingSet (physical memory assigned to process): 641M, peak: 641M
current process commit charge ("private bytes"): 735M, peak: 737M

vm_info: OpenJDK 64-Bit Server VM (11.0.5+10-b520.30) for windows-amd64 JRE (11.0.5+10-b520.30), built on Dec 24 2019 12:06:09 by "" with MS VC++ 14.0 (VS2015)

END.
