2022-05-10 00:33:43.417 [restartedMain] DEBUG com.newcoder.community.CommunityApplication - Running with Spring Boot v2.2.0.RELEASE, Spring v5.2.0.RELEASE
2022-05-10 00:41:46.903 [restartedMain] DEBUG com.newcoder.community.CommunityApplication - Running with Spring Boot v2.2.0.RELEASE, Spring v5.2.0.RELEASE
2022-05-10 00:43:09.165 [http-nio-8080-exec-8] DEBUG com.newcoder.community.service.DiscussPostService - Load data from DB
2022-05-10 00:43:09.189 [http-nio-8080-exec-8] DEBUG c.n.c.dao.DiscussPostMapper.selectDiscussPostRows - ==>  Preparing: select count(id) from discuss_post where status!=2 
2022-05-10 00:43:09.195 [http-nio-8080-exec-8] DEBUG c.n.c.dao.DiscussPostMapper.selectDiscussPostRows - ==> Parameters: 
2022-05-10 00:43:09.203 [http-nio-8080-exec-8] DEBUG c.n.c.dao.DiscussPostMapper.selectDiscussPostRows - <==      Total: 1
2022-05-10 00:43:09.207 [http-nio-8080-exec-8] DEBUG com.newcoder.community.service.DiscussPostService - Load data from DB
2022-05-10 00:43:09.208 [http-nio-8080-exec-8] DEBUG c.n.c.dao.DiscussPostMapper.selectDiscussPosts - ==>  Preparing: select id,user_id,title,content,type,status,create_time,comment_count,score from discuss_post where status!=2 order by type DESC , create_time DESC limit ? , ? 
2022-05-10 00:43:09.209 [http-nio-8080-exec-8] DEBUG c.n.c.dao.DiscussPostMapper.selectDiscussPosts - ==> Parameters: 0(Integer), 10(Integer)
2022-05-10 00:43:09.214 [http-nio-8080-exec-8] DEBUG c.n.c.dao.DiscussPostMapper.selectDiscussPosts - <==      Total: 10
2022-05-10 00:43:09.250 [http-nio-8080-exec-8] DEBUG com.newcoder.community.dao.UserMapper.selectById - ==>  Preparing: select id,username,password,salt,email,type,status,activation_code,header_url,create_time from user where id = ? 
2022-05-10 00:43:09.250 [http-nio-8080-exec-8] DEBUG com.newcoder.community.dao.UserMapper.selectById - ==> Parameters: 168(Integer)
2022-05-10 00:43:09.251 [http-nio-8080-exec-8] DEBUG com.newcoder.community.dao.UserMapper.selectById - <==      Total: 1
2022-05-10 00:43:09.337 [http-nio-8080-exec-8] DEBUG com.newcoder.community.dao.UserMapper.selectById - ==>  Preparing: select id,username,password,salt,email,type,status,activation_code,header_url,create_time from user where id = ? 
2022-05-10 00:43:09.337 [http-nio-8080-exec-8] DEBUG com.newcoder.community.dao.UserMapper.selectById - ==> Parameters: 173(Integer)
2022-05-10 00:43:09.339 [http-nio-8080-exec-8] DEBUG com.newcoder.community.dao.UserMapper.selectById - <==      Total: 1
2022-05-10 00:43:09.560 [http-nio-8080-exec-8] DEBUG com.newcoder.community.dao.UserMapper.selectById - ==>  Preparing: select id,username,password,salt,email,type,status,activation_code,header_url,create_time from user where id = ? 
2022-05-10 00:43:09.560 [http-nio-8080-exec-8] DEBUG com.newcoder.community.dao.UserMapper.selectById - ==> Parameters: 11(Integer)
2022-05-10 00:43:09.561 [http-nio-8080-exec-8] DEBUG com.newcoder.community.dao.UserMapper.selectById - <==      Total: 1
2022-05-10 00:43:09.697 [http-nio-8080-exec-8] DEBUG com.newcoder.community.dao.UserMapper.selectById - ==>  Preparing: select id,username,password,salt,email,type,status,activation_code,header_url,create_time from user where id = ? 
2022-05-10 00:43:09.697 [http-nio-8080-exec-8] DEBUG com.newcoder.community.dao.UserMapper.selectById - ==> Parameters: 111(Integer)
2022-05-10 00:43:09.698 [http-nio-8080-exec-8] DEBUG com.newcoder.community.dao.UserMapper.selectById - <==      Total: 1
2022-05-10 00:43:09.813 [http-nio-8080-exec-8] DEBUG com.newcoder.community.dao.UserMapper.selectById - ==>  Preparing: select id,username,password,salt,email,type,status,activation_code,header_url,create_time from user where id = ? 
2022-05-10 00:43:09.813 [http-nio-8080-exec-8] DEBUG com.newcoder.community.dao.UserMapper.selectById - ==> Parameters: 149(Integer)
2022-05-10 00:43:09.814 [http-nio-8080-exec-8] DEBUG com.newcoder.community.dao.UserMapper.selectById - <==      Total: 1
2022-05-10 00:43:09.999 [http-nio-8080-exec-8] DEBUG com.newcoder.community.dao.UserMapper.selectById - ==>  Preparing: select id,username,password,salt,email,type,status,activation_code,header_url,create_time from user where id = ? 
2022-05-10 00:43:10.000 [http-nio-8080-exec-8] DEBUG com.newcoder.community.dao.UserMapper.selectById - ==> Parameters: 146(Integer)
2022-05-10 00:43:10.001 [http-nio-8080-exec-8] DEBUG com.newcoder.community.dao.UserMapper.selectById - <==      Total: 1
2022-05-10 00:43:27.130 [http-nio-8080-exec-1] DEBUG com.newcoder.community.service.DiscussPostService - Load data from DB
2022-05-10 00:43:27.131 [http-nio-8080-exec-1] DEBUG c.n.c.dao.DiscussPostMapper.selectDiscussPosts - ==>  Preparing: select id,user_id,title,content,type,status,create_time,comment_count,score from discuss_post where status!=2 order by type DESC , create_time DESC limit ? , ? 
2022-05-10 00:43:27.132 [http-nio-8080-exec-1] DEBUG c.n.c.dao.DiscussPostMapper.selectDiscussPosts - ==> Parameters: 0(Integer), 10(Integer)
2022-05-10 00:43:27.146 [http-nio-8080-exec-1] DEBUG c.n.c.dao.DiscussPostMapper.selectDiscussPosts - <==      Total: 10
2022-05-10 00:43:42.115 [http-nio-8080-exec-4] DEBUG c.n.c.controller.interceptor.AlphaInterceptor - preHandle com.newcoder.community.controller.LoginController#getLoginPage()
2022-05-10 00:43:42.140 [http-nio-8080-exec-4] DEBUG c.n.c.controller.interceptor.AlphaInterceptor - postHandle com.newcoder.community.controller.LoginController#getLoginPage()
2022-05-10 00:43:42.155 [http-nio-8080-exec-4] DEBUG c.n.c.controller.interceptor.AlphaInterceptor - afterCompletion com.newcoder.community.controller.LoginController#getLoginPage()
2022-05-10 00:43:50.402 [http-nio-8080-exec-2] DEBUG c.n.c.controller.interceptor.AlphaInterceptor - preHandle com.newcoder.community.controller.LoginController#login(String, String, String, boolean, Model, HttpServletResponse, String)
2022-05-10 00:43:50.456 [http-nio-8080-exec-2] DEBUG com.newcoder.community.dao.UserMapper.selectByName - ==>  Preparing: select id,username,password,salt,email,type,status,activation_code,header_url,create_time from user where username = ? 
2022-05-10 00:43:50.456 [http-nio-8080-exec-2] DEBUG com.newcoder.community.dao.UserMapper.selectByName - ==> Parameters: ymm(String)
2022-05-10 00:43:50.457 [http-nio-8080-exec-2] DEBUG com.newcoder.community.dao.UserMapper.selectByName - <==      Total: 1
2022-05-10 00:43:50.484 [http-nio-8080-exec-2] DEBUG c.n.c.controller.interceptor.AlphaInterceptor - postHandle com.newcoder.community.controller.LoginController#login(String, String, String, boolean, Model, HttpServletResponse, String)
2022-05-10 00:43:50.489 [http-nio-8080-exec-2] DEBUG c.n.c.controller.interceptor.AlphaInterceptor - afterCompletion com.newcoder.community.controller.LoginController#login(String, String, String, boolean, Model, HttpServletResponse, String)
2022-05-10 00:43:50.546 [http-nio-8080-exec-3] DEBUG com.newcoder.community.dao.UserMapper.selectById - ==>  Preparing: select id,username,password,salt,email,type,status,activation_code,header_url,create_time from user where id = ? 
2022-05-10 00:43:50.546 [http-nio-8080-exec-3] DEBUG com.newcoder.community.dao.UserMapper.selectById - ==> Parameters: 168(Integer)
2022-05-10 00:43:50.547 [http-nio-8080-exec-3] DEBUG com.newcoder.community.dao.UserMapper.selectById - <==      Total: 1
2022-05-10 00:43:50.599 [http-nio-8080-exec-3] DEBUG com.newcoder.community.service.DiscussPostService - Load data from DB
2022-05-10 00:43:50.599 [http-nio-8080-exec-3] DEBUG c.n.c.dao.DiscussPostMapper.selectDiscussPosts - ==>  Preparing: select id,user_id,title,content,type,status,create_time,comment_count,score from discuss_post where status!=2 order by type DESC , create_time DESC limit ? , ? 
2022-05-10 00:43:50.599 [http-nio-8080-exec-3] DEBUG c.n.c.dao.DiscussPostMapper.selectDiscussPosts - ==> Parameters: 0(Integer), 10(Integer)
2022-05-10 00:43:50.601 [http-nio-8080-exec-3] DEBUG c.n.c.dao.DiscussPostMapper.selectDiscussPosts - <==      Total: 10
2022-05-10 00:43:51.101 [http-nio-8080-exec-3] DEBUG c.n.c.dao.MessageMapper.selectLetterUnreadCount - ==>  Preparing: select count(id) from message where to_id=? and status=0 and from_id!=1 
2022-05-10 00:43:51.101 [http-nio-8080-exec-3] DEBUG c.n.c.dao.MessageMapper.selectLetterUnreadCount - ==> Parameters: 168(Integer)
2022-05-10 00:43:51.120 [http-nio-8080-exec-3] DEBUG c.n.c.dao.MessageMapper.selectLetterUnreadCount - <==      Total: 1
2022-05-10 00:43:51.121 [http-nio-8080-exec-3] DEBUG c.n.c.dao.MessageMapper.selectNoticeUnreadCount - ==>  Preparing: select count(id) from message where status=0 and from_id=1 and to_id=? 
2022-05-10 00:43:51.121 [http-nio-8080-exec-3] DEBUG c.n.c.dao.MessageMapper.selectNoticeUnreadCount - ==> Parameters: 168(Integer)
2022-05-10 00:43:51.121 [http-nio-8080-exec-3] DEBUG c.n.c.dao.MessageMapper.selectNoticeUnreadCount - <==      Total: 1
2022-05-10 00:49:00.156 [http-nio-8080-exec-10] DEBUG com.newcoder.community.dao.UserMapper.selectById - ==>  Preparing: select id,username,password,salt,email,type,status,activation_code,header_url,create_time from user where id = ? 
2022-05-10 00:49:00.156 [http-nio-8080-exec-10] DEBUG com.newcoder.community.dao.UserMapper.selectById - ==> Parameters: 168(Integer)
2022-05-10 00:49:00.157 [http-nio-8080-exec-10] DEBUG com.newcoder.community.dao.UserMapper.selectById - <==      Total: 1
2022-05-10 00:49:00.208 [http-nio-8080-exec-10] DEBUG c.n.c.dao.MessageMapper.selectLetterUnreadCount - ==>  Preparing: select count(id) from message where to_id=? and status=0 and from_id!=1 
2022-05-10 00:49:00.209 [http-nio-8080-exec-10] DEBUG c.n.c.dao.MessageMapper.selectLetterUnreadCount - ==> Parameters: 168(Integer)
2022-05-10 00:49:00.211 [http-nio-8080-exec-10] DEBUG c.n.c.dao.MessageMapper.selectLetterUnreadCount - <==      Total: 1
2022-05-10 00:49:00.213 [http-nio-8080-exec-10] DEBUG c.n.c.dao.MessageMapper.selectNoticeUnreadCount - ==>  Preparing: select count(id) from message where status=0 and from_id=1 and to_id=? 
2022-05-10 00:49:00.214 [http-nio-8080-exec-10] DEBUG c.n.c.dao.MessageMapper.selectNoticeUnreadCount - ==> Parameters: 168(Integer)
2022-05-10 00:49:00.215 [http-nio-8080-exec-10] DEBUG c.n.c.dao.MessageMapper.selectNoticeUnreadCount - <==      Total: 1
2022-05-10 00:49:00.266 [http-nio-8080-exec-10] DEBUG com.newcoder.community.dao.UserMapper.selectById - ==>  Preparing: select id,username,password,salt,email,type,status,activation_code,header_url,create_time from user where id = ? 
2022-05-10 00:49:00.266 [http-nio-8080-exec-10] DEBUG com.newcoder.community.dao.UserMapper.selectById - ==> Parameters: 168(Integer)
2022-05-10 00:49:00.267 [http-nio-8080-exec-10] DEBUG com.newcoder.community.dao.UserMapper.selectById - <==      Total: 1
2022-05-10 00:49:00.319 [http-nio-8080-exec-10] DEBUG com.newcoder.community.service.DiscussPostService - Load data from DB
2022-05-10 00:49:00.320 [http-nio-8080-exec-10] DEBUG c.n.c.dao.DiscussPostMapper.selectDiscussPostRows - ==>  Preparing: select count(id) from discuss_post where status!=2 
2022-05-10 00:49:00.320 [http-nio-8080-exec-10] DEBUG c.n.c.dao.DiscussPostMapper.selectDiscussPostRows - ==> Parameters: 
2022-05-10 00:49:00.323 [http-nio-8080-exec-10] DEBUG c.n.c.dao.DiscussPostMapper.selectDiscussPostRows - <==      Total: 1
2022-05-10 00:49:00.324 [http-nio-8080-exec-10] DEBUG com.newcoder.community.service.DiscussPostService - Load data from DB
2022-05-10 00:49:00.324 [http-nio-8080-exec-10] DEBUG c.n.c.dao.DiscussPostMapper.selectDiscussPosts - ==>  Preparing: select id,user_id,title,content,type,status,create_time,comment_count,score from discuss_post where status!=2 order by type DESC , create_time DESC limit ? , ? 
2022-05-10 00:49:00.324 [http-nio-8080-exec-10] DEBUG c.n.c.dao.DiscussPostMapper.selectDiscussPosts - ==> Parameters: 0(Integer), 10(Integer)
2022-05-10 00:49:00.326 [http-nio-8080-exec-10] DEBUG c.n.c.dao.DiscussPostMapper.selectDiscussPosts - <==      Total: 10
2022-05-10 00:49:00.824 [http-nio-8080-exec-10] DEBUG c.n.c.dao.MessageMapper.selectLetterUnreadCount - ==>  Preparing: select count(id) from message where to_id=? and status=0 and from_id!=1 
2022-05-10 00:49:00.824 [http-nio-8080-exec-10] DEBUG c.n.c.dao.MessageMapper.selectLetterUnreadCount - ==> Parameters: 168(Integer)
2022-05-10 00:49:00.825 [http-nio-8080-exec-10] DEBUG c.n.c.dao.MessageMapper.selectLetterUnreadCount - <==      Total: 1
2022-05-10 00:49:00.826 [http-nio-8080-exec-10] DEBUG c.n.c.dao.MessageMapper.selectNoticeUnreadCount - ==>  Preparing: select count(id) from message where status=0 and from_id=1 and to_id=? 
2022-05-10 00:49:00.826 [http-nio-8080-exec-10] DEBUG c.n.c.dao.MessageMapper.selectNoticeUnreadCount - ==> Parameters: 168(Integer)
2022-05-10 00:49:00.827 [http-nio-8080-exec-10] DEBUG c.n.c.dao.MessageMapper.selectNoticeUnreadCount - <==      Total: 1
2022-05-10 02:13:51.091 [restartedMain] DEBUG com.newcoder.community.CommunityApplication - Running with Spring Boot v2.2.0.RELEASE, Spring v5.2.0.RELEASE
2022-05-10 02:14:21.619 [http-nio-8080-exec-7] DEBUG com.newcoder.community.service.DiscussPostService - Load data from DB
2022-05-10 02:14:21.643 [http-nio-8080-exec-7] DEBUG c.n.c.dao.DiscussPostMapper.selectDiscussPostRows - ==>  Preparing: select count(id) from discuss_post where status!=2 
2022-05-10 02:14:21.649 [http-nio-8080-exec-7] DEBUG c.n.c.dao.DiscussPostMapper.selectDiscussPostRows - ==> Parameters: 
2022-05-10 02:14:21.656 [http-nio-8080-exec-7] DEBUG c.n.c.dao.DiscussPostMapper.selectDiscussPostRows - <==      Total: 1
2022-05-10 02:14:21.659 [http-nio-8080-exec-7] DEBUG com.newcoder.community.service.DiscussPostService - Load data from DB
2022-05-10 02:14:21.661 [http-nio-8080-exec-7] DEBUG c.n.c.dao.DiscussPostMapper.selectDiscussPosts - ==>  Preparing: select id,user_id,title,content,type,status,create_time,comment_count,score from discuss_post where status!=2 order by type DESC , create_time DESC limit ? , ? 
2022-05-10 02:14:21.661 [http-nio-8080-exec-7] DEBUG c.n.c.dao.DiscussPostMapper.selectDiscussPosts - ==> Parameters: 0(Integer), 10(Integer)
2022-05-10 02:14:21.666 [http-nio-8080-exec-7] DEBUG c.n.c.dao.DiscussPostMapper.selectDiscussPosts - <==      Total: 10
2022-05-10 02:14:21.691 [http-nio-8080-exec-7] DEBUG com.newcoder.community.dao.UserMapper.selectById - ==>  Preparing: select id,username,password,salt,email,type,status,activation_code,header_url,create_time from user where id = ? 
2022-05-10 02:14:21.691 [http-nio-8080-exec-7] DEBUG com.newcoder.community.dao.UserMapper.selectById - ==> Parameters: 168(Integer)
2022-05-10 02:14:21.693 [http-nio-8080-exec-7] DEBUG com.newcoder.community.dao.UserMapper.selectById - <==      Total: 1
2022-05-10 02:14:21.776 [http-nio-8080-exec-7] DEBUG com.newcoder.community.dao.UserMapper.selectById - ==>  Preparing: select id,username,password,salt,email,type,status,activation_code,header_url,create_time from user where id = ? 
2022-05-10 02:14:21.778 [http-nio-8080-exec-7] DEBUG com.newcoder.community.dao.UserMapper.selectById - ==> Parameters: 173(Integer)
2022-05-10 02:14:21.779 [http-nio-8080-exec-7] DEBUG com.newcoder.community.dao.UserMapper.selectById - <==      Total: 1
2022-05-10 02:14:21.968 [http-nio-8080-exec-7] DEBUG com.newcoder.community.dao.UserMapper.selectById - ==>  Preparing: select id,username,password,salt,email,type,status,activation_code,header_url,create_time from user where id = ? 
2022-05-10 02:14:21.968 [http-nio-8080-exec-7] DEBUG com.newcoder.community.dao.UserMapper.selectById - ==> Parameters: 11(Integer)
2022-05-10 02:14:21.969 [http-nio-8080-exec-7] DEBUG com.newcoder.community.dao.UserMapper.selectById - <==      Total: 1
2022-05-10 02:14:22.043 [http-nio-8080-exec-7] DEBUG com.newcoder.community.dao.UserMapper.selectById - ==>  Preparing: select id,username,password,salt,email,type,status,activation_code,header_url,create_time from user where id = ? 
2022-05-10 02:14:22.044 [http-nio-8080-exec-7] DEBUG com.newcoder.community.dao.UserMapper.selectById - ==> Parameters: 111(Integer)
2022-05-10 02:14:22.044 [http-nio-8080-exec-7] DEBUG com.newcoder.community.dao.UserMapper.selectById - <==      Total: 1
2022-05-10 02:14:22.118 [http-nio-8080-exec-7] DEBUG com.newcoder.community.dao.UserMapper.selectById - ==>  Preparing: select id,username,password,salt,email,type,status,activation_code,header_url,create_time from user where id = ? 
2022-05-10 02:14:22.118 [http-nio-8080-exec-7] DEBUG com.newcoder.community.dao.UserMapper.selectById - ==> Parameters: 149(Integer)
2022-05-10 02:14:22.119 [http-nio-8080-exec-7] DEBUG com.newcoder.community.dao.UserMapper.selectById - <==      Total: 1
2022-05-10 02:14:22.290 [http-nio-8080-exec-7] DEBUG com.newcoder.community.dao.UserMapper.selectById - ==>  Preparing: select id,username,password,salt,email,type,status,activation_code,header_url,create_time from user where id = ? 
2022-05-10 02:14:22.290 [http-nio-8080-exec-7] DEBUG com.newcoder.community.dao.UserMapper.selectById - ==> Parameters: 146(Integer)
2022-05-10 02:14:22.292 [http-nio-8080-exec-7] DEBUG com.newcoder.community.dao.UserMapper.selectById - <==      Total: 1
2022-05-10 02:14:26.560 [http-nio-8080-exec-1] DEBUG c.n.c.controller.interceptor.AlphaInterceptor - preHandle com.newcoder.community.controller.LoginController#getLoginPage()
2022-05-10 02:14:26.609 [http-nio-8080-exec-1] DEBUG c.n.c.controller.interceptor.AlphaInterceptor - postHandle com.newcoder.community.controller.LoginController#getLoginPage()
2022-05-10 02:14:26.641 [http-nio-8080-exec-1] DEBUG c.n.c.controller.interceptor.AlphaInterceptor - afterCompletion com.newcoder.community.controller.LoginController#getLoginPage()
2022-05-10 02:14:33.739 [http-nio-8080-exec-8] DEBUG c.n.c.controller.interceptor.AlphaInterceptor - preHandle com.newcoder.community.controller.LoginController#login(String, String, String, boolean, Model, HttpServletResponse, String)
2022-05-10 02:14:33.818 [http-nio-8080-exec-8] DEBUG com.newcoder.community.dao.UserMapper.selectByName - ==>  Preparing: select id,username,password,salt,email,type,status,activation_code,header_url,create_time from user where username = ? 
2022-05-10 02:14:33.818 [http-nio-8080-exec-8] DEBUG com.newcoder.community.dao.UserMapper.selectByName - ==> Parameters: ymm(String)
2022-05-10 02:14:33.819 [http-nio-8080-exec-8] DEBUG com.newcoder.community.dao.UserMapper.selectByName - <==      Total: 1
2022-05-10 02:14:33.847 [http-nio-8080-exec-8] DEBUG c.n.c.controller.interceptor.AlphaInterceptor - postHandle com.newcoder.community.controller.LoginController#login(String, String, String, boolean, Model, HttpServletResponse, String)
2022-05-10 02:14:33.856 [http-nio-8080-exec-8] DEBUG c.n.c.controller.interceptor.AlphaInterceptor - afterCompletion com.newcoder.community.controller.LoginController#login(String, String, String, boolean, Model, HttpServletResponse, String)
2022-05-10 02:14:33.909 [http-nio-8080-exec-2] DEBUG com.newcoder.community.dao.UserMapper.selectById - ==>  Preparing: select id,username,password,salt,email,type,status,activation_code,header_url,create_time from user where id = ? 
2022-05-10 02:14:33.909 [http-nio-8080-exec-2] DEBUG com.newcoder.community.dao.UserMapper.selectById - ==> Parameters: 168(Integer)
2022-05-10 02:14:33.910 [http-nio-8080-exec-2] DEBUG com.newcoder.community.dao.UserMapper.selectById - <==      Total: 1
2022-05-10 02:14:33.961 [http-nio-8080-exec-2] DEBUG com.newcoder.community.service.DiscussPostService - Load data from DB
2022-05-10 02:14:33.962 [http-nio-8080-exec-2] DEBUG c.n.c.dao.DiscussPostMapper.selectDiscussPosts - ==>  Preparing: select id,user_id,title,content,type,status,create_time,comment_count,score from discuss_post where status!=2 order by type DESC , create_time DESC limit ? , ? 
2022-05-10 02:14:33.962 [http-nio-8080-exec-2] DEBUG c.n.c.dao.DiscussPostMapper.selectDiscussPosts - ==> Parameters: 0(Integer), 10(Integer)
2022-05-10 02:14:33.966 [http-nio-8080-exec-2] DEBUG c.n.c.dao.DiscussPostMapper.selectDiscussPosts - <==      Total: 10
2022-05-10 02:14:34.452 [http-nio-8080-exec-2] DEBUG c.n.c.dao.MessageMapper.selectLetterUnreadCount - ==>  Preparing: select count(id) from message where to_id=? and status=0 and from_id!=1 
2022-05-10 02:14:34.452 [http-nio-8080-exec-2] DEBUG c.n.c.dao.MessageMapper.selectLetterUnreadCount - ==> Parameters: 168(Integer)
2022-05-10 02:14:34.454 [http-nio-8080-exec-2] DEBUG c.n.c.dao.MessageMapper.selectLetterUnreadCount - <==      Total: 1
2022-05-10 02:14:34.454 [http-nio-8080-exec-2] DEBUG c.n.c.dao.MessageMapper.selectNoticeUnreadCount - ==>  Preparing: select count(id) from message where status=0 and from_id=1 and to_id=? 
2022-05-10 02:14:34.455 [http-nio-8080-exec-2] DEBUG c.n.c.dao.MessageMapper.selectNoticeUnreadCount - ==> Parameters: 168(Integer)
2022-05-10 02:14:34.455 [http-nio-8080-exec-2] DEBUG c.n.c.dao.MessageMapper.selectNoticeUnreadCount - <==      Total: 1
