2022-04-24 17:14:43.301 [restartedMain] DEBUG com.newcoder.community.CommunityApplication - Running with Spring Boot v2.6.6, Spring v5.3.18
2022-04-24 17:14:56.603 [http-nio-8080-exec-1] DEBUG c.n.c.dao.DiscussPostMapper.selectDiscussPostRows - ==>  Preparing: select count(id) from discuss_post where status!=2 
2022-04-24 17:14:56.619 [http-nio-8080-exec-1] DEBUG c.n.c.dao.DiscussPostMapper.selectDiscussPostRows - ==> Parameters: 
2022-04-24 17:14:56.814 [http-nio-8080-exec-1] DEBUG c.n.c.dao.DiscussPostMapper.selectDiscussPostRows - <==      Total: 1
2022-04-24 17:14:56.818 [http-nio-8080-exec-1] DEBUG c.n.c.dao.DiscussPostMapper.selectDiscussPosts - ==>  Preparing: select id,user_id,title,content,type,status,create_time,comment_count,score from discuss_post where status!=2 order by type DESC , create_time DESC limit ? , ? 
2022-04-24 17:14:56.819 [http-nio-8080-exec-1] DEBUG c.n.c.dao.DiscussPostMapper.selectDiscussPosts - ==> Parameters: 0(Integer), 10(Integer)
2022-04-24 17:14:56.833 [http-nio-8080-exec-1] DEBUG c.n.c.dao.DiscussPostMapper.selectDiscussPosts - <==      Total: 10
2022-04-24 17:14:56.833 [http-nio-8080-exec-1] DEBUG com.newcoder.community.dao.UserMapper.selectById - ==>  Preparing: select id,username,password,salt,email,type,status,activation_code,header_url,create_time from user where id = ? 
2022-04-24 17:14:56.834 [http-nio-8080-exec-1] DEBUG com.newcoder.community.dao.UserMapper.selectById - ==> Parameters: 11(Integer)
2022-04-24 17:14:56.861 [http-nio-8080-exec-1] DEBUG com.newcoder.community.dao.UserMapper.selectById - <==      Total: 1
2022-04-24 17:14:56.861 [http-nio-8080-exec-1] DEBUG com.newcoder.community.dao.UserMapper.selectById - ==>  Preparing: select id,username,password,salt,email,type,status,activation_code,header_url,create_time from user where id = ? 
2022-04-24 17:14:56.861 [http-nio-8080-exec-1] DEBUG com.newcoder.community.dao.UserMapper.selectById - ==> Parameters: 111(Integer)
2022-04-24 17:14:56.872 [http-nio-8080-exec-1] DEBUG com.newcoder.community.dao.UserMapper.selectById - <==      Total: 1
2022-04-24 17:14:56.873 [http-nio-8080-exec-1] DEBUG com.newcoder.community.dao.UserMapper.selectById - ==>  Preparing: select id,username,password,salt,email,type,status,activation_code,header_url,create_time from user where id = ? 
2022-04-24 17:14:56.873 [http-nio-8080-exec-1] DEBUG com.newcoder.community.dao.UserMapper.selectById - ==> Parameters: 149(Integer)
2022-04-24 17:14:56.874 [http-nio-8080-exec-1] DEBUG com.newcoder.community.dao.UserMapper.selectById - <==      Total: 1
2022-04-24 17:14:56.874 [http-nio-8080-exec-1] DEBUG com.newcoder.community.dao.UserMapper.selectById - ==>  Preparing: select id,username,password,salt,email,type,status,activation_code,header_url,create_time from user where id = ? 
2022-04-24 17:14:56.874 [http-nio-8080-exec-1] DEBUG com.newcoder.community.dao.UserMapper.selectById - ==> Parameters: 149(Integer)
2022-04-24 17:14:56.875 [http-nio-8080-exec-1] DEBUG com.newcoder.community.dao.UserMapper.selectById - <==      Total: 1
2022-04-24 17:14:56.875 [http-nio-8080-exec-1] DEBUG com.newcoder.community.dao.UserMapper.selectById - ==>  Preparing: select id,username,password,salt,email,type,status,activation_code,header_url,create_time from user where id = ? 
2022-04-24 17:14:56.875 [http-nio-8080-exec-1] DEBUG com.newcoder.community.dao.UserMapper.selectById - ==> Parameters: 149(Integer)
2022-04-24 17:14:56.876 [http-nio-8080-exec-1] DEBUG com.newcoder.community.dao.UserMapper.selectById - <==      Total: 1
2022-04-24 17:14:56.877 [http-nio-8080-exec-1] DEBUG com.newcoder.community.dao.UserMapper.selectById - ==>  Preparing: select id,username,password,salt,email,type,status,activation_code,header_url,create_time from user where id = ? 
2022-04-24 17:14:56.877 [http-nio-8080-exec-1] DEBUG com.newcoder.community.dao.UserMapper.selectById - ==> Parameters: 146(Integer)
2022-04-24 17:14:56.878 [http-nio-8080-exec-1] DEBUG com.newcoder.community.dao.UserMapper.selectById - <==      Total: 1
2022-04-24 17:14:56.879 [http-nio-8080-exec-1] DEBUG com.newcoder.community.dao.UserMapper.selectById - ==>  Preparing: select id,username,password,salt,email,type,status,activation_code,header_url,create_time from user where id = ? 
2022-04-24 17:14:56.879 [http-nio-8080-exec-1] DEBUG com.newcoder.community.dao.UserMapper.selectById - ==> Parameters: 145(Integer)
2022-04-24 17:14:56.880 [http-nio-8080-exec-1] DEBUG com.newcoder.community.dao.UserMapper.selectById - <==      Total: 1
2022-04-24 17:14:56.880 [http-nio-8080-exec-1] DEBUG com.newcoder.community.dao.UserMapper.selectById - ==>  Preparing: select id,username,password,salt,email,type,status,activation_code,header_url,create_time from user where id = ? 
2022-04-24 17:14:56.880 [http-nio-8080-exec-1] DEBUG com.newcoder.community.dao.UserMapper.selectById - ==> Parameters: 138(Integer)
2022-04-24 17:14:56.881 [http-nio-8080-exec-1] DEBUG com.newcoder.community.dao.UserMapper.selectById - <==      Total: 1
2022-04-24 17:14:56.882 [http-nio-8080-exec-1] DEBUG com.newcoder.community.dao.UserMapper.selectById - ==>  Preparing: select id,username,password,salt,email,type,status,activation_code,header_url,create_time from user where id = ? 
2022-04-24 17:14:56.882 [http-nio-8080-exec-1] DEBUG com.newcoder.community.dao.UserMapper.selectById - ==> Parameters: 138(Integer)
2022-04-24 17:14:56.882 [http-nio-8080-exec-1] DEBUG com.newcoder.community.dao.UserMapper.selectById - <==      Total: 1
2022-04-24 17:14:56.883 [http-nio-8080-exec-1] DEBUG com.newcoder.community.dao.UserMapper.selectById - ==>  Preparing: select id,username,password,salt,email,type,status,activation_code,header_url,create_time from user where id = ? 
2022-04-24 17:14:56.883 [http-nio-8080-exec-1] DEBUG com.newcoder.community.dao.UserMapper.selectById - ==> Parameters: 103(Integer)
2022-04-24 17:14:56.884 [http-nio-8080-exec-1] DEBUG com.newcoder.community.dao.UserMapper.selectById - <==      Total: 1
2022-04-24 17:23:59.755 [restartedMain] DEBUG com.newcoder.community.CommunityApplication - Running with Spring Boot v2.6.6, Spring v5.3.18
2022-04-24 17:26:57.529 [restartedMain] DEBUG com.newcoder.community.CommunityApplication - Running with Spring Boot v2.6.6, Spring v5.3.18
2022-04-24 22:09:01.836 [restartedMain] DEBUG com.newcoder.community.CommunityApplication - Running with Spring Boot v2.6.6, Spring v5.3.18
2022-04-24 22:26:27.651 [restartedMain] DEBUG com.newcoder.community.CommunityApplication - Running with Spring Boot v2.6.6, Spring v5.3.18
2022-04-24 22:28:02.367 [restartedMain] DEBUG com.newcoder.community.CommunityApplication - Running with Spring Boot v2.6.6, Spring v5.3.18
2022-04-24 23:09:28.560 [restartedMain] DEBUG com.newcoder.community.CommunityApplication - Running with Spring Boot v2.6.6, Spring v5.3.18
2022-04-24 23:10:17.404 [restartedMain] DEBUG com.newcoder.community.CommunityApplication - Running with Spring Boot v2.6.6, Spring v5.3.18
2022-04-24 23:12:24.794 [restartedMain] DEBUG com.newcoder.community.CommunityApplication - Running with Spring Boot v2.6.6, Spring v5.3.18
2022-04-24 23:15:26.716 [restartedMain] DEBUG com.newcoder.community.CommunityApplication - Running with Spring Boot v2.6.6, Spring v5.3.18
2022-04-24 23:26:42.894 [restartedMain] DEBUG com.newcoder.community.CommunityApplication - Running with Spring Boot v2.6.6, Spring v5.3.18
2022-04-24 23:30:25.796 [restartedMain] DEBUG com.newcoder.community.CommunityApplication - Running with Spring Boot v2.6.6, Spring v5.3.18
2022-04-24 23:38:02.100 [restartedMain] DEBUG com.newcoder.community.CommunityApplication - Running with Spring Boot v2.6.6, Spring v5.3.18
2022-04-24 23:43:39.715 [restartedMain] DEBUG com.newcoder.community.CommunityApplication - Running with Spring Boot v2.6.6, Spring v5.3.18
2022-04-24 23:55:16.794 [restartedMain] DEBUG com.newcoder.community.CommunityApplication - Running with Spring Boot v2.6.6, Spring v5.3.18
2022-04-24 23:56:52.797 [restartedMain] DEBUG com.newcoder.community.CommunityApplication - Running with Spring Boot v2.6.6, Spring v5.3.18
2022-04-24 23:59:59.865 [restartedMain] DEBUG com.newcoder.community.CommunityApplication - Running with Spring Boot v2.6.6, Spring v5.3.18
