2022-04-22 10:52:49.864 [main] DEBUG com.newcoder.community.TestLogger - Running with Spring Boot v2.6.6, Spring v5.3.18
2022-04-22 10:52:51.893 [main] DEBUG com.newcoder.community.TestLogger - debuglogger
2022-04-22 10:54:40.505 [main] DEBUG com.newcoder.community.TestLogger - Running with Spring Boot v2.6.6, Spring v5.3.18
2022-04-22 10:54:42.539 [main] DEBUG com.newcoder.community.TestLogger - debuglogger
2022-04-22 13:01:05.543 [main] DEBUG com.newcoder.community.MailTest - Running with Spring Boot v2.6.6, Spring v5.3.18
2022-04-22 13:05:32.849 [main] DEBUG com.newcoder.community.MailTest - Running with Spring Boot v2.6.6, Spring v5.3.18
2022-04-22 13:10:42.459 [main] DEBUG com.newcoder.community.MailTest - Running with Spring Boot v2.6.6, Spring v5.3.18
2022-04-22 13:13:19.945 [main] DEBUG com.newcoder.community.MailTest - Running with Spring Boot v2.6.6, Spring v5.3.18
2022-04-22 13:50:17.031 [main] DEBUG com.newcoder.community.MailTest - Running with Spring Boot v2.6.6, Spring v5.3.18
2022-04-22 14:53:11.445 [main] DEBUG com.newcoder.community.MailTest - Running with Spring Boot v2.6.6, Spring v5.3.18
2022-04-22 14:53:39.356 [restartedMain] DEBUG com.newcoder.community.CommunityApplication - Running with Spring Boot v2.6.6, Spring v5.3.18
2022-04-22 14:54:01.937 [http-nio-8080-exec-1] DEBUG c.n.c.dao.DiscussPostMapper.selectDiscussPostRows - ==>  Preparing: select count(id) from discuss_post where status!=2 
2022-04-22 14:54:01.954 [http-nio-8080-exec-1] DEBUG c.n.c.dao.DiscussPostMapper.selectDiscussPostRows - ==> Parameters: 
2022-04-22 14:54:01.973 [http-nio-8080-exec-1] DEBUG c.n.c.dao.DiscussPostMapper.selectDiscussPostRows - <==      Total: 1
2022-04-22 14:54:01.979 [http-nio-8080-exec-1] DEBUG c.n.c.dao.DiscussPostMapper.selectDiscussPosts - ==>  Preparing: select id,user_id,title,content,type,status,create_time,comment_count,score from discuss_post where status!=2 order by type DESC , create_time DESC limit ? , ? 
2022-04-22 14:54:01.980 [http-nio-8080-exec-1] DEBUG c.n.c.dao.DiscussPostMapper.selectDiscussPosts - ==> Parameters: 0(Integer), 10(Integer)
2022-04-22 14:54:01.987 [http-nio-8080-exec-1] DEBUG c.n.c.dao.DiscussPostMapper.selectDiscussPosts - <==      Total: 10
2022-04-22 14:54:01.987 [http-nio-8080-exec-1] DEBUG com.newcoder.community.dao.UserMapper.selectById - ==>  Preparing: select id,username,password,salt,email,type,status,activation_code,header_url,create_time from user where id = ? 
2022-04-22 14:54:01.988 [http-nio-8080-exec-1] DEBUG com.newcoder.community.dao.UserMapper.selectById - ==> Parameters: 11(Integer)
2022-04-22 14:54:01.990 [http-nio-8080-exec-1] DEBUG com.newcoder.community.dao.UserMapper.selectById - <==      Total: 1
2022-04-22 14:54:01.990 [http-nio-8080-exec-1] DEBUG com.newcoder.community.dao.UserMapper.selectById - ==>  Preparing: select id,username,password,salt,email,type,status,activation_code,header_url,create_time from user where id = ? 
2022-04-22 14:54:01.991 [http-nio-8080-exec-1] DEBUG com.newcoder.community.dao.UserMapper.selectById - ==> Parameters: 111(Integer)
2022-04-22 14:54:01.993 [http-nio-8080-exec-1] DEBUG com.newcoder.community.dao.UserMapper.selectById - <==      Total: 1
2022-04-22 14:54:01.994 [http-nio-8080-exec-1] DEBUG com.newcoder.community.dao.UserMapper.selectById - ==>  Preparing: select id,username,password,salt,email,type,status,activation_code,header_url,create_time from user where id = ? 
2022-04-22 14:54:01.994 [http-nio-8080-exec-1] DEBUG com.newcoder.community.dao.UserMapper.selectById - ==> Parameters: 149(Integer)
2022-04-22 14:54:01.996 [http-nio-8080-exec-1] DEBUG com.newcoder.community.dao.UserMapper.selectById - <==      Total: 1
2022-04-22 14:54:01.997 [http-nio-8080-exec-1] DEBUG com.newcoder.community.dao.UserMapper.selectById - ==>  Preparing: select id,username,password,salt,email,type,status,activation_code,header_url,create_time from user where id = ? 
2022-04-22 14:54:01.997 [http-nio-8080-exec-1] DEBUG com.newcoder.community.dao.UserMapper.selectById - ==> Parameters: 149(Integer)
2022-04-22 14:54:01.998 [http-nio-8080-exec-1] DEBUG com.newcoder.community.dao.UserMapper.selectById - <==      Total: 1
2022-04-22 14:54:01.999 [http-nio-8080-exec-1] DEBUG com.newcoder.community.dao.UserMapper.selectById - ==>  Preparing: select id,username,password,salt,email,type,status,activation_code,header_url,create_time from user where id = ? 
2022-04-22 14:54:01.999 [http-nio-8080-exec-1] DEBUG com.newcoder.community.dao.UserMapper.selectById - ==> Parameters: 149(Integer)
2022-04-22 14:54:02.000 [http-nio-8080-exec-1] DEBUG com.newcoder.community.dao.UserMapper.selectById - <==      Total: 1
2022-04-22 14:54:02.000 [http-nio-8080-exec-1] DEBUG com.newcoder.community.dao.UserMapper.selectById - ==>  Preparing: select id,username,password,salt,email,type,status,activation_code,header_url,create_time from user where id = ? 
2022-04-22 14:54:02.001 [http-nio-8080-exec-1] DEBUG com.newcoder.community.dao.UserMapper.selectById - ==> Parameters: 146(Integer)
2022-04-22 14:54:02.002 [http-nio-8080-exec-1] DEBUG com.newcoder.community.dao.UserMapper.selectById - <==      Total: 1
2022-04-22 14:54:02.003 [http-nio-8080-exec-1] DEBUG com.newcoder.community.dao.UserMapper.selectById - ==>  Preparing: select id,username,password,salt,email,type,status,activation_code,header_url,create_time from user where id = ? 
2022-04-22 14:54:02.003 [http-nio-8080-exec-1] DEBUG com.newcoder.community.dao.UserMapper.selectById - ==> Parameters: 145(Integer)
2022-04-22 14:54:02.004 [http-nio-8080-exec-1] DEBUG com.newcoder.community.dao.UserMapper.selectById - <==      Total: 1
2022-04-22 14:54:02.004 [http-nio-8080-exec-1] DEBUG com.newcoder.community.dao.UserMapper.selectById - ==>  Preparing: select id,username,password,salt,email,type,status,activation_code,header_url,create_time from user where id = ? 
2022-04-22 14:54:02.005 [http-nio-8080-exec-1] DEBUG com.newcoder.community.dao.UserMapper.selectById - ==> Parameters: 138(Integer)
2022-04-22 14:54:02.006 [http-nio-8080-exec-1] DEBUG com.newcoder.community.dao.UserMapper.selectById - <==      Total: 1
2022-04-22 14:54:02.006 [http-nio-8080-exec-1] DEBUG com.newcoder.community.dao.UserMapper.selectById - ==>  Preparing: select id,username,password,salt,email,type,status,activation_code,header_url,create_time from user where id = ? 
2022-04-22 14:54:02.006 [http-nio-8080-exec-1] DEBUG com.newcoder.community.dao.UserMapper.selectById - ==> Parameters: 138(Integer)
2022-04-22 14:54:02.007 [http-nio-8080-exec-1] DEBUG com.newcoder.community.dao.UserMapper.selectById - <==      Total: 1
2022-04-22 14:54:02.007 [http-nio-8080-exec-1] DEBUG com.newcoder.community.dao.UserMapper.selectById - ==>  Preparing: select id,username,password,salt,email,type,status,activation_code,header_url,create_time from user where id = ? 
2022-04-22 14:54:02.008 [http-nio-8080-exec-1] DEBUG com.newcoder.community.dao.UserMapper.selectById - ==> Parameters: 103(Integer)
2022-04-22 14:54:02.009 [http-nio-8080-exec-1] DEBUG com.newcoder.community.dao.UserMapper.selectById - <==      Total: 1
2022-04-22 14:54:13.705 [http-nio-8080-exec-10] DEBUG c.n.c.dao.DiscussPostMapper.selectDiscussPostRows - ==>  Preparing: select count(id) from discuss_post where status!=2 
2022-04-22 14:54:13.706 [http-nio-8080-exec-10] DEBUG c.n.c.dao.DiscussPostMapper.selectDiscussPostRows - ==> Parameters: 
2022-04-22 14:54:13.707 [http-nio-8080-exec-10] DEBUG c.n.c.dao.DiscussPostMapper.selectDiscussPostRows - <==      Total: 1
2022-04-22 14:54:13.707 [http-nio-8080-exec-10] DEBUG c.n.c.dao.DiscussPostMapper.selectDiscussPosts - ==>  Preparing: select id,user_id,title,content,type,status,create_time,comment_count,score from discuss_post where status!=2 order by type DESC , create_time DESC limit ? , ? 
2022-04-22 14:54:13.708 [http-nio-8080-exec-10] DEBUG c.n.c.dao.DiscussPostMapper.selectDiscussPosts - ==> Parameters: 0(Integer), 10(Integer)
2022-04-22 14:54:13.712 [http-nio-8080-exec-10] DEBUG c.n.c.dao.DiscussPostMapper.selectDiscussPosts - <==      Total: 10
2022-04-22 14:54:13.713 [http-nio-8080-exec-10] DEBUG com.newcoder.community.dao.UserMapper.selectById - ==>  Preparing: select id,username,password,salt,email,type,status,activation_code,header_url,create_time from user where id = ? 
2022-04-22 14:54:13.713 [http-nio-8080-exec-10] DEBUG com.newcoder.community.dao.UserMapper.selectById - ==> Parameters: 11(Integer)
2022-04-22 14:54:13.714 [http-nio-8080-exec-10] DEBUG com.newcoder.community.dao.UserMapper.selectById - <==      Total: 1
2022-04-22 14:54:13.715 [http-nio-8080-exec-10] DEBUG com.newcoder.community.dao.UserMapper.selectById - ==>  Preparing: select id,username,password,salt,email,type,status,activation_code,header_url,create_time from user where id = ? 
2022-04-22 14:54:13.715 [http-nio-8080-exec-10] DEBUG com.newcoder.community.dao.UserMapper.selectById - ==> Parameters: 111(Integer)
2022-04-22 14:54:13.716 [http-nio-8080-exec-10] DEBUG com.newcoder.community.dao.UserMapper.selectById - <==      Total: 1
2022-04-22 14:54:13.717 [http-nio-8080-exec-10] DEBUG com.newcoder.community.dao.UserMapper.selectById - ==>  Preparing: select id,username,password,salt,email,type,status,activation_code,header_url,create_time from user where id = ? 
2022-04-22 14:54:13.717 [http-nio-8080-exec-10] DEBUG com.newcoder.community.dao.UserMapper.selectById - ==> Parameters: 149(Integer)
2022-04-22 14:54:13.718 [http-nio-8080-exec-10] DEBUG com.newcoder.community.dao.UserMapper.selectById - <==      Total: 1
2022-04-22 14:54:13.718 [http-nio-8080-exec-10] DEBUG com.newcoder.community.dao.UserMapper.selectById - ==>  Preparing: select id,username,password,salt,email,type,status,activation_code,header_url,create_time from user where id = ? 
2022-04-22 14:54:13.719 [http-nio-8080-exec-10] DEBUG com.newcoder.community.dao.UserMapper.selectById - ==> Parameters: 149(Integer)
2022-04-22 14:54:13.719 [http-nio-8080-exec-10] DEBUG com.newcoder.community.dao.UserMapper.selectById - <==      Total: 1
2022-04-22 14:54:13.720 [http-nio-8080-exec-10] DEBUG com.newcoder.community.dao.UserMapper.selectById - ==>  Preparing: select id,username,password,salt,email,type,status,activation_code,header_url,create_time from user where id = ? 
2022-04-22 14:54:13.720 [http-nio-8080-exec-10] DEBUG com.newcoder.community.dao.UserMapper.selectById - ==> Parameters: 149(Integer)
2022-04-22 14:54:13.720 [http-nio-8080-exec-10] DEBUG com.newcoder.community.dao.UserMapper.selectById - <==      Total: 1
2022-04-22 14:54:13.721 [http-nio-8080-exec-10] DEBUG com.newcoder.community.dao.UserMapper.selectById - ==>  Preparing: select id,username,password,salt,email,type,status,activation_code,header_url,create_time from user where id = ? 
2022-04-22 14:54:13.721 [http-nio-8080-exec-10] DEBUG com.newcoder.community.dao.UserMapper.selectById - ==> Parameters: 146(Integer)
2022-04-22 14:54:13.723 [http-nio-8080-exec-10] DEBUG com.newcoder.community.dao.UserMapper.selectById - <==      Total: 1
2022-04-22 14:54:13.724 [http-nio-8080-exec-10] DEBUG com.newcoder.community.dao.UserMapper.selectById - ==>  Preparing: select id,username,password,salt,email,type,status,activation_code,header_url,create_time from user where id = ? 
2022-04-22 14:54:13.724 [http-nio-8080-exec-10] DEBUG com.newcoder.community.dao.UserMapper.selectById - ==> Parameters: 145(Integer)
2022-04-22 14:54:13.725 [http-nio-8080-exec-10] DEBUG com.newcoder.community.dao.UserMapper.selectById - <==      Total: 1
2022-04-22 14:54:13.726 [http-nio-8080-exec-10] DEBUG com.newcoder.community.dao.UserMapper.selectById - ==>  Preparing: select id,username,password,salt,email,type,status,activation_code,header_url,create_time from user where id = ? 
2022-04-22 14:54:13.726 [http-nio-8080-exec-10] DEBUG com.newcoder.community.dao.UserMapper.selectById - ==> Parameters: 138(Integer)
2022-04-22 14:54:13.727 [http-nio-8080-exec-10] DEBUG com.newcoder.community.dao.UserMapper.selectById - <==      Total: 1
2022-04-22 14:54:13.727 [http-nio-8080-exec-10] DEBUG com.newcoder.community.dao.UserMapper.selectById - ==>  Preparing: select id,username,password,salt,email,type,status,activation_code,header_url,create_time from user where id = ? 
2022-04-22 14:54:13.727 [http-nio-8080-exec-10] DEBUG com.newcoder.community.dao.UserMapper.selectById - ==> Parameters: 138(Integer)
2022-04-22 14:54:13.728 [http-nio-8080-exec-10] DEBUG com.newcoder.community.dao.UserMapper.selectById - <==      Total: 1
2022-04-22 14:54:13.728 [http-nio-8080-exec-10] DEBUG com.newcoder.community.dao.UserMapper.selectById - ==>  Preparing: select id,username,password,salt,email,type,status,activation_code,header_url,create_time from user where id = ? 
2022-04-22 14:54:13.728 [http-nio-8080-exec-10] DEBUG com.newcoder.community.dao.UserMapper.selectById - ==> Parameters: 103(Integer)
2022-04-22 14:54:13.729 [http-nio-8080-exec-10] DEBUG com.newcoder.community.dao.UserMapper.selectById - <==      Total: 1
2022-04-22 14:54:18.149 [http-nio-8080-exec-9] DEBUG c.n.c.dao.DiscussPostMapper.selectDiscussPostRows - ==>  Preparing: select count(id) from discuss_post where status!=2 
2022-04-22 14:54:18.150 [http-nio-8080-exec-9] DEBUG c.n.c.dao.DiscussPostMapper.selectDiscussPostRows - ==> Parameters: 
2022-04-22 14:54:18.151 [http-nio-8080-exec-9] DEBUG c.n.c.dao.DiscussPostMapper.selectDiscussPostRows - <==      Total: 1
2022-04-22 14:54:18.151 [http-nio-8080-exec-9] DEBUG c.n.c.dao.DiscussPostMapper.selectDiscussPosts - ==>  Preparing: select id,user_id,title,content,type,status,create_time,comment_count,score from discuss_post where status!=2 order by type DESC , create_time DESC limit ? , ? 
2022-04-22 14:54:18.151 [http-nio-8080-exec-9] DEBUG c.n.c.dao.DiscussPostMapper.selectDiscussPosts - ==> Parameters: 0(Integer), 10(Integer)
2022-04-22 14:54:18.154 [http-nio-8080-exec-9] DEBUG c.n.c.dao.DiscussPostMapper.selectDiscussPosts - <==      Total: 10
2022-04-22 14:54:18.154 [http-nio-8080-exec-9] DEBUG com.newcoder.community.dao.UserMapper.selectById - ==>  Preparing: select id,username,password,salt,email,type,status,activation_code,header_url,create_time from user where id = ? 
2022-04-22 14:54:18.154 [http-nio-8080-exec-9] DEBUG com.newcoder.community.dao.UserMapper.selectById - ==> Parameters: 11(Integer)
2022-04-22 14:54:18.155 [http-nio-8080-exec-9] DEBUG com.newcoder.community.dao.UserMapper.selectById - <==      Total: 1
2022-04-22 14:54:18.155 [http-nio-8080-exec-9] DEBUG com.newcoder.community.dao.UserMapper.selectById - ==>  Preparing: select id,username,password,salt,email,type,status,activation_code,header_url,create_time from user where id = ? 
2022-04-22 14:54:18.155 [http-nio-8080-exec-9] DEBUG com.newcoder.community.dao.UserMapper.selectById - ==> Parameters: 111(Integer)
2022-04-22 14:54:18.156 [http-nio-8080-exec-9] DEBUG com.newcoder.community.dao.UserMapper.selectById - <==      Total: 1
2022-04-22 14:54:18.156 [http-nio-8080-exec-9] DEBUG com.newcoder.community.dao.UserMapper.selectById - ==>  Preparing: select id,username,password,salt,email,type,status,activation_code,header_url,create_time from user where id = ? 
2022-04-22 14:54:18.157 [http-nio-8080-exec-9] DEBUG com.newcoder.community.dao.UserMapper.selectById - ==> Parameters: 149(Integer)
2022-04-22 14:54:18.157 [http-nio-8080-exec-9] DEBUG com.newcoder.community.dao.UserMapper.selectById - <==      Total: 1
2022-04-22 14:54:18.157 [http-nio-8080-exec-9] DEBUG com.newcoder.community.dao.UserMapper.selectById - ==>  Preparing: select id,username,password,salt,email,type,status,activation_code,header_url,create_time from user where id = ? 
2022-04-22 14:54:18.158 [http-nio-8080-exec-9] DEBUG com.newcoder.community.dao.UserMapper.selectById - ==> Parameters: 149(Integer)
2022-04-22 14:54:18.158 [http-nio-8080-exec-9] DEBUG com.newcoder.community.dao.UserMapper.selectById - <==      Total: 1
2022-04-22 14:54:18.159 [http-nio-8080-exec-9] DEBUG com.newcoder.community.dao.UserMapper.selectById - ==>  Preparing: select id,username,password,salt,email,type,status,activation_code,header_url,create_time from user where id = ? 
2022-04-22 14:54:18.159 [http-nio-8080-exec-9] DEBUG com.newcoder.community.dao.UserMapper.selectById - ==> Parameters: 149(Integer)
2022-04-22 14:54:18.160 [http-nio-8080-exec-9] DEBUG com.newcoder.community.dao.UserMapper.selectById - <==      Total: 1
2022-04-22 14:54:18.160 [http-nio-8080-exec-9] DEBUG com.newcoder.community.dao.UserMapper.selectById - ==>  Preparing: select id,username,password,salt,email,type,status,activation_code,header_url,create_time from user where id = ? 
2022-04-22 14:54:18.160 [http-nio-8080-exec-9] DEBUG com.newcoder.community.dao.UserMapper.selectById - ==> Parameters: 146(Integer)
2022-04-22 14:54:18.161 [http-nio-8080-exec-9] DEBUG com.newcoder.community.dao.UserMapper.selectById - <==      Total: 1
2022-04-22 14:54:18.161 [http-nio-8080-exec-9] DEBUG com.newcoder.community.dao.UserMapper.selectById - ==>  Preparing: select id,username,password,salt,email,type,status,activation_code,header_url,create_time from user where id = ? 
2022-04-22 14:54:18.161 [http-nio-8080-exec-9] DEBUG com.newcoder.community.dao.UserMapper.selectById - ==> Parameters: 145(Integer)
2022-04-22 14:54:18.162 [http-nio-8080-exec-9] DEBUG com.newcoder.community.dao.UserMapper.selectById - <==      Total: 1
2022-04-22 14:54:18.162 [http-nio-8080-exec-9] DEBUG com.newcoder.community.dao.UserMapper.selectById - ==>  Preparing: select id,username,password,salt,email,type,status,activation_code,header_url,create_time from user where id = ? 
2022-04-22 14:54:18.162 [http-nio-8080-exec-9] DEBUG com.newcoder.community.dao.UserMapper.selectById - ==> Parameters: 138(Integer)
2022-04-22 14:54:18.163 [http-nio-8080-exec-9] DEBUG com.newcoder.community.dao.UserMapper.selectById - <==      Total: 1
2022-04-22 14:54:18.163 [http-nio-8080-exec-9] DEBUG com.newcoder.community.dao.UserMapper.selectById - ==>  Preparing: select id,username,password,salt,email,type,status,activation_code,header_url,create_time from user where id = ? 
2022-04-22 14:54:18.163 [http-nio-8080-exec-9] DEBUG com.newcoder.community.dao.UserMapper.selectById - ==> Parameters: 138(Integer)
2022-04-22 14:54:18.164 [http-nio-8080-exec-9] DEBUG com.newcoder.community.dao.UserMapper.selectById - <==      Total: 1
2022-04-22 14:54:18.164 [http-nio-8080-exec-9] DEBUG com.newcoder.community.dao.UserMapper.selectById - ==>  Preparing: select id,username,password,salt,email,type,status,activation_code,header_url,create_time from user where id = ? 
2022-04-22 14:54:18.164 [http-nio-8080-exec-9] DEBUG com.newcoder.community.dao.UserMapper.selectById - ==> Parameters: 103(Integer)
2022-04-22 14:54:18.165 [http-nio-8080-exec-9] DEBUG com.newcoder.community.dao.UserMapper.selectById - <==      Total: 1
2022-04-22 14:57:50.306 [http-nio-8080-exec-10] DEBUG c.n.c.dao.DiscussPostMapper.selectDiscussPostRows - ==>  Preparing: select count(id) from discuss_post where status!=2 
2022-04-22 14:57:50.306 [http-nio-8080-exec-10] DEBUG c.n.c.dao.DiscussPostMapper.selectDiscussPostRows - ==> Parameters: 
2022-04-22 14:57:50.307 [http-nio-8080-exec-10] DEBUG c.n.c.dao.DiscussPostMapper.selectDiscussPostRows - <==      Total: 1
2022-04-22 14:57:50.308 [http-nio-8080-exec-10] DEBUG c.n.c.dao.DiscussPostMapper.selectDiscussPosts - ==>  Preparing: select id,user_id,title,content,type,status,create_time,comment_count,score from discuss_post where status!=2 order by type DESC , create_time DESC limit ? , ? 
2022-04-22 14:57:50.308 [http-nio-8080-exec-10] DEBUG c.n.c.dao.DiscussPostMapper.selectDiscussPosts - ==> Parameters: 0(Integer), 10(Integer)
2022-04-22 14:57:50.310 [http-nio-8080-exec-10] DEBUG c.n.c.dao.DiscussPostMapper.selectDiscussPosts - <==      Total: 10
2022-04-22 14:57:50.311 [http-nio-8080-exec-10] DEBUG com.newcoder.community.dao.UserMapper.selectById - ==>  Preparing: select id,username,password,salt,email,type,status,activation_code,header_url,create_time from user where id = ? 
2022-04-22 14:57:50.311 [http-nio-8080-exec-10] DEBUG com.newcoder.community.dao.UserMapper.selectById - ==> Parameters: 11(Integer)
2022-04-22 14:57:50.312 [http-nio-8080-exec-10] DEBUG com.newcoder.community.dao.UserMapper.selectById - <==      Total: 1
2022-04-22 14:57:50.312 [http-nio-8080-exec-10] DEBUG com.newcoder.community.dao.UserMapper.selectById - ==>  Preparing: select id,username,password,salt,email,type,status,activation_code,header_url,create_time from user where id = ? 
2022-04-22 14:57:50.313 [http-nio-8080-exec-10] DEBUG com.newcoder.community.dao.UserMapper.selectById - ==> Parameters: 111(Integer)
2022-04-22 14:57:50.313 [http-nio-8080-exec-10] DEBUG com.newcoder.community.dao.UserMapper.selectById - <==      Total: 1
2022-04-22 14:57:50.314 [http-nio-8080-exec-10] DEBUG com.newcoder.community.dao.UserMapper.selectById - ==>  Preparing: select id,username,password,salt,email,type,status,activation_code,header_url,create_time from user where id = ? 
2022-04-22 14:57:50.314 [http-nio-8080-exec-10] DEBUG com.newcoder.community.dao.UserMapper.selectById - ==> Parameters: 149(Integer)
2022-04-22 14:57:50.314 [http-nio-8080-exec-10] DEBUG com.newcoder.community.dao.UserMapper.selectById - <==      Total: 1
2022-04-22 14:57:50.314 [http-nio-8080-exec-10] DEBUG com.newcoder.community.dao.UserMapper.selectById - ==>  Preparing: select id,username,password,salt,email,type,status,activation_code,header_url,create_time from user where id = ? 
2022-04-22 14:57:50.315 [http-nio-8080-exec-10] DEBUG com.newcoder.community.dao.UserMapper.selectById - ==> Parameters: 149(Integer)
2022-04-22 14:57:50.315 [http-nio-8080-exec-10] DEBUG com.newcoder.community.dao.UserMapper.selectById - <==      Total: 1
2022-04-22 14:57:50.315 [http-nio-8080-exec-10] DEBUG com.newcoder.community.dao.UserMapper.selectById - ==>  Preparing: select id,username,password,salt,email,type,status,activation_code,header_url,create_time from user where id = ? 
2022-04-22 14:57:50.315 [http-nio-8080-exec-10] DEBUG com.newcoder.community.dao.UserMapper.selectById - ==> Parameters: 149(Integer)
2022-04-22 14:57:50.316 [http-nio-8080-exec-10] DEBUG com.newcoder.community.dao.UserMapper.selectById - <==      Total: 1
2022-04-22 14:57:50.316 [http-nio-8080-exec-10] DEBUG com.newcoder.community.dao.UserMapper.selectById - ==>  Preparing: select id,username,password,salt,email,type,status,activation_code,header_url,create_time from user where id = ? 
2022-04-22 14:57:50.316 [http-nio-8080-exec-10] DEBUG com.newcoder.community.dao.UserMapper.selectById - ==> Parameters: 146(Integer)
2022-04-22 14:57:50.317 [http-nio-8080-exec-10] DEBUG com.newcoder.community.dao.UserMapper.selectById - <==      Total: 1
2022-04-22 14:57:50.317 [http-nio-8080-exec-10] DEBUG com.newcoder.community.dao.UserMapper.selectById - ==>  Preparing: select id,username,password,salt,email,type,status,activation_code,header_url,create_time from user where id = ? 
2022-04-22 14:57:50.317 [http-nio-8080-exec-10] DEBUG com.newcoder.community.dao.UserMapper.selectById - ==> Parameters: 145(Integer)
2022-04-22 14:57:50.318 [http-nio-8080-exec-10] DEBUG com.newcoder.community.dao.UserMapper.selectById - <==      Total: 1
2022-04-22 14:57:50.318 [http-nio-8080-exec-10] DEBUG com.newcoder.community.dao.UserMapper.selectById - ==>  Preparing: select id,username,password,salt,email,type,status,activation_code,header_url,create_time from user where id = ? 
2022-04-22 14:57:50.318 [http-nio-8080-exec-10] DEBUG com.newcoder.community.dao.UserMapper.selectById - ==> Parameters: 138(Integer)
2022-04-22 14:57:50.318 [http-nio-8080-exec-10] DEBUG com.newcoder.community.dao.UserMapper.selectById - <==      Total: 1
2022-04-22 14:57:50.319 [http-nio-8080-exec-10] DEBUG com.newcoder.community.dao.UserMapper.selectById - ==>  Preparing: select id,username,password,salt,email,type,status,activation_code,header_url,create_time from user where id = ? 
2022-04-22 14:57:50.319 [http-nio-8080-exec-10] DEBUG com.newcoder.community.dao.UserMapper.selectById - ==> Parameters: 138(Integer)
2022-04-22 14:57:50.319 [http-nio-8080-exec-10] DEBUG com.newcoder.community.dao.UserMapper.selectById - <==      Total: 1
2022-04-22 14:57:50.320 [http-nio-8080-exec-10] DEBUG com.newcoder.community.dao.UserMapper.selectById - ==>  Preparing: select id,username,password,salt,email,type,status,activation_code,header_url,create_time from user where id = ? 
2022-04-22 14:57:50.320 [http-nio-8080-exec-10] DEBUG com.newcoder.community.dao.UserMapper.selectById - ==> Parameters: 103(Integer)
2022-04-22 14:57:50.320 [http-nio-8080-exec-10] DEBUG com.newcoder.community.dao.UserMapper.selectById - <==      Total: 1
2022-04-22 17:21:09.000 [restartedMain] DEBUG com.newcoder.community.CommunityApplication - Running with Spring Boot v2.6.6, Spring v5.3.18
2022-04-22 17:21:25.692 [http-nio-8080-exec-1] DEBUG c.n.c.dao.DiscussPostMapper.selectDiscussPostRows - ==>  Preparing: select count(id) from discuss_post where status!=2 
2022-04-22 17:21:25.707 [http-nio-8080-exec-1] DEBUG c.n.c.dao.DiscussPostMapper.selectDiscussPostRows - ==> Parameters: 
2022-04-22 17:21:25.740 [http-nio-8080-exec-1] DEBUG c.n.c.dao.DiscussPostMapper.selectDiscussPostRows - <==      Total: 1
2022-04-22 17:21:25.744 [http-nio-8080-exec-1] DEBUG c.n.c.dao.DiscussPostMapper.selectDiscussPosts - ==>  Preparing: select id,user_id,title,content,type,status,create_time,comment_count,score from discuss_post where status!=2 order by type DESC , create_time DESC limit ? , ? 
2022-04-22 17:21:25.745 [http-nio-8080-exec-1] DEBUG c.n.c.dao.DiscussPostMapper.selectDiscussPosts - ==> Parameters: 0(Integer), 10(Integer)
2022-04-22 17:21:25.752 [http-nio-8080-exec-1] DEBUG c.n.c.dao.DiscussPostMapper.selectDiscussPosts - <==      Total: 10
2022-04-22 17:21:25.754 [http-nio-8080-exec-1] DEBUG com.newcoder.community.dao.UserMapper.selectById - ==>  Preparing: select id,username,password,salt,email,type,status,activation_code,header_url,create_time from user where id = ? 
2022-04-22 17:21:25.755 [http-nio-8080-exec-1] DEBUG com.newcoder.community.dao.UserMapper.selectById - ==> Parameters: 11(Integer)
2022-04-22 17:21:25.763 [http-nio-8080-exec-1] DEBUG com.newcoder.community.dao.UserMapper.selectById - <==      Total: 1
2022-04-22 17:21:25.764 [http-nio-8080-exec-1] DEBUG com.newcoder.community.dao.UserMapper.selectById - ==>  Preparing: select id,username,password,salt,email,type,status,activation_code,header_url,create_time from user where id = ? 
2022-04-22 17:21:25.764 [http-nio-8080-exec-1] DEBUG com.newcoder.community.dao.UserMapper.selectById - ==> Parameters: 111(Integer)
2022-04-22 17:21:25.765 [http-nio-8080-exec-1] DEBUG com.newcoder.community.dao.UserMapper.selectById - <==      Total: 1
2022-04-22 17:21:25.766 [http-nio-8080-exec-1] DEBUG com.newcoder.community.dao.UserMapper.selectById - ==>  Preparing: select id,username,password,salt,email,type,status,activation_code,header_url,create_time from user where id = ? 
2022-04-22 17:21:25.766 [http-nio-8080-exec-1] DEBUG com.newcoder.community.dao.UserMapper.selectById - ==> Parameters: 149(Integer)
2022-04-22 17:21:25.767 [http-nio-8080-exec-1] DEBUG com.newcoder.community.dao.UserMapper.selectById - <==      Total: 1
2022-04-22 17:21:25.768 [http-nio-8080-exec-1] DEBUG com.newcoder.community.dao.UserMapper.selectById - ==>  Preparing: select id,username,password,salt,email,type,status,activation_code,header_url,create_time from user where id = ? 
2022-04-22 17:21:25.769 [http-nio-8080-exec-1] DEBUG com.newcoder.community.dao.UserMapper.selectById - ==> Parameters: 149(Integer)
2022-04-22 17:21:25.770 [http-nio-8080-exec-1] DEBUG com.newcoder.community.dao.UserMapper.selectById - <==      Total: 1
2022-04-22 17:21:25.771 [http-nio-8080-exec-1] DEBUG com.newcoder.community.dao.UserMapper.selectById - ==>  Preparing: select id,username,password,salt,email,type,status,activation_code,header_url,create_time from user where id = ? 
2022-04-22 17:21:25.771 [http-nio-8080-exec-1] DEBUG com.newcoder.community.dao.UserMapper.selectById - ==> Parameters: 149(Integer)
2022-04-22 17:21:25.772 [http-nio-8080-exec-1] DEBUG com.newcoder.community.dao.UserMapper.selectById - <==      Total: 1
2022-04-22 17:21:25.772 [http-nio-8080-exec-1] DEBUG com.newcoder.community.dao.UserMapper.selectById - ==>  Preparing: select id,username,password,salt,email,type,status,activation_code,header_url,create_time from user where id = ? 
2022-04-22 17:21:25.773 [http-nio-8080-exec-1] DEBUG com.newcoder.community.dao.UserMapper.selectById - ==> Parameters: 146(Integer)
2022-04-22 17:21:25.774 [http-nio-8080-exec-1] DEBUG com.newcoder.community.dao.UserMapper.selectById - <==      Total: 1
2022-04-22 17:21:25.774 [http-nio-8080-exec-1] DEBUG com.newcoder.community.dao.UserMapper.selectById - ==>  Preparing: select id,username,password,salt,email,type,status,activation_code,header_url,create_time from user where id = ? 
2022-04-22 17:21:25.775 [http-nio-8080-exec-1] DEBUG com.newcoder.community.dao.UserMapper.selectById - ==> Parameters: 145(Integer)
2022-04-22 17:21:25.776 [http-nio-8080-exec-1] DEBUG com.newcoder.community.dao.UserMapper.selectById - <==      Total: 1
2022-04-22 17:21:25.776 [http-nio-8080-exec-1] DEBUG com.newcoder.community.dao.UserMapper.selectById - ==>  Preparing: select id,username,password,salt,email,type,status,activation_code,header_url,create_time from user where id = ? 
2022-04-22 17:21:25.776 [http-nio-8080-exec-1] DEBUG com.newcoder.community.dao.UserMapper.selectById - ==> Parameters: 138(Integer)
2022-04-22 17:21:25.778 [http-nio-8080-exec-1] DEBUG com.newcoder.community.dao.UserMapper.selectById - <==      Total: 1
2022-04-22 17:21:25.779 [http-nio-8080-exec-1] DEBUG com.newcoder.community.dao.UserMapper.selectById - ==>  Preparing: select id,username,password,salt,email,type,status,activation_code,header_url,create_time from user where id = ? 
2022-04-22 17:21:25.779 [http-nio-8080-exec-1] DEBUG com.newcoder.community.dao.UserMapper.selectById - ==> Parameters: 138(Integer)
2022-04-22 17:21:25.780 [http-nio-8080-exec-1] DEBUG com.newcoder.community.dao.UserMapper.selectById - <==      Total: 1
2022-04-22 17:21:25.781 [http-nio-8080-exec-1] DEBUG com.newcoder.community.dao.UserMapper.selectById - ==>  Preparing: select id,username,password,salt,email,type,status,activation_code,header_url,create_time from user where id = ? 
2022-04-22 17:21:25.781 [http-nio-8080-exec-1] DEBUG com.newcoder.community.dao.UserMapper.selectById - ==> Parameters: 103(Integer)
2022-04-22 17:21:25.783 [http-nio-8080-exec-1] DEBUG com.newcoder.community.dao.UserMapper.selectById - <==      Total: 1
2022-04-22 17:21:39.523 [restartedMain] DEBUG com.newcoder.community.CommunityApplication - Running with Spring Boot v2.6.6, Spring v5.3.18
2022-04-22 17:21:48.780 [http-nio-8080-exec-1] DEBUG c.n.c.dao.DiscussPostMapper.selectDiscussPostRows - ==>  Preparing: select count(id) from discuss_post where status!=2 
2022-04-22 17:21:48.794 [http-nio-8080-exec-1] DEBUG c.n.c.dao.DiscussPostMapper.selectDiscussPostRows - ==> Parameters: 
2022-04-22 17:21:48.830 [http-nio-8080-exec-1] DEBUG c.n.c.dao.DiscussPostMapper.selectDiscussPostRows - <==      Total: 1
2022-04-22 17:21:48.834 [http-nio-8080-exec-1] DEBUG c.n.c.dao.DiscussPostMapper.selectDiscussPosts - ==>  Preparing: select id,user_id,title,content,type,status,create_time,comment_count,score from discuss_post where status!=2 order by type DESC , create_time DESC limit ? , ? 
2022-04-22 17:21:48.834 [http-nio-8080-exec-1] DEBUG c.n.c.dao.DiscussPostMapper.selectDiscussPosts - ==> Parameters: 0(Integer), 10(Integer)
2022-04-22 17:21:48.841 [http-nio-8080-exec-1] DEBUG c.n.c.dao.DiscussPostMapper.selectDiscussPosts - <==      Total: 10
2022-04-22 17:21:48.842 [http-nio-8080-exec-1] DEBUG com.newcoder.community.dao.UserMapper.selectById - ==>  Preparing: select id,username,password,salt,email,type,status,activation_code,header_url,create_time from user where id = ? 
2022-04-22 17:21:48.842 [http-nio-8080-exec-1] DEBUG com.newcoder.community.dao.UserMapper.selectById - ==> Parameters: 11(Integer)
2022-04-22 17:21:48.843 [http-nio-8080-exec-1] DEBUG com.newcoder.community.dao.UserMapper.selectById - <==      Total: 1
2022-04-22 17:21:48.844 [http-nio-8080-exec-1] DEBUG com.newcoder.community.dao.UserMapper.selectById - ==>  Preparing: select id,username,password,salt,email,type,status,activation_code,header_url,create_time from user where id = ? 
2022-04-22 17:21:48.844 [http-nio-8080-exec-1] DEBUG com.newcoder.community.dao.UserMapper.selectById - ==> Parameters: 111(Integer)
2022-04-22 17:21:48.846 [http-nio-8080-exec-1] DEBUG com.newcoder.community.dao.UserMapper.selectById - <==      Total: 1
2022-04-22 17:21:48.846 [http-nio-8080-exec-1] DEBUG com.newcoder.community.dao.UserMapper.selectById - ==>  Preparing: select id,username,password,salt,email,type,status,activation_code,header_url,create_time from user where id = ? 
2022-04-22 17:21:48.847 [http-nio-8080-exec-1] DEBUG com.newcoder.community.dao.UserMapper.selectById - ==> Parameters: 149(Integer)
2022-04-22 17:21:48.848 [http-nio-8080-exec-1] DEBUG com.newcoder.community.dao.UserMapper.selectById - <==      Total: 1
2022-04-22 17:21:48.849 [http-nio-8080-exec-1] DEBUG com.newcoder.community.dao.UserMapper.selectById - ==>  Preparing: select id,username,password,salt,email,type,status,activation_code,header_url,create_time from user where id = ? 
2022-04-22 17:21:48.849 [http-nio-8080-exec-1] DEBUG com.newcoder.community.dao.UserMapper.selectById - ==> Parameters: 149(Integer)
2022-04-22 17:21:48.850 [http-nio-8080-exec-1] DEBUG com.newcoder.community.dao.UserMapper.selectById - <==      Total: 1
2022-04-22 17:21:48.850 [http-nio-8080-exec-1] DEBUG com.newcoder.community.dao.UserMapper.selectById - ==>  Preparing: select id,username,password,salt,email,type,status,activation_code,header_url,create_time from user where id = ? 
2022-04-22 17:21:48.851 [http-nio-8080-exec-1] DEBUG com.newcoder.community.dao.UserMapper.selectById - ==> Parameters: 149(Integer)
2022-04-22 17:21:48.852 [http-nio-8080-exec-1] DEBUG com.newcoder.community.dao.UserMapper.selectById - <==      Total: 1
2022-04-22 17:21:48.853 [http-nio-8080-exec-1] DEBUG com.newcoder.community.dao.UserMapper.selectById - ==>  Preparing: select id,username,password,salt,email,type,status,activation_code,header_url,create_time from user where id = ? 
2022-04-22 17:21:48.853 [http-nio-8080-exec-1] DEBUG com.newcoder.community.dao.UserMapper.selectById - ==> Parameters: 146(Integer)
2022-04-22 17:21:48.855 [http-nio-8080-exec-1] DEBUG com.newcoder.community.dao.UserMapper.selectById - <==      Total: 1
2022-04-22 17:21:48.855 [http-nio-8080-exec-1] DEBUG com.newcoder.community.dao.UserMapper.selectById - ==>  Preparing: select id,username,password,salt,email,type,status,activation_code,header_url,create_time from user where id = ? 
2022-04-22 17:21:48.856 [http-nio-8080-exec-1] DEBUG com.newcoder.community.dao.UserMapper.selectById - ==> Parameters: 145(Integer)
2022-04-22 17:21:48.857 [http-nio-8080-exec-1] DEBUG com.newcoder.community.dao.UserMapper.selectById - <==      Total: 1
2022-04-22 17:21:48.857 [http-nio-8080-exec-1] DEBUG com.newcoder.community.dao.UserMapper.selectById - ==>  Preparing: select id,username,password,salt,email,type,status,activation_code,header_url,create_time from user where id = ? 
2022-04-22 17:21:48.857 [http-nio-8080-exec-1] DEBUG com.newcoder.community.dao.UserMapper.selectById - ==> Parameters: 138(Integer)
2022-04-22 17:21:48.858 [http-nio-8080-exec-1] DEBUG com.newcoder.community.dao.UserMapper.selectById - <==      Total: 1
2022-04-22 17:21:48.859 [http-nio-8080-exec-1] DEBUG com.newcoder.community.dao.UserMapper.selectById - ==>  Preparing: select id,username,password,salt,email,type,status,activation_code,header_url,create_time from user where id = ? 
2022-04-22 17:21:48.859 [http-nio-8080-exec-1] DEBUG com.newcoder.community.dao.UserMapper.selectById - ==> Parameters: 138(Integer)
2022-04-22 17:21:48.860 [http-nio-8080-exec-1] DEBUG com.newcoder.community.dao.UserMapper.selectById - <==      Total: 1
2022-04-22 17:21:48.861 [http-nio-8080-exec-1] DEBUG com.newcoder.community.dao.UserMapper.selectById - ==>  Preparing: select id,username,password,salt,email,type,status,activation_code,header_url,create_time from user where id = ? 
2022-04-22 17:21:48.861 [http-nio-8080-exec-1] DEBUG com.newcoder.community.dao.UserMapper.selectById - ==> Parameters: 103(Integer)
2022-04-22 17:21:48.862 [http-nio-8080-exec-1] DEBUG com.newcoder.community.dao.UserMapper.selectById - <==      Total: 1
2022-04-22 17:22:56.140 [http-nio-8080-exec-10] DEBUG com.newcoder.community.dao.UserMapper.selectByName - ==>  Preparing: select id,username,password,salt,email,type,status,activation_code,header_url,create_time from user where username = ? 
2022-04-22 17:22:56.140 [http-nio-8080-exec-10] DEBUG com.newcoder.community.dao.UserMapper.selectByName - ==> Parameters: niuke(String)
2022-04-22 17:22:56.150 [http-nio-8080-exec-10] DEBUG com.newcoder.community.dao.UserMapper.selectByName - <==      Total: 1
2022-04-22 17:23:47.602 [http-nio-8080-exec-8] DEBUG com.newcoder.community.dao.UserMapper.selectByName - ==>  Preparing: select id,username,password,salt,email,type,status,activation_code,header_url,create_time from user where username = ? 
2022-04-22 17:23:47.602 [http-nio-8080-exec-8] DEBUG com.newcoder.community.dao.UserMapper.selectByName - ==> Parameters: niuke(String)
2022-04-22 17:23:47.603 [http-nio-8080-exec-8] DEBUG com.newcoder.community.dao.UserMapper.selectByName - <==      Total: 1
2022-04-22 17:23:51.438 [http-nio-8080-exec-10] DEBUG com.newcoder.community.dao.UserMapper.selectByName - ==>  Preparing: select id,username,password,salt,email,type,status,activation_code,header_url,create_time from user where username = ? 
2022-04-22 17:23:51.438 [http-nio-8080-exec-10] DEBUG com.newcoder.community.dao.UserMapper.selectByName - ==> Parameters: xixi(String)
2022-04-22 17:23:51.439 [http-nio-8080-exec-10] DEBUG com.newcoder.community.dao.UserMapper.selectByName - <==      Total: 0
2022-04-22 17:23:51.439 [http-nio-8080-exec-10] DEBUG com.newcoder.community.dao.UserMapper.selectByMail - ==>  Preparing: select id,username,password,salt,email,type,status,activation_code,header_url,create_time from user where email = ? 
2022-04-22 17:23:51.440 [http-nio-8080-exec-10] DEBUG com.newcoder.community.dao.UserMapper.selectByMail - ==> Parameters: nowcoder11@sina.com(String)
2022-04-22 17:23:51.441 [http-nio-8080-exec-10] DEBUG com.newcoder.community.dao.UserMapper.selectByMail - <==      Total: 1
2022-04-22 17:24:17.438 [http-nio-8080-exec-8] DEBUG com.newcoder.community.dao.UserMapper.selectByName - ==>  Preparing: select id,username,password,salt,email,type,status,activation_code,header_url,create_time from user where username = ? 
2022-04-22 17:24:17.438 [http-nio-8080-exec-8] DEBUG com.newcoder.community.dao.UserMapper.selectByName - ==> Parameters: ymm(String)
2022-04-22 17:24:17.439 [http-nio-8080-exec-8] DEBUG com.newcoder.community.dao.UserMapper.selectByName - <==      Total: 0
2022-04-22 17:24:17.439 [http-nio-8080-exec-8] DEBUG com.newcoder.community.dao.UserMapper.selectByMail - ==>  Preparing: select id,username,password,salt,email,type,status,activation_code,header_url,create_time from user where email = ? 
2022-04-22 17:24:17.439 [http-nio-8080-exec-8] DEBUG com.newcoder.community.dao.UserMapper.selectByMail - ==> Parameters: 13130992080@qq.com(String)
2022-04-22 17:24:17.440 [http-nio-8080-exec-8] DEBUG com.newcoder.community.dao.UserMapper.selectByMail - <==      Total: 0
2022-04-22 17:24:29.370 [http-nio-8080-exec-6] DEBUG c.n.c.dao.DiscussPostMapper.selectDiscussPostRows - ==>  Preparing: select count(id) from discuss_post where status!=2 
2022-04-22 17:24:29.371 [http-nio-8080-exec-6] DEBUG c.n.c.dao.DiscussPostMapper.selectDiscussPostRows - ==> Parameters: 
2022-04-22 17:24:29.372 [http-nio-8080-exec-6] DEBUG c.n.c.dao.DiscussPostMapper.selectDiscussPostRows - <==      Total: 1
2022-04-22 17:24:29.372 [http-nio-8080-exec-6] DEBUG c.n.c.dao.DiscussPostMapper.selectDiscussPosts - ==>  Preparing: select id,user_id,title,content,type,status,create_time,comment_count,score from discuss_post where status!=2 order by type DESC , create_time DESC limit ? , ? 
2022-04-22 17:24:29.372 [http-nio-8080-exec-6] DEBUG c.n.c.dao.DiscussPostMapper.selectDiscussPosts - ==> Parameters: 0(Integer), 10(Integer)
2022-04-22 17:24:29.376 [http-nio-8080-exec-6] DEBUG c.n.c.dao.DiscussPostMapper.selectDiscussPosts - <==      Total: 10
2022-04-22 17:24:29.377 [http-nio-8080-exec-6] DEBUG com.newcoder.community.dao.UserMapper.selectById - ==>  Preparing: select id,username,password,salt,email,type,status,activation_code,header_url,create_time from user where id = ? 
2022-04-22 17:24:29.377 [http-nio-8080-exec-6] DEBUG com.newcoder.community.dao.UserMapper.selectById - ==> Parameters: 11(Integer)
2022-04-22 17:24:29.378 [http-nio-8080-exec-6] DEBUG com.newcoder.community.dao.UserMapper.selectById - <==      Total: 1
2022-04-22 17:24:29.379 [http-nio-8080-exec-6] DEBUG com.newcoder.community.dao.UserMapper.selectById - ==>  Preparing: select id,username,password,salt,email,type,status,activation_code,header_url,create_time from user where id = ? 
2022-04-22 17:24:29.379 [http-nio-8080-exec-6] DEBUG com.newcoder.community.dao.UserMapper.selectById - ==> Parameters: 111(Integer)
2022-04-22 17:24:29.380 [http-nio-8080-exec-6] DEBUG com.newcoder.community.dao.UserMapper.selectById - <==      Total: 1
2022-04-22 17:24:29.381 [http-nio-8080-exec-6] DEBUG com.newcoder.community.dao.UserMapper.selectById - ==>  Preparing: select id,username,password,salt,email,type,status,activation_code,header_url,create_time from user where id = ? 
2022-04-22 17:24:29.381 [http-nio-8080-exec-6] DEBUG com.newcoder.community.dao.UserMapper.selectById - ==> Parameters: 149(Integer)
2022-04-22 17:24:29.383 [http-nio-8080-exec-6] DEBUG com.newcoder.community.dao.UserMapper.selectById - <==      Total: 1
2022-04-22 17:24:29.383 [http-nio-8080-exec-6] DEBUG com.newcoder.community.dao.UserMapper.selectById - ==>  Preparing: select id,username,password,salt,email,type,status,activation_code,header_url,create_time from user where id = ? 
2022-04-22 17:24:29.384 [http-nio-8080-exec-6] DEBUG com.newcoder.community.dao.UserMapper.selectById - ==> Parameters: 149(Integer)
2022-04-22 17:24:29.384 [http-nio-8080-exec-6] DEBUG com.newcoder.community.dao.UserMapper.selectById - <==      Total: 1
2022-04-22 17:24:29.385 [http-nio-8080-exec-6] DEBUG com.newcoder.community.dao.UserMapper.selectById - ==>  Preparing: select id,username,password,salt,email,type,status,activation_code,header_url,create_time from user where id = ? 
2022-04-22 17:24:29.385 [http-nio-8080-exec-6] DEBUG com.newcoder.community.dao.UserMapper.selectById - ==> Parameters: 149(Integer)
2022-04-22 17:24:29.386 [http-nio-8080-exec-6] DEBUG com.newcoder.community.dao.UserMapper.selectById - <==      Total: 1
2022-04-22 17:24:29.386 [http-nio-8080-exec-6] DEBUG com.newcoder.community.dao.UserMapper.selectById - ==>  Preparing: select id,username,password,salt,email,type,status,activation_code,header_url,create_time from user where id = ? 
2022-04-22 17:24:29.386 [http-nio-8080-exec-6] DEBUG com.newcoder.community.dao.UserMapper.selectById - ==> Parameters: 146(Integer)
2022-04-22 17:24:29.387 [http-nio-8080-exec-6] DEBUG com.newcoder.community.dao.UserMapper.selectById - <==      Total: 1
2022-04-22 17:24:29.387 [http-nio-8080-exec-6] DEBUG com.newcoder.community.dao.UserMapper.selectById - ==>  Preparing: select id,username,password,salt,email,type,status,activation_code,header_url,create_time from user where id = ? 
2022-04-22 17:24:29.387 [http-nio-8080-exec-6] DEBUG com.newcoder.community.dao.UserMapper.selectById - ==> Parameters: 145(Integer)
2022-04-22 17:24:29.388 [http-nio-8080-exec-6] DEBUG com.newcoder.community.dao.UserMapper.selectById - <==      Total: 1
2022-04-22 17:24:29.388 [http-nio-8080-exec-6] DEBUG com.newcoder.community.dao.UserMapper.selectById - ==>  Preparing: select id,username,password,salt,email,type,status,activation_code,header_url,create_time from user where id = ? 
2022-04-22 17:24:29.388 [http-nio-8080-exec-6] DEBUG com.newcoder.community.dao.UserMapper.selectById - ==> Parameters: 138(Integer)
2022-04-22 17:24:29.389 [http-nio-8080-exec-6] DEBUG com.newcoder.community.dao.UserMapper.selectById - <==      Total: 1
2022-04-22 17:24:29.389 [http-nio-8080-exec-6] DEBUG com.newcoder.community.dao.UserMapper.selectById - ==>  Preparing: select id,username,password,salt,email,type,status,activation_code,header_url,create_time from user where id = ? 
2022-04-22 17:24:29.389 [http-nio-8080-exec-6] DEBUG com.newcoder.community.dao.UserMapper.selectById - ==> Parameters: 138(Integer)
2022-04-22 17:24:29.390 [http-nio-8080-exec-6] DEBUG com.newcoder.community.dao.UserMapper.selectById - <==      Total: 1
2022-04-22 17:24:29.391 [http-nio-8080-exec-6] DEBUG com.newcoder.community.dao.UserMapper.selectById - ==>  Preparing: select id,username,password,salt,email,type,status,activation_code,header_url,create_time from user where id = ? 
2022-04-22 17:24:29.391 [http-nio-8080-exec-6] DEBUG com.newcoder.community.dao.UserMapper.selectById - ==> Parameters: 103(Integer)
2022-04-22 17:24:29.392 [http-nio-8080-exec-6] DEBUG com.newcoder.community.dao.UserMapper.selectById - <==      Total: 1
2022-04-22 19:31:12.858 [http-nio-8080-exec-5] DEBUG c.n.c.dao.DiscussPostMapper.selectDiscussPostRows - ==>  Preparing: select count(id) from discuss_post where status!=2 
2022-04-22 19:31:12.858 [http-nio-8080-exec-5] DEBUG c.n.c.dao.DiscussPostMapper.selectDiscussPostRows - ==> Parameters: 
2022-04-22 19:31:12.896 [http-nio-8080-exec-5] DEBUG c.n.c.dao.DiscussPostMapper.selectDiscussPostRows - <==      Total: 1
2022-04-22 19:31:12.897 [http-nio-8080-exec-5] DEBUG c.n.c.dao.DiscussPostMapper.selectDiscussPosts - ==>  Preparing: select id,user_id,title,content,type,status,create_time,comment_count,score from discuss_post where status!=2 order by type DESC , create_time DESC limit ? , ? 
2022-04-22 19:31:12.897 [http-nio-8080-exec-5] DEBUG c.n.c.dao.DiscussPostMapper.selectDiscussPosts - ==> Parameters: 0(Integer), 10(Integer)
2022-04-22 19:31:12.900 [http-nio-8080-exec-5] DEBUG c.n.c.dao.DiscussPostMapper.selectDiscussPosts - <==      Total: 10
2022-04-22 19:31:12.900 [http-nio-8080-exec-5] DEBUG com.newcoder.community.dao.UserMapper.selectById - ==>  Preparing: select id,username,password,salt,email,type,status,activation_code,header_url,create_time from user where id = ? 
2022-04-22 19:31:12.900 [http-nio-8080-exec-5] DEBUG com.newcoder.community.dao.UserMapper.selectById - ==> Parameters: 11(Integer)
2022-04-22 19:31:12.909 [http-nio-8080-exec-5] DEBUG com.newcoder.community.dao.UserMapper.selectById - <==      Total: 1
2022-04-22 19:31:12.910 [http-nio-8080-exec-5] DEBUG com.newcoder.community.dao.UserMapper.selectById - ==>  Preparing: select id,username,password,salt,email,type,status,activation_code,header_url,create_time from user where id = ? 
2022-04-22 19:31:12.910 [http-nio-8080-exec-5] DEBUG com.newcoder.community.dao.UserMapper.selectById - ==> Parameters: 111(Integer)
2022-04-22 19:31:12.911 [http-nio-8080-exec-5] DEBUG com.newcoder.community.dao.UserMapper.selectById - <==      Total: 1
2022-04-22 19:31:12.911 [http-nio-8080-exec-5] DEBUG com.newcoder.community.dao.UserMapper.selectById - ==>  Preparing: select id,username,password,salt,email,type,status,activation_code,header_url,create_time from user where id = ? 
2022-04-22 19:31:12.911 [http-nio-8080-exec-5] DEBUG com.newcoder.community.dao.UserMapper.selectById - ==> Parameters: 149(Integer)
2022-04-22 19:31:12.912 [http-nio-8080-exec-5] DEBUG com.newcoder.community.dao.UserMapper.selectById - <==      Total: 1
2022-04-22 19:31:12.912 [http-nio-8080-exec-5] DEBUG com.newcoder.community.dao.UserMapper.selectById - ==>  Preparing: select id,username,password,salt,email,type,status,activation_code,header_url,create_time from user where id = ? 
2022-04-22 19:31:12.913 [http-nio-8080-exec-5] DEBUG com.newcoder.community.dao.UserMapper.selectById - ==> Parameters: 149(Integer)
2022-04-22 19:31:12.914 [http-nio-8080-exec-5] DEBUG com.newcoder.community.dao.UserMapper.selectById - <==      Total: 1
2022-04-22 19:31:12.914 [http-nio-8080-exec-5] DEBUG com.newcoder.community.dao.UserMapper.selectById - ==>  Preparing: select id,username,password,salt,email,type,status,activation_code,header_url,create_time from user where id = ? 
2022-04-22 19:31:12.915 [http-nio-8080-exec-5] DEBUG com.newcoder.community.dao.UserMapper.selectById - ==> Parameters: 149(Integer)
2022-04-22 19:31:12.916 [http-nio-8080-exec-5] DEBUG com.newcoder.community.dao.UserMapper.selectById - <==      Total: 1
2022-04-22 19:31:12.917 [http-nio-8080-exec-5] DEBUG com.newcoder.community.dao.UserMapper.selectById - ==>  Preparing: select id,username,password,salt,email,type,status,activation_code,header_url,create_time from user where id = ? 
2022-04-22 19:31:12.917 [http-nio-8080-exec-5] DEBUG com.newcoder.community.dao.UserMapper.selectById - ==> Parameters: 146(Integer)
2022-04-22 19:31:12.918 [http-nio-8080-exec-5] DEBUG com.newcoder.community.dao.UserMapper.selectById - <==      Total: 1
2022-04-22 19:31:12.919 [http-nio-8080-exec-5] DEBUG com.newcoder.community.dao.UserMapper.selectById - ==>  Preparing: select id,username,password,salt,email,type,status,activation_code,header_url,create_time from user where id = ? 
2022-04-22 19:31:12.919 [http-nio-8080-exec-5] DEBUG com.newcoder.community.dao.UserMapper.selectById - ==> Parameters: 145(Integer)
2022-04-22 19:31:12.920 [http-nio-8080-exec-5] DEBUG com.newcoder.community.dao.UserMapper.selectById - <==      Total: 1
2022-04-22 19:31:12.920 [http-nio-8080-exec-5] DEBUG com.newcoder.community.dao.UserMapper.selectById - ==>  Preparing: select id,username,password,salt,email,type,status,activation_code,header_url,create_time from user where id = ? 
2022-04-22 19:31:12.920 [http-nio-8080-exec-5] DEBUG com.newcoder.community.dao.UserMapper.selectById - ==> Parameters: 138(Integer)
2022-04-22 19:31:12.922 [http-nio-8080-exec-5] DEBUG com.newcoder.community.dao.UserMapper.selectById - <==      Total: 1
2022-04-22 19:31:12.923 [http-nio-8080-exec-5] DEBUG com.newcoder.community.dao.UserMapper.selectById - ==>  Preparing: select id,username,password,salt,email,type,status,activation_code,header_url,create_time from user where id = ? 
2022-04-22 19:31:12.924 [http-nio-8080-exec-5] DEBUG com.newcoder.community.dao.UserMapper.selectById - ==> Parameters: 138(Integer)
2022-04-22 19:31:12.926 [http-nio-8080-exec-5] DEBUG com.newcoder.community.dao.UserMapper.selectById - <==      Total: 1
2022-04-22 19:31:12.926 [http-nio-8080-exec-5] DEBUG com.newcoder.community.dao.UserMapper.selectById - ==>  Preparing: select id,username,password,salt,email,type,status,activation_code,header_url,create_time from user where id = ? 
2022-04-22 19:31:12.926 [http-nio-8080-exec-5] DEBUG com.newcoder.community.dao.UserMapper.selectById - ==> Parameters: 103(Integer)
2022-04-22 19:31:12.927 [http-nio-8080-exec-5] DEBUG com.newcoder.community.dao.UserMapper.selectById - <==      Total: 1
2022-04-22 19:31:28.462 [http-nio-8080-exec-6] DEBUG c.n.c.dao.DiscussPostMapper.selectDiscussPostRows - ==>  Preparing: select count(id) from discuss_post where status!=2 
2022-04-22 19:31:28.462 [http-nio-8080-exec-6] DEBUG c.n.c.dao.DiscussPostMapper.selectDiscussPostRows - ==> Parameters: 
2022-04-22 19:31:28.463 [http-nio-8080-exec-6] DEBUG c.n.c.dao.DiscussPostMapper.selectDiscussPostRows - <==      Total: 1
2022-04-22 19:31:28.463 [http-nio-8080-exec-6] DEBUG c.n.c.dao.DiscussPostMapper.selectDiscussPosts - ==>  Preparing: select id,user_id,title,content,type,status,create_time,comment_count,score from discuss_post where status!=2 order by type DESC , create_time DESC limit ? , ? 
2022-04-22 19:31:28.463 [http-nio-8080-exec-6] DEBUG c.n.c.dao.DiscussPostMapper.selectDiscussPosts - ==> Parameters: 10(Integer), 10(Integer)
2022-04-22 19:31:28.465 [http-nio-8080-exec-6] DEBUG c.n.c.dao.DiscussPostMapper.selectDiscussPosts - <==      Total: 10
2022-04-22 19:31:28.466 [http-nio-8080-exec-6] DEBUG com.newcoder.community.dao.UserMapper.selectById - ==>  Preparing: select id,username,password,salt,email,type,status,activation_code,header_url,create_time from user where id = ? 
2022-04-22 19:31:28.466 [http-nio-8080-exec-6] DEBUG com.newcoder.community.dao.UserMapper.selectById - ==> Parameters: 134(Integer)
2022-04-22 19:31:28.467 [http-nio-8080-exec-6] DEBUG com.newcoder.community.dao.UserMapper.selectById - <==      Total: 1
2022-04-22 19:31:28.467 [http-nio-8080-exec-6] DEBUG com.newcoder.community.dao.UserMapper.selectById - ==>  Preparing: select id,username,password,salt,email,type,status,activation_code,header_url,create_time from user where id = ? 
2022-04-22 19:31:28.467 [http-nio-8080-exec-6] DEBUG com.newcoder.community.dao.UserMapper.selectById - ==> Parameters: 134(Integer)
2022-04-22 19:31:28.468 [http-nio-8080-exec-6] DEBUG com.newcoder.community.dao.UserMapper.selectById - <==      Total: 1
2022-04-22 19:31:28.468 [http-nio-8080-exec-6] DEBUG com.newcoder.community.dao.UserMapper.selectById - ==>  Preparing: select id,username,password,salt,email,type,status,activation_code,header_url,create_time from user where id = ? 
2022-04-22 19:31:28.468 [http-nio-8080-exec-6] DEBUG com.newcoder.community.dao.UserMapper.selectById - ==> Parameters: 133(Integer)
2022-04-22 19:31:28.468 [http-nio-8080-exec-6] DEBUG com.newcoder.community.dao.UserMapper.selectById - <==      Total: 1
2022-04-22 19:31:28.469 [http-nio-8080-exec-6] DEBUG com.newcoder.community.dao.UserMapper.selectById - ==>  Preparing: select id,username,password,salt,email,type,status,activation_code,header_url,create_time from user where id = ? 
2022-04-22 19:31:28.469 [http-nio-8080-exec-6] DEBUG com.newcoder.community.dao.UserMapper.selectById - ==> Parameters: 133(Integer)
2022-04-22 19:31:28.469 [http-nio-8080-exec-6] DEBUG com.newcoder.community.dao.UserMapper.selectById - <==      Total: 1
2022-04-22 19:31:28.470 [http-nio-8080-exec-6] DEBUG com.newcoder.community.dao.UserMapper.selectById - ==>  Preparing: select id,username,password,salt,email,type,status,activation_code,header_url,create_time from user where id = ? 
2022-04-22 19:31:28.470 [http-nio-8080-exec-6] DEBUG com.newcoder.community.dao.UserMapper.selectById - ==> Parameters: 111(Integer)
2022-04-22 19:31:28.470 [http-nio-8080-exec-6] DEBUG com.newcoder.community.dao.UserMapper.selectById - <==      Total: 1
2022-04-22 19:31:28.471 [http-nio-8080-exec-6] DEBUG com.newcoder.community.dao.UserMapper.selectById - ==>  Preparing: select id,username,password,salt,email,type,status,activation_code,header_url,create_time from user where id = ? 
2022-04-22 19:31:28.471 [http-nio-8080-exec-6] DEBUG com.newcoder.community.dao.UserMapper.selectById - ==> Parameters: 111(Integer)
2022-04-22 19:31:28.471 [http-nio-8080-exec-6] DEBUG com.newcoder.community.dao.UserMapper.selectById - <==      Total: 1
2022-04-22 19:31:28.472 [http-nio-8080-exec-6] DEBUG com.newcoder.community.dao.UserMapper.selectById - ==>  Preparing: select id,username,password,salt,email,type,status,activation_code,header_url,create_time from user where id = ? 
2022-04-22 19:31:28.473 [http-nio-8080-exec-6] DEBUG com.newcoder.community.dao.UserMapper.selectById - ==> Parameters: 111(Integer)
2022-04-22 19:31:28.473 [http-nio-8080-exec-6] DEBUG com.newcoder.community.dao.UserMapper.selectById - <==      Total: 1
2022-04-22 19:31:28.473 [http-nio-8080-exec-6] DEBUG com.newcoder.community.dao.UserMapper.selectById - ==>  Preparing: select id,username,password,salt,email,type,status,activation_code,header_url,create_time from user where id = ? 
2022-04-22 19:31:28.474 [http-nio-8080-exec-6] DEBUG com.newcoder.community.dao.UserMapper.selectById - ==> Parameters: 111(Integer)
2022-04-22 19:31:28.474 [http-nio-8080-exec-6] DEBUG com.newcoder.community.dao.UserMapper.selectById - <==      Total: 1
2022-04-22 19:31:28.475 [http-nio-8080-exec-6] DEBUG com.newcoder.community.dao.UserMapper.selectById - ==>  Preparing: select id,username,password,salt,email,type,status,activation_code,header_url,create_time from user where id = ? 
2022-04-22 19:31:28.475 [http-nio-8080-exec-6] DEBUG com.newcoder.community.dao.UserMapper.selectById - ==> Parameters: 111(Integer)
2022-04-22 19:31:28.475 [http-nio-8080-exec-6] DEBUG com.newcoder.community.dao.UserMapper.selectById - <==      Total: 1
2022-04-22 19:31:28.476 [http-nio-8080-exec-6] DEBUG com.newcoder.community.dao.UserMapper.selectById - ==>  Preparing: select id,username,password,salt,email,type,status,activation_code,header_url,create_time from user where id = ? 
2022-04-22 19:31:28.476 [http-nio-8080-exec-6] DEBUG com.newcoder.community.dao.UserMapper.selectById - ==> Parameters: 111(Integer)
2022-04-22 19:31:28.476 [http-nio-8080-exec-6] DEBUG com.newcoder.community.dao.UserMapper.selectById - <==      Total: 1
2022-04-22 19:31:30.533 [http-nio-8080-exec-3] DEBUG c.n.c.dao.DiscussPostMapper.selectDiscussPostRows - ==>  Preparing: select count(id) from discuss_post where status!=2 
2022-04-22 19:31:30.534 [http-nio-8080-exec-3] DEBUG c.n.c.dao.DiscussPostMapper.selectDiscussPostRows - ==> Parameters: 
2022-04-22 19:31:30.535 [http-nio-8080-exec-3] DEBUG c.n.c.dao.DiscussPostMapper.selectDiscussPostRows - <==      Total: 1
2022-04-22 19:31:30.535 [http-nio-8080-exec-3] DEBUG c.n.c.dao.DiscussPostMapper.selectDiscussPosts - ==>  Preparing: select id,user_id,title,content,type,status,create_time,comment_count,score from discuss_post where status!=2 order by type DESC , create_time DESC limit ? , ? 
2022-04-22 19:31:30.535 [http-nio-8080-exec-3] DEBUG c.n.c.dao.DiscussPostMapper.selectDiscussPosts - ==> Parameters: 20(Integer), 10(Integer)
2022-04-22 19:31:30.537 [http-nio-8080-exec-3] DEBUG c.n.c.dao.DiscussPostMapper.selectDiscussPosts - <==      Total: 10
2022-04-22 19:31:30.537 [http-nio-8080-exec-3] DEBUG com.newcoder.community.dao.UserMapper.selectById - ==>  Preparing: select id,username,password,salt,email,type,status,activation_code,header_url,create_time from user where id = ? 
2022-04-22 19:31:30.538 [http-nio-8080-exec-3] DEBUG com.newcoder.community.dao.UserMapper.selectById - ==> Parameters: 111(Integer)
2022-04-22 19:31:30.538 [http-nio-8080-exec-3] DEBUG com.newcoder.community.dao.UserMapper.selectById - <==      Total: 1
2022-04-22 19:31:30.539 [http-nio-8080-exec-3] DEBUG com.newcoder.community.dao.UserMapper.selectById - ==>  Preparing: select id,username,password,salt,email,type,status,activation_code,header_url,create_time from user where id = ? 
2022-04-22 19:31:30.539 [http-nio-8080-exec-3] DEBUG com.newcoder.community.dao.UserMapper.selectById - ==> Parameters: 111(Integer)
2022-04-22 19:31:30.539 [http-nio-8080-exec-3] DEBUG com.newcoder.community.dao.UserMapper.selectById - <==      Total: 1
2022-04-22 19:31:30.540 [http-nio-8080-exec-3] DEBUG com.newcoder.community.dao.UserMapper.selectById - ==>  Preparing: select id,username,password,salt,email,type,status,activation_code,header_url,create_time from user where id = ? 
2022-04-22 19:31:30.540 [http-nio-8080-exec-3] DEBUG com.newcoder.community.dao.UserMapper.selectById - ==> Parameters: 111(Integer)
2022-04-22 19:31:30.541 [http-nio-8080-exec-3] DEBUG com.newcoder.community.dao.UserMapper.selectById - <==      Total: 1
2022-04-22 19:31:30.541 [http-nio-8080-exec-3] DEBUG com.newcoder.community.dao.UserMapper.selectById - ==>  Preparing: select id,username,password,salt,email,type,status,activation_code,header_url,create_time from user where id = ? 
2022-04-22 19:31:30.541 [http-nio-8080-exec-3] DEBUG com.newcoder.community.dao.UserMapper.selectById - ==> Parameters: 111(Integer)
2022-04-22 19:31:30.542 [http-nio-8080-exec-3] DEBUG com.newcoder.community.dao.UserMapper.selectById - <==      Total: 1
2022-04-22 19:31:30.542 [http-nio-8080-exec-3] DEBUG com.newcoder.community.dao.UserMapper.selectById - ==>  Preparing: select id,username,password,salt,email,type,status,activation_code,header_url,create_time from user where id = ? 
2022-04-22 19:31:30.542 [http-nio-8080-exec-3] DEBUG com.newcoder.community.dao.UserMapper.selectById - ==> Parameters: 111(Integer)
2022-04-22 19:31:30.543 [http-nio-8080-exec-3] DEBUG com.newcoder.community.dao.UserMapper.selectById - <==      Total: 1
2022-04-22 19:31:30.543 [http-nio-8080-exec-3] DEBUG com.newcoder.community.dao.UserMapper.selectById - ==>  Preparing: select id,username,password,salt,email,type,status,activation_code,header_url,create_time from user where id = ? 
2022-04-22 19:31:30.543 [http-nio-8080-exec-3] DEBUG com.newcoder.community.dao.UserMapper.selectById - ==> Parameters: 111(Integer)
2022-04-22 19:31:30.544 [http-nio-8080-exec-3] DEBUG com.newcoder.community.dao.UserMapper.selectById - <==      Total: 1
2022-04-22 19:31:30.544 [http-nio-8080-exec-3] DEBUG com.newcoder.community.dao.UserMapper.selectById - ==>  Preparing: select id,username,password,salt,email,type,status,activation_code,header_url,create_time from user where id = ? 
2022-04-22 19:31:30.544 [http-nio-8080-exec-3] DEBUG com.newcoder.community.dao.UserMapper.selectById - ==> Parameters: 132(Integer)
2022-04-22 19:31:30.544 [http-nio-8080-exec-3] DEBUG com.newcoder.community.dao.UserMapper.selectById - <==      Total: 1
2022-04-22 19:31:30.545 [http-nio-8080-exec-3] DEBUG com.newcoder.community.dao.UserMapper.selectById - ==>  Preparing: select id,username,password,salt,email,type,status,activation_code,header_url,create_time from user where id = ? 
2022-04-22 19:31:30.545 [http-nio-8080-exec-3] DEBUG com.newcoder.community.dao.UserMapper.selectById - ==> Parameters: 132(Integer)
2022-04-22 19:31:30.545 [http-nio-8080-exec-3] DEBUG com.newcoder.community.dao.UserMapper.selectById - <==      Total: 1
2022-04-22 19:31:30.545 [http-nio-8080-exec-3] DEBUG com.newcoder.community.dao.UserMapper.selectById - ==>  Preparing: select id,username,password,salt,email,type,status,activation_code,header_url,create_time from user where id = ? 
2022-04-22 19:31:30.546 [http-nio-8080-exec-3] DEBUG com.newcoder.community.dao.UserMapper.selectById - ==> Parameters: 131(Integer)
2022-04-22 19:31:30.546 [http-nio-8080-exec-3] DEBUG com.newcoder.community.dao.UserMapper.selectById - <==      Total: 1
2022-04-22 19:31:30.546 [http-nio-8080-exec-3] DEBUG com.newcoder.community.dao.UserMapper.selectById - ==>  Preparing: select id,username,password,salt,email,type,status,activation_code,header_url,create_time from user where id = ? 
2022-04-22 19:31:30.546 [http-nio-8080-exec-3] DEBUG com.newcoder.community.dao.UserMapper.selectById - ==> Parameters: 112(Integer)
2022-04-22 19:31:30.547 [http-nio-8080-exec-3] DEBUG com.newcoder.community.dao.UserMapper.selectById - <==      Total: 1
2022-04-22 19:31:31.959 [http-nio-8080-exec-8] DEBUG c.n.c.dao.DiscussPostMapper.selectDiscussPostRows - ==>  Preparing: select count(id) from discuss_post where status!=2 
2022-04-22 19:31:31.959 [http-nio-8080-exec-8] DEBUG c.n.c.dao.DiscussPostMapper.selectDiscussPostRows - ==> Parameters: 
2022-04-22 19:31:31.960 [http-nio-8080-exec-8] DEBUG c.n.c.dao.DiscussPostMapper.selectDiscussPostRows - <==      Total: 1
2022-04-22 19:31:31.960 [http-nio-8080-exec-8] DEBUG c.n.c.dao.DiscussPostMapper.selectDiscussPosts - ==>  Preparing: select id,user_id,title,content,type,status,create_time,comment_count,score from discuss_post where status!=2 order by type DESC , create_time DESC limit ? , ? 
2022-04-22 19:31:31.961 [http-nio-8080-exec-8] DEBUG c.n.c.dao.DiscussPostMapper.selectDiscussPosts - ==> Parameters: 30(Integer), 10(Integer)
2022-04-22 19:31:31.962 [http-nio-8080-exec-8] DEBUG c.n.c.dao.DiscussPostMapper.selectDiscussPosts - <==      Total: 10
2022-04-22 19:31:31.963 [http-nio-8080-exec-8] DEBUG com.newcoder.community.dao.UserMapper.selectById - ==>  Preparing: select id,username,password,salt,email,type,status,activation_code,header_url,create_time from user where id = ? 
2022-04-22 19:31:31.963 [http-nio-8080-exec-8] DEBUG com.newcoder.community.dao.UserMapper.selectById - ==> Parameters: 111(Integer)
2022-04-22 19:31:31.963 [http-nio-8080-exec-8] DEBUG com.newcoder.community.dao.UserMapper.selectById - <==      Total: 1
2022-04-22 19:31:31.964 [http-nio-8080-exec-8] DEBUG com.newcoder.community.dao.UserMapper.selectById - ==>  Preparing: select id,username,password,salt,email,type,status,activation_code,header_url,create_time from user where id = ? 
2022-04-22 19:31:31.964 [http-nio-8080-exec-8] DEBUG com.newcoder.community.dao.UserMapper.selectById - ==> Parameters: 111(Integer)
2022-04-22 19:31:31.964 [http-nio-8080-exec-8] DEBUG com.newcoder.community.dao.UserMapper.selectById - <==      Total: 1
2022-04-22 19:31:31.965 [http-nio-8080-exec-8] DEBUG com.newcoder.community.dao.UserMapper.selectById - ==>  Preparing: select id,username,password,salt,email,type,status,activation_code,header_url,create_time from user where id = ? 
2022-04-22 19:31:31.965 [http-nio-8080-exec-8] DEBUG com.newcoder.community.dao.UserMapper.selectById - ==> Parameters: 111(Integer)
2022-04-22 19:31:31.966 [http-nio-8080-exec-8] DEBUG com.newcoder.community.dao.UserMapper.selectById - <==      Total: 1
2022-04-22 19:31:31.966 [http-nio-8080-exec-8] DEBUG com.newcoder.community.dao.UserMapper.selectById - ==>  Preparing: select id,username,password,salt,email,type,status,activation_code,header_url,create_time from user where id = ? 
2022-04-22 19:31:31.966 [http-nio-8080-exec-8] DEBUG com.newcoder.community.dao.UserMapper.selectById - ==> Parameters: 111(Integer)
2022-04-22 19:31:31.966 [http-nio-8080-exec-8] DEBUG com.newcoder.community.dao.UserMapper.selectById - <==      Total: 1
2022-04-22 19:31:31.967 [http-nio-8080-exec-8] DEBUG com.newcoder.community.dao.UserMapper.selectById - ==>  Preparing: select id,username,password,salt,email,type,status,activation_code,header_url,create_time from user where id = ? 
2022-04-22 19:31:31.967 [http-nio-8080-exec-8] DEBUG com.newcoder.community.dao.UserMapper.selectById - ==> Parameters: 111(Integer)
2022-04-22 19:31:31.967 [http-nio-8080-exec-8] DEBUG com.newcoder.community.dao.UserMapper.selectById - <==      Total: 1
2022-04-22 19:31:31.967 [http-nio-8080-exec-8] DEBUG com.newcoder.community.dao.UserMapper.selectById - ==>  Preparing: select id,username,password,salt,email,type,status,activation_code,header_url,create_time from user where id = ? 
2022-04-22 19:31:31.967 [http-nio-8080-exec-8] DEBUG com.newcoder.community.dao.UserMapper.selectById - ==> Parameters: 111(Integer)
2022-04-22 19:31:31.968 [http-nio-8080-exec-8] DEBUG com.newcoder.community.dao.UserMapper.selectById - <==      Total: 1
2022-04-22 19:31:31.968 [http-nio-8080-exec-8] DEBUG com.newcoder.community.dao.UserMapper.selectById - ==>  Preparing: select id,username,password,salt,email,type,status,activation_code,header_url,create_time from user where id = ? 
2022-04-22 19:31:31.968 [http-nio-8080-exec-8] DEBUG com.newcoder.community.dao.UserMapper.selectById - ==> Parameters: 111(Integer)
2022-04-22 19:31:31.969 [http-nio-8080-exec-8] DEBUG com.newcoder.community.dao.UserMapper.selectById - <==      Total: 1
2022-04-22 19:31:31.969 [http-nio-8080-exec-8] DEBUG com.newcoder.community.dao.UserMapper.selectById - ==>  Preparing: select id,username,password,salt,email,type,status,activation_code,header_url,create_time from user where id = ? 
2022-04-22 19:31:31.969 [http-nio-8080-exec-8] DEBUG com.newcoder.community.dao.UserMapper.selectById - ==> Parameters: 111(Integer)
2022-04-22 19:31:31.969 [http-nio-8080-exec-8] DEBUG com.newcoder.community.dao.UserMapper.selectById - <==      Total: 1
2022-04-22 19:31:31.969 [http-nio-8080-exec-8] DEBUG com.newcoder.community.dao.UserMapper.selectById - ==>  Preparing: select id,username,password,salt,email,type,status,activation_code,header_url,create_time from user where id = ? 
2022-04-22 19:31:31.970 [http-nio-8080-exec-8] DEBUG com.newcoder.community.dao.UserMapper.selectById - ==> Parameters: 111(Integer)
2022-04-22 19:31:31.970 [http-nio-8080-exec-8] DEBUG com.newcoder.community.dao.UserMapper.selectById - <==      Total: 1
2022-04-22 19:31:31.970 [http-nio-8080-exec-8] DEBUG com.newcoder.community.dao.UserMapper.selectById - ==>  Preparing: select id,username,password,salt,email,type,status,activation_code,header_url,create_time from user where id = ? 
2022-04-22 19:31:31.970 [http-nio-8080-exec-8] DEBUG com.newcoder.community.dao.UserMapper.selectById - ==> Parameters: 111(Integer)
2022-04-22 19:31:31.971 [http-nio-8080-exec-8] DEBUG com.newcoder.community.dao.UserMapper.selectById - <==      Total: 1
2022-04-22 19:31:33.833 [http-nio-8080-exec-2] DEBUG c.n.c.dao.DiscussPostMapper.selectDiscussPostRows - ==>  Preparing: select count(id) from discuss_post where status!=2 
2022-04-22 19:31:33.833 [http-nio-8080-exec-2] DEBUG c.n.c.dao.DiscussPostMapper.selectDiscussPostRows - ==> Parameters: 
2022-04-22 19:31:33.834 [http-nio-8080-exec-2] DEBUG c.n.c.dao.DiscussPostMapper.selectDiscussPostRows - <==      Total: 1
2022-04-22 19:31:33.834 [http-nio-8080-exec-2] DEBUG c.n.c.dao.DiscussPostMapper.selectDiscussPosts - ==>  Preparing: select id,user_id,title,content,type,status,create_time,comment_count,score from discuss_post where status!=2 order by type DESC , create_time DESC limit ? , ? 
2022-04-22 19:31:33.834 [http-nio-8080-exec-2] DEBUG c.n.c.dao.DiscussPostMapper.selectDiscussPosts - ==> Parameters: 40(Integer), 10(Integer)
2022-04-22 19:31:33.836 [http-nio-8080-exec-2] DEBUG c.n.c.dao.DiscussPostMapper.selectDiscussPosts - <==      Total: 10
2022-04-22 19:31:33.836 [http-nio-8080-exec-2] DEBUG com.newcoder.community.dao.UserMapper.selectById - ==>  Preparing: select id,username,password,salt,email,type,status,activation_code,header_url,create_time from user where id = ? 
2022-04-22 19:31:33.836 [http-nio-8080-exec-2] DEBUG com.newcoder.community.dao.UserMapper.selectById - ==> Parameters: 103(Integer)
2022-04-22 19:31:33.837 [http-nio-8080-exec-2] DEBUG com.newcoder.community.dao.UserMapper.selectById - <==      Total: 1
2022-04-22 19:31:33.837 [http-nio-8080-exec-2] DEBUG com.newcoder.community.dao.UserMapper.selectById - ==>  Preparing: select id,username,password,salt,email,type,status,activation_code,header_url,create_time from user where id = ? 
2022-04-22 19:31:33.837 [http-nio-8080-exec-2] DEBUG com.newcoder.community.dao.UserMapper.selectById - ==> Parameters: 103(Integer)
2022-04-22 19:31:33.837 [http-nio-8080-exec-2] DEBUG com.newcoder.community.dao.UserMapper.selectById - <==      Total: 1
2022-04-22 19:31:33.838 [http-nio-8080-exec-2] DEBUG com.newcoder.community.dao.UserMapper.selectById - ==>  Preparing: select id,username,password,salt,email,type,status,activation_code,header_url,create_time from user where id = ? 
2022-04-22 19:31:33.838 [http-nio-8080-exec-2] DEBUG com.newcoder.community.dao.UserMapper.selectById - ==> Parameters: 103(Integer)
2022-04-22 19:31:33.838 [http-nio-8080-exec-2] DEBUG com.newcoder.community.dao.UserMapper.selectById - <==      Total: 1
2022-04-22 19:31:33.838 [http-nio-8080-exec-2] DEBUG com.newcoder.community.dao.UserMapper.selectById - ==>  Preparing: select id,username,password,salt,email,type,status,activation_code,header_url,create_time from user where id = ? 
2022-04-22 19:31:33.839 [http-nio-8080-exec-2] DEBUG com.newcoder.community.dao.UserMapper.selectById - ==> Parameters: 103(Integer)
2022-04-22 19:31:33.839 [http-nio-8080-exec-2] DEBUG com.newcoder.community.dao.UserMapper.selectById - <==      Total: 1
2022-04-22 19:31:33.840 [http-nio-8080-exec-2] DEBUG com.newcoder.community.dao.UserMapper.selectById - ==>  Preparing: select id,username,password,salt,email,type,status,activation_code,header_url,create_time from user where id = ? 
2022-04-22 19:31:33.840 [http-nio-8080-exec-2] DEBUG com.newcoder.community.dao.UserMapper.selectById - ==> Parameters: 103(Integer)
2022-04-22 19:31:33.840 [http-nio-8080-exec-2] DEBUG com.newcoder.community.dao.UserMapper.selectById - <==      Total: 1
2022-04-22 19:31:33.840 [http-nio-8080-exec-2] DEBUG com.newcoder.community.dao.UserMapper.selectById - ==>  Preparing: select id,username,password,salt,email,type,status,activation_code,header_url,create_time from user where id = ? 
2022-04-22 19:31:33.840 [http-nio-8080-exec-2] DEBUG com.newcoder.community.dao.UserMapper.selectById - ==> Parameters: 103(Integer)
2022-04-22 19:31:33.841 [http-nio-8080-exec-2] DEBUG com.newcoder.community.dao.UserMapper.selectById - <==      Total: 1
2022-04-22 19:31:33.841 [http-nio-8080-exec-2] DEBUG com.newcoder.community.dao.UserMapper.selectById - ==>  Preparing: select id,username,password,salt,email,type,status,activation_code,header_url,create_time from user where id = ? 
2022-04-22 19:31:33.841 [http-nio-8080-exec-2] DEBUG com.newcoder.community.dao.UserMapper.selectById - ==> Parameters: 103(Integer)
2022-04-22 19:31:33.842 [http-nio-8080-exec-2] DEBUG com.newcoder.community.dao.UserMapper.selectById - <==      Total: 1
2022-04-22 19:31:33.842 [http-nio-8080-exec-2] DEBUG com.newcoder.community.dao.UserMapper.selectById - ==>  Preparing: select id,username,password,salt,email,type,status,activation_code,header_url,create_time from user where id = ? 
2022-04-22 19:31:33.842 [http-nio-8080-exec-2] DEBUG com.newcoder.community.dao.UserMapper.selectById - ==> Parameters: 103(Integer)
2022-04-22 19:31:33.843 [http-nio-8080-exec-2] DEBUG com.newcoder.community.dao.UserMapper.selectById - <==      Total: 1
2022-04-22 19:31:33.843 [http-nio-8080-exec-2] DEBUG com.newcoder.community.dao.UserMapper.selectById - ==>  Preparing: select id,username,password,salt,email,type,status,activation_code,header_url,create_time from user where id = ? 
2022-04-22 19:31:33.843 [http-nio-8080-exec-2] DEBUG com.newcoder.community.dao.UserMapper.selectById - ==> Parameters: 103(Integer)
2022-04-22 19:31:33.843 [http-nio-8080-exec-2] DEBUG com.newcoder.community.dao.UserMapper.selectById - <==      Total: 1
2022-04-22 19:31:33.844 [http-nio-8080-exec-2] DEBUG com.newcoder.community.dao.UserMapper.selectById - ==>  Preparing: select id,username,password,salt,email,type,status,activation_code,header_url,create_time from user where id = ? 
2022-04-22 19:31:33.844 [http-nio-8080-exec-2] DEBUG com.newcoder.community.dao.UserMapper.selectById - ==> Parameters: 103(Integer)
2022-04-22 19:31:33.844 [http-nio-8080-exec-2] DEBUG com.newcoder.community.dao.UserMapper.selectById - <==      Total: 1
2022-04-22 19:31:36.501 [http-nio-8080-exec-5] DEBUG c.n.c.dao.DiscussPostMapper.selectDiscussPostRows - ==>  Preparing: select count(id) from discuss_post where status!=2 
2022-04-22 19:31:36.502 [http-nio-8080-exec-5] DEBUG c.n.c.dao.DiscussPostMapper.selectDiscussPostRows - ==> Parameters: 
2022-04-22 19:31:36.502 [http-nio-8080-exec-5] DEBUG c.n.c.dao.DiscussPostMapper.selectDiscussPostRows - <==      Total: 1
2022-04-22 19:31:36.503 [http-nio-8080-exec-5] DEBUG c.n.c.dao.DiscussPostMapper.selectDiscussPosts - ==>  Preparing: select id,user_id,title,content,type,status,create_time,comment_count,score from discuss_post where status!=2 order by type DESC , create_time DESC limit ? , ? 
2022-04-22 19:31:36.503 [http-nio-8080-exec-5] DEBUG c.n.c.dao.DiscussPostMapper.selectDiscussPosts - ==> Parameters: 0(Integer), 10(Integer)
2022-04-22 19:31:36.504 [http-nio-8080-exec-5] DEBUG c.n.c.dao.DiscussPostMapper.selectDiscussPosts - <==      Total: 10
2022-04-22 19:31:36.505 [http-nio-8080-exec-5] DEBUG com.newcoder.community.dao.UserMapper.selectById - ==>  Preparing: select id,username,password,salt,email,type,status,activation_code,header_url,create_time from user where id = ? 
2022-04-22 19:31:36.505 [http-nio-8080-exec-5] DEBUG com.newcoder.community.dao.UserMapper.selectById - ==> Parameters: 11(Integer)
2022-04-22 19:31:36.505 [http-nio-8080-exec-5] DEBUG com.newcoder.community.dao.UserMapper.selectById - <==      Total: 1
2022-04-22 19:31:36.506 [http-nio-8080-exec-5] DEBUG com.newcoder.community.dao.UserMapper.selectById - ==>  Preparing: select id,username,password,salt,email,type,status,activation_code,header_url,create_time from user where id = ? 
2022-04-22 19:31:36.506 [http-nio-8080-exec-5] DEBUG com.newcoder.community.dao.UserMapper.selectById - ==> Parameters: 111(Integer)
2022-04-22 19:31:36.507 [http-nio-8080-exec-5] DEBUG com.newcoder.community.dao.UserMapper.selectById - <==      Total: 1
2022-04-22 19:31:36.507 [http-nio-8080-exec-5] DEBUG com.newcoder.community.dao.UserMapper.selectById - ==>  Preparing: select id,username,password,salt,email,type,status,activation_code,header_url,create_time from user where id = ? 
2022-04-22 19:31:36.507 [http-nio-8080-exec-5] DEBUG com.newcoder.community.dao.UserMapper.selectById - ==> Parameters: 149(Integer)
2022-04-22 19:31:36.508 [http-nio-8080-exec-5] DEBUG com.newcoder.community.dao.UserMapper.selectById - <==      Total: 1
2022-04-22 19:31:36.508 [http-nio-8080-exec-5] DEBUG com.newcoder.community.dao.UserMapper.selectById - ==>  Preparing: select id,username,password,salt,email,type,status,activation_code,header_url,create_time from user where id = ? 
2022-04-22 19:31:36.508 [http-nio-8080-exec-5] DEBUG com.newcoder.community.dao.UserMapper.selectById - ==> Parameters: 149(Integer)
2022-04-22 19:31:36.509 [http-nio-8080-exec-5] DEBUG com.newcoder.community.dao.UserMapper.selectById - <==      Total: 1
2022-04-22 19:31:36.509 [http-nio-8080-exec-5] DEBUG com.newcoder.community.dao.UserMapper.selectById - ==>  Preparing: select id,username,password,salt,email,type,status,activation_code,header_url,create_time from user where id = ? 
2022-04-22 19:31:36.509 [http-nio-8080-exec-5] DEBUG com.newcoder.community.dao.UserMapper.selectById - ==> Parameters: 149(Integer)
2022-04-22 19:31:36.509 [http-nio-8080-exec-5] DEBUG com.newcoder.community.dao.UserMapper.selectById - <==      Total: 1
2022-04-22 19:31:36.509 [http-nio-8080-exec-5] DEBUG com.newcoder.community.dao.UserMapper.selectById - ==>  Preparing: select id,username,password,salt,email,type,status,activation_code,header_url,create_time from user where id = ? 
2022-04-22 19:31:36.510 [http-nio-8080-exec-5] DEBUG com.newcoder.community.dao.UserMapper.selectById - ==> Parameters: 146(Integer)
2022-04-22 19:31:36.510 [http-nio-8080-exec-5] DEBUG com.newcoder.community.dao.UserMapper.selectById - <==      Total: 1
2022-04-22 19:31:36.510 [http-nio-8080-exec-5] DEBUG com.newcoder.community.dao.UserMapper.selectById - ==>  Preparing: select id,username,password,salt,email,type,status,activation_code,header_url,create_time from user where id = ? 
2022-04-22 19:31:36.510 [http-nio-8080-exec-5] DEBUG com.newcoder.community.dao.UserMapper.selectById - ==> Parameters: 145(Integer)
2022-04-22 19:31:36.511 [http-nio-8080-exec-5] DEBUG com.newcoder.community.dao.UserMapper.selectById - <==      Total: 1
2022-04-22 19:31:36.511 [http-nio-8080-exec-5] DEBUG com.newcoder.community.dao.UserMapper.selectById - ==>  Preparing: select id,username,password,salt,email,type,status,activation_code,header_url,create_time from user where id = ? 
2022-04-22 19:31:36.511 [http-nio-8080-exec-5] DEBUG com.newcoder.community.dao.UserMapper.selectById - ==> Parameters: 138(Integer)
2022-04-22 19:31:36.511 [http-nio-8080-exec-5] DEBUG com.newcoder.community.dao.UserMapper.selectById - <==      Total: 1
2022-04-22 19:31:36.511 [http-nio-8080-exec-5] DEBUG com.newcoder.community.dao.UserMapper.selectById - ==>  Preparing: select id,username,password,salt,email,type,status,activation_code,header_url,create_time from user where id = ? 
2022-04-22 19:31:36.512 [http-nio-8080-exec-5] DEBUG com.newcoder.community.dao.UserMapper.selectById - ==> Parameters: 138(Integer)
2022-04-22 19:31:36.512 [http-nio-8080-exec-5] DEBUG com.newcoder.community.dao.UserMapper.selectById - <==      Total: 1
2022-04-22 19:31:36.512 [http-nio-8080-exec-5] DEBUG com.newcoder.community.dao.UserMapper.selectById - ==>  Preparing: select id,username,password,salt,email,type,status,activation_code,header_url,create_time from user where id = ? 
2022-04-22 19:31:36.512 [http-nio-8080-exec-5] DEBUG com.newcoder.community.dao.UserMapper.selectById - ==> Parameters: 103(Integer)
2022-04-22 19:31:36.513 [http-nio-8080-exec-5] DEBUG com.newcoder.community.dao.UserMapper.selectById - <==      Total: 1
2022-04-22 19:31:38.806 [http-nio-8080-exec-6] DEBUG c.n.c.dao.DiscussPostMapper.selectDiscussPostRows - ==>  Preparing: select count(id) from discuss_post where status!=2 
2022-04-22 19:31:38.806 [http-nio-8080-exec-6] DEBUG c.n.c.dao.DiscussPostMapper.selectDiscussPostRows - ==> Parameters: 
2022-04-22 19:31:38.807 [http-nio-8080-exec-6] DEBUG c.n.c.dao.DiscussPostMapper.selectDiscussPostRows - <==      Total: 1
2022-04-22 19:31:38.807 [http-nio-8080-exec-6] DEBUG c.n.c.dao.DiscussPostMapper.selectDiscussPosts - ==>  Preparing: select id,user_id,title,content,type,status,create_time,comment_count,score from discuss_post where status!=2 order by type DESC , create_time DESC limit ? , ? 
2022-04-22 19:31:38.807 [http-nio-8080-exec-6] DEBUG c.n.c.dao.DiscussPostMapper.selectDiscussPosts - ==> Parameters: 140(Integer), 10(Integer)
2022-04-22 19:31:38.809 [http-nio-8080-exec-6] DEBUG c.n.c.dao.DiscussPostMapper.selectDiscussPosts - <==      Total: 9
2022-04-22 19:31:38.809 [http-nio-8080-exec-6] DEBUG com.newcoder.community.dao.UserMapper.selectById - ==>  Preparing: select id,username,password,salt,email,type,status,activation_code,header_url,create_time from user where id = ? 
2022-04-22 19:31:38.809 [http-nio-8080-exec-6] DEBUG com.newcoder.community.dao.UserMapper.selectById - ==> Parameters: 103(Integer)
2022-04-22 19:31:38.810 [http-nio-8080-exec-6] DEBUG com.newcoder.community.dao.UserMapper.selectById - <==      Total: 1
2022-04-22 19:31:38.810 [http-nio-8080-exec-6] DEBUG com.newcoder.community.dao.UserMapper.selectById - ==>  Preparing: select id,username,password,salt,email,type,status,activation_code,header_url,create_time from user where id = ? 
2022-04-22 19:31:38.811 [http-nio-8080-exec-6] DEBUG com.newcoder.community.dao.UserMapper.selectById - ==> Parameters: 103(Integer)
2022-04-22 19:31:38.811 [http-nio-8080-exec-6] DEBUG com.newcoder.community.dao.UserMapper.selectById - <==      Total: 1
2022-04-22 19:31:38.811 [http-nio-8080-exec-6] DEBUG com.newcoder.community.dao.UserMapper.selectById - ==>  Preparing: select id,username,password,salt,email,type,status,activation_code,header_url,create_time from user where id = ? 
2022-04-22 19:31:38.811 [http-nio-8080-exec-6] DEBUG com.newcoder.community.dao.UserMapper.selectById - ==> Parameters: 103(Integer)
2022-04-22 19:31:38.812 [http-nio-8080-exec-6] DEBUG com.newcoder.community.dao.UserMapper.selectById - <==      Total: 1
2022-04-22 19:31:38.812 [http-nio-8080-exec-6] DEBUG com.newcoder.community.dao.UserMapper.selectById - ==>  Preparing: select id,username,password,salt,email,type,status,activation_code,header_url,create_time from user where id = ? 
2022-04-22 19:31:38.812 [http-nio-8080-exec-6] DEBUG com.newcoder.community.dao.UserMapper.selectById - ==> Parameters: 103(Integer)
2022-04-22 19:31:38.812 [http-nio-8080-exec-6] DEBUG com.newcoder.community.dao.UserMapper.selectById - <==      Total: 1
2022-04-22 19:31:38.812 [http-nio-8080-exec-6] DEBUG com.newcoder.community.dao.UserMapper.selectById - ==>  Preparing: select id,username,password,salt,email,type,status,activation_code,header_url,create_time from user where id = ? 
2022-04-22 19:31:38.813 [http-nio-8080-exec-6] DEBUG com.newcoder.community.dao.UserMapper.selectById - ==> Parameters: 103(Integer)
2022-04-22 19:31:38.813 [http-nio-8080-exec-6] DEBUG com.newcoder.community.dao.UserMapper.selectById - <==      Total: 1
2022-04-22 19:31:38.813 [http-nio-8080-exec-6] DEBUG com.newcoder.community.dao.UserMapper.selectById - ==>  Preparing: select id,username,password,salt,email,type,status,activation_code,header_url,create_time from user where id = ? 
2022-04-22 19:31:38.813 [http-nio-8080-exec-6] DEBUG com.newcoder.community.dao.UserMapper.selectById - ==> Parameters: 103(Integer)
2022-04-22 19:31:38.813 [http-nio-8080-exec-6] DEBUG com.newcoder.community.dao.UserMapper.selectById - <==      Total: 1
2022-04-22 19:31:38.814 [http-nio-8080-exec-6] DEBUG com.newcoder.community.dao.UserMapper.selectById - ==>  Preparing: select id,username,password,salt,email,type,status,activation_code,header_url,create_time from user where id = ? 
2022-04-22 19:31:38.814 [http-nio-8080-exec-6] DEBUG com.newcoder.community.dao.UserMapper.selectById - ==> Parameters: 103(Integer)
2022-04-22 19:31:38.814 [http-nio-8080-exec-6] DEBUG com.newcoder.community.dao.UserMapper.selectById - <==      Total: 1
2022-04-22 19:31:38.814 [http-nio-8080-exec-6] DEBUG com.newcoder.community.dao.UserMapper.selectById - ==>  Preparing: select id,username,password,salt,email,type,status,activation_code,header_url,create_time from user where id = ? 
2022-04-22 19:31:38.814 [http-nio-8080-exec-6] DEBUG com.newcoder.community.dao.UserMapper.selectById - ==> Parameters: 103(Integer)
2022-04-22 19:31:38.815 [http-nio-8080-exec-6] DEBUG com.newcoder.community.dao.UserMapper.selectById - <==      Total: 1
2022-04-22 19:31:38.815 [http-nio-8080-exec-6] DEBUG com.newcoder.community.dao.UserMapper.selectById - ==>  Preparing: select id,username,password,salt,email,type,status,activation_code,header_url,create_time from user where id = ? 
2022-04-22 19:31:38.815 [http-nio-8080-exec-6] DEBUG com.newcoder.community.dao.UserMapper.selectById - ==> Parameters: 103(Integer)
2022-04-22 19:31:38.815 [http-nio-8080-exec-6] DEBUG com.newcoder.community.dao.UserMapper.selectById - <==      Total: 1
2022-04-22 19:31:41.402 [http-nio-8080-exec-1] DEBUG c.n.c.dao.DiscussPostMapper.selectDiscussPostRows - ==>  Preparing: select count(id) from discuss_post where status!=2 
2022-04-22 19:31:41.403 [http-nio-8080-exec-1] DEBUG c.n.c.dao.DiscussPostMapper.selectDiscussPostRows - ==> Parameters: 
2022-04-22 19:31:41.403 [http-nio-8080-exec-1] DEBUG c.n.c.dao.DiscussPostMapper.selectDiscussPostRows - <==      Total: 1
2022-04-22 19:31:41.404 [http-nio-8080-exec-1] DEBUG c.n.c.dao.DiscussPostMapper.selectDiscussPosts - ==>  Preparing: select id,user_id,title,content,type,status,create_time,comment_count,score from discuss_post where status!=2 order by type DESC , create_time DESC limit ? , ? 
2022-04-22 19:31:41.404 [http-nio-8080-exec-1] DEBUG c.n.c.dao.DiscussPostMapper.selectDiscussPosts - ==> Parameters: 130(Integer), 10(Integer)
2022-04-22 19:31:41.406 [http-nio-8080-exec-1] DEBUG c.n.c.dao.DiscussPostMapper.selectDiscussPosts - <==      Total: 10
2022-04-22 19:31:41.406 [http-nio-8080-exec-1] DEBUG com.newcoder.community.dao.UserMapper.selectById - ==>  Preparing: select id,username,password,salt,email,type,status,activation_code,header_url,create_time from user where id = ? 
2022-04-22 19:31:41.406 [http-nio-8080-exec-1] DEBUG com.newcoder.community.dao.UserMapper.selectById - ==> Parameters: 103(Integer)
2022-04-22 19:31:41.407 [http-nio-8080-exec-1] DEBUG com.newcoder.community.dao.UserMapper.selectById - <==      Total: 1
2022-04-22 19:31:41.407 [http-nio-8080-exec-1] DEBUG com.newcoder.community.dao.UserMapper.selectById - ==>  Preparing: select id,username,password,salt,email,type,status,activation_code,header_url,create_time from user where id = ? 
2022-04-22 19:31:41.407 [http-nio-8080-exec-1] DEBUG com.newcoder.community.dao.UserMapper.selectById - ==> Parameters: 103(Integer)
2022-04-22 19:31:41.407 [http-nio-8080-exec-1] DEBUG com.newcoder.community.dao.UserMapper.selectById - <==      Total: 1
2022-04-22 19:31:41.407 [http-nio-8080-exec-1] DEBUG com.newcoder.community.dao.UserMapper.selectById - ==>  Preparing: select id,username,password,salt,email,type,status,activation_code,header_url,create_time from user where id = ? 
2022-04-22 19:31:41.408 [http-nio-8080-exec-1] DEBUG com.newcoder.community.dao.UserMapper.selectById - ==> Parameters: 103(Integer)
2022-04-22 19:31:41.408 [http-nio-8080-exec-1] DEBUG com.newcoder.community.dao.UserMapper.selectById - <==      Total: 1
2022-04-22 19:31:41.408 [http-nio-8080-exec-1] DEBUG com.newcoder.community.dao.UserMapper.selectById - ==>  Preparing: select id,username,password,salt,email,type,status,activation_code,header_url,create_time from user where id = ? 
2022-04-22 19:31:41.408 [http-nio-8080-exec-1] DEBUG com.newcoder.community.dao.UserMapper.selectById - ==> Parameters: 103(Integer)
2022-04-22 19:31:41.409 [http-nio-8080-exec-1] DEBUG com.newcoder.community.dao.UserMapper.selectById - <==      Total: 1
2022-04-22 19:31:41.409 [http-nio-8080-exec-1] DEBUG com.newcoder.community.dao.UserMapper.selectById - ==>  Preparing: select id,username,password,salt,email,type,status,activation_code,header_url,create_time from user where id = ? 
2022-04-22 19:31:41.409 [http-nio-8080-exec-1] DEBUG com.newcoder.community.dao.UserMapper.selectById - ==> Parameters: 103(Integer)
2022-04-22 19:31:41.409 [http-nio-8080-exec-1] DEBUG com.newcoder.community.dao.UserMapper.selectById - <==      Total: 1
2022-04-22 19:31:41.410 [http-nio-8080-exec-1] DEBUG com.newcoder.community.dao.UserMapper.selectById - ==>  Preparing: select id,username,password,salt,email,type,status,activation_code,header_url,create_time from user where id = ? 
2022-04-22 19:31:41.410 [http-nio-8080-exec-1] DEBUG com.newcoder.community.dao.UserMapper.selectById - ==> Parameters: 103(Integer)
2022-04-22 19:31:41.410 [http-nio-8080-exec-1] DEBUG com.newcoder.community.dao.UserMapper.selectById - <==      Total: 1
2022-04-22 19:31:41.410 [http-nio-8080-exec-1] DEBUG com.newcoder.community.dao.UserMapper.selectById - ==>  Preparing: select id,username,password,salt,email,type,status,activation_code,header_url,create_time from user where id = ? 
2022-04-22 19:31:41.410 [http-nio-8080-exec-1] DEBUG com.newcoder.community.dao.UserMapper.selectById - ==> Parameters: 103(Integer)
2022-04-22 19:31:41.411 [http-nio-8080-exec-1] DEBUG com.newcoder.community.dao.UserMapper.selectById - <==      Total: 1
2022-04-22 19:31:41.411 [http-nio-8080-exec-1] DEBUG com.newcoder.community.dao.UserMapper.selectById - ==>  Preparing: select id,username,password,salt,email,type,status,activation_code,header_url,create_time from user where id = ? 
2022-04-22 19:31:41.411 [http-nio-8080-exec-1] DEBUG com.newcoder.community.dao.UserMapper.selectById - ==> Parameters: 103(Integer)
2022-04-22 19:31:41.412 [http-nio-8080-exec-1] DEBUG com.newcoder.community.dao.UserMapper.selectById - <==      Total: 1
2022-04-22 19:31:41.412 [http-nio-8080-exec-1] DEBUG com.newcoder.community.dao.UserMapper.selectById - ==>  Preparing: select id,username,password,salt,email,type,status,activation_code,header_url,create_time from user where id = ? 
2022-04-22 19:31:41.412 [http-nio-8080-exec-1] DEBUG com.newcoder.community.dao.UserMapper.selectById - ==> Parameters: 103(Integer)
2022-04-22 19:31:41.412 [http-nio-8080-exec-1] DEBUG com.newcoder.community.dao.UserMapper.selectById - <==      Total: 1
2022-04-22 19:31:41.412 [http-nio-8080-exec-1] DEBUG com.newcoder.community.dao.UserMapper.selectById - ==>  Preparing: select id,username,password,salt,email,type,status,activation_code,header_url,create_time from user where id = ? 
2022-04-22 19:31:41.412 [http-nio-8080-exec-1] DEBUG com.newcoder.community.dao.UserMapper.selectById - ==> Parameters: 103(Integer)
2022-04-22 19:31:41.413 [http-nio-8080-exec-1] DEBUG com.newcoder.community.dao.UserMapper.selectById - <==      Total: 1
2022-04-22 19:32:07.873 [http-nio-8080-exec-10] DEBUG com.newcoder.community.dao.UserMapper.selectByName - ==>  Preparing: select id,username,password,salt,email,type,status,activation_code,header_url,create_time from user where username = ? 
2022-04-22 19:32:07.873 [http-nio-8080-exec-10] DEBUG com.newcoder.community.dao.UserMapper.selectByName - ==> Parameters: ymm(String)
2022-04-22 19:32:07.874 [http-nio-8080-exec-10] DEBUG com.newcoder.community.dao.UserMapper.selectByName - <==      Total: 0
2022-04-22 19:32:07.875 [http-nio-8080-exec-10] DEBUG com.newcoder.community.dao.UserMapper.selectByMail - ==>  Preparing: select id,username,password,salt,email,type,status,activation_code,header_url,create_time from user where email = ? 
2022-04-22 19:32:07.875 [http-nio-8080-exec-10] DEBUG com.newcoder.community.dao.UserMapper.selectByMail - ==> Parameters: 13130992080@qq.com(String)
2022-04-22 19:32:07.875 [http-nio-8080-exec-10] DEBUG com.newcoder.community.dao.UserMapper.selectByMail - <==      Total: 0
2022-04-22 19:32:17.713 [http-nio-8080-exec-3] DEBUG c.n.c.dao.DiscussPostMapper.selectDiscussPostRows - ==>  Preparing: select count(id) from discuss_post where status!=2 
2022-04-22 19:32:17.713 [http-nio-8080-exec-3] DEBUG c.n.c.dao.DiscussPostMapper.selectDiscussPostRows - ==> Parameters: 
2022-04-22 19:32:17.713 [http-nio-8080-exec-3] DEBUG c.n.c.dao.DiscussPostMapper.selectDiscussPostRows - <==      Total: 1
2022-04-22 19:32:17.714 [http-nio-8080-exec-3] DEBUG c.n.c.dao.DiscussPostMapper.selectDiscussPosts - ==>  Preparing: select id,user_id,title,content,type,status,create_time,comment_count,score from discuss_post where status!=2 order by type DESC , create_time DESC limit ? , ? 
2022-04-22 19:32:17.714 [http-nio-8080-exec-3] DEBUG c.n.c.dao.DiscussPostMapper.selectDiscussPosts - ==> Parameters: 0(Integer), 10(Integer)
2022-04-22 19:32:17.715 [http-nio-8080-exec-3] DEBUG c.n.c.dao.DiscussPostMapper.selectDiscussPosts - <==      Total: 10
2022-04-22 19:32:17.715 [http-nio-8080-exec-3] DEBUG com.newcoder.community.dao.UserMapper.selectById - ==>  Preparing: select id,username,password,salt,email,type,status,activation_code,header_url,create_time from user where id = ? 
2022-04-22 19:32:17.715 [http-nio-8080-exec-3] DEBUG com.newcoder.community.dao.UserMapper.selectById - ==> Parameters: 11(Integer)
2022-04-22 19:32:17.716 [http-nio-8080-exec-3] DEBUG com.newcoder.community.dao.UserMapper.selectById - <==      Total: 1
2022-04-22 19:32:17.716 [http-nio-8080-exec-3] DEBUG com.newcoder.community.dao.UserMapper.selectById - ==>  Preparing: select id,username,password,salt,email,type,status,activation_code,header_url,create_time from user where id = ? 
2022-04-22 19:32:17.716 [http-nio-8080-exec-3] DEBUG com.newcoder.community.dao.UserMapper.selectById - ==> Parameters: 111(Integer)
2022-04-22 19:32:17.716 [http-nio-8080-exec-3] DEBUG com.newcoder.community.dao.UserMapper.selectById - <==      Total: 1
2022-04-22 19:32:17.716 [http-nio-8080-exec-3] DEBUG com.newcoder.community.dao.UserMapper.selectById - ==>  Preparing: select id,username,password,salt,email,type,status,activation_code,header_url,create_time from user where id = ? 
2022-04-22 19:32:17.716 [http-nio-8080-exec-3] DEBUG com.newcoder.community.dao.UserMapper.selectById - ==> Parameters: 149(Integer)
2022-04-22 19:32:17.717 [http-nio-8080-exec-3] DEBUG com.newcoder.community.dao.UserMapper.selectById - <==      Total: 1
2022-04-22 19:32:17.717 [http-nio-8080-exec-3] DEBUG com.newcoder.community.dao.UserMapper.selectById - ==>  Preparing: select id,username,password,salt,email,type,status,activation_code,header_url,create_time from user where id = ? 
2022-04-22 19:32:17.717 [http-nio-8080-exec-3] DEBUG com.newcoder.community.dao.UserMapper.selectById - ==> Parameters: 149(Integer)
2022-04-22 19:32:17.733 [http-nio-8080-exec-3] DEBUG com.newcoder.community.dao.UserMapper.selectById - <==      Total: 1
2022-04-22 19:32:17.734 [http-nio-8080-exec-3] DEBUG com.newcoder.community.dao.UserMapper.selectById - ==>  Preparing: select id,username,password,salt,email,type,status,activation_code,header_url,create_time from user where id = ? 
2022-04-22 19:32:17.734 [http-nio-8080-exec-3] DEBUG com.newcoder.community.dao.UserMapper.selectById - ==> Parameters: 149(Integer)
2022-04-22 19:32:17.735 [http-nio-8080-exec-3] DEBUG com.newcoder.community.dao.UserMapper.selectById - <==      Total: 1
2022-04-22 19:32:17.735 [http-nio-8080-exec-3] DEBUG com.newcoder.community.dao.UserMapper.selectById - ==>  Preparing: select id,username,password,salt,email,type,status,activation_code,header_url,create_time from user where id = ? 
2022-04-22 19:32:17.736 [http-nio-8080-exec-3] DEBUG com.newcoder.community.dao.UserMapper.selectById - ==> Parameters: 146(Integer)
2022-04-22 19:32:17.737 [http-nio-8080-exec-3] DEBUG com.newcoder.community.dao.UserMapper.selectById - <==      Total: 1
2022-04-22 19:32:17.738 [http-nio-8080-exec-3] DEBUG com.newcoder.community.dao.UserMapper.selectById - ==>  Preparing: select id,username,password,salt,email,type,status,activation_code,header_url,create_time from user where id = ? 
2022-04-22 19:32:17.739 [http-nio-8080-exec-3] DEBUG com.newcoder.community.dao.UserMapper.selectById - ==> Parameters: 145(Integer)
2022-04-22 19:32:17.740 [http-nio-8080-exec-3] DEBUG com.newcoder.community.dao.UserMapper.selectById - <==      Total: 1
2022-04-22 19:32:17.740 [http-nio-8080-exec-3] DEBUG com.newcoder.community.dao.UserMapper.selectById - ==>  Preparing: select id,username,password,salt,email,type,status,activation_code,header_url,create_time from user where id = ? 
2022-04-22 19:32:17.740 [http-nio-8080-exec-3] DEBUG com.newcoder.community.dao.UserMapper.selectById - ==> Parameters: 138(Integer)
2022-04-22 19:32:17.741 [http-nio-8080-exec-3] DEBUG com.newcoder.community.dao.UserMapper.selectById - <==      Total: 1
2022-04-22 19:32:17.741 [http-nio-8080-exec-3] DEBUG com.newcoder.community.dao.UserMapper.selectById - ==>  Preparing: select id,username,password,salt,email,type,status,activation_code,header_url,create_time from user where id = ? 
2022-04-22 19:32:17.741 [http-nio-8080-exec-3] DEBUG com.newcoder.community.dao.UserMapper.selectById - ==> Parameters: 138(Integer)
2022-04-22 19:32:17.742 [http-nio-8080-exec-3] DEBUG com.newcoder.community.dao.UserMapper.selectById - <==      Total: 1
2022-04-22 19:32:17.742 [http-nio-8080-exec-3] DEBUG com.newcoder.community.dao.UserMapper.selectById - ==>  Preparing: select id,username,password,salt,email,type,status,activation_code,header_url,create_time from user where id = ? 
2022-04-22 19:32:17.742 [http-nio-8080-exec-3] DEBUG com.newcoder.community.dao.UserMapper.selectById - ==> Parameters: 103(Integer)
2022-04-22 19:32:17.743 [http-nio-8080-exec-3] DEBUG com.newcoder.community.dao.UserMapper.selectById - <==      Total: 1
