2022-04-22 10:52:49.862 [main] INFO  com.newcoder.community.TestLogger - Starting TestLogger using Java 11.0.5 on DESKTOP-USTD7I1 with PID 34264 (started by xiu in F:\javaProject\community)
2022-04-22 10:52:49.865 [main] INFO  com.newcoder.community.TestLogger - No active profile set, falling back to 1 default profile: "default"
2022-04-22 10:52:51.350 [main] INFO  o.s.b.a.web.servlet.WelcomePageHandlerMapping - Adding welcome page template: index
2022-04-22 10:52:51.601 [main] INFO  com.newcoder.community.TestLogger - Started TestLogger in 2.303 seconds (JVM running for 3.171)
2022-04-22 10:52:51.893 [main] INFO  com.newcoder.community.TestLogger - info
2022-04-22 10:54:40.503 [main] INFO  com.newcoder.community.TestLogger - Starting TestLogger using Java 11.0.5 on DESKTOP-USTD7I1 with PID 51392 (started by xiu in F:\javaProject\community)
2022-04-22 10:54:40.505 [main] INFO  com.newcoder.community.TestLogger - No active profile set, falling back to 1 default profile: "default"
2022-04-22 10:54:41.999 [main] INFO  o.s.b.a.web.servlet.WelcomePageHandlerMapping - Adding welcome page template: index
2022-04-22 10:54:42.258 [main] INFO  com.newcoder.community.TestLogger - Started TestLogger in 2.224 seconds (JVM running for 3.059)
2022-04-22 10:54:42.540 [main] INFO  com.newcoder.community.TestLogger - info
2022-04-22 13:01:05.533 [main] INFO  com.newcoder.community.MailTest - Starting MailTest using Java 11.0.5 on DESKTOP-USTD7I1 with PID 54984 (started by xiu in F:\javaProject\community)
2022-04-22 13:01:05.544 [main] INFO  com.newcoder.community.MailTest - No active profile set, falling back to 1 default profile: "default"
2022-04-22 13:01:07.517 [main] INFO  o.s.b.a.web.servlet.WelcomePageHandlerMapping - Adding welcome page template: index
2022-04-22 13:01:07.779 [main] INFO  com.newcoder.community.MailTest - Started MailTest in 2.669 seconds (JVM running for 3.806)
2022-04-22 13:05:32.848 [main] INFO  com.newcoder.community.MailTest - Starting MailTest using Java 11.0.5 on DESKTOP-USTD7I1 with PID 41232 (started by xiu in F:\javaProject\community)
2022-04-22 13:05:32.850 [main] INFO  com.newcoder.community.MailTest - No active profile set, falling back to 1 default profile: "default"
2022-04-22 13:05:34.241 [main] INFO  o.s.b.a.web.servlet.WelcomePageHandlerMapping - Adding welcome page template: index
2022-04-22 13:05:34.502 [main] INFO  com.newcoder.community.MailTest - Started MailTest in 2.075 seconds (JVM running for 2.951)
2022-04-22 13:10:42.458 [main] INFO  com.newcoder.community.MailTest - Starting MailTest using Java 11.0.5 on DESKTOP-USTD7I1 with PID 56336 (started by xiu in F:\javaProject\community)
2022-04-22 13:10:42.461 [main] INFO  com.newcoder.community.MailTest - No active profile set, falling back to 1 default profile: "default"
2022-04-22 13:10:43.921 [main] INFO  o.s.b.a.web.servlet.WelcomePageHandlerMapping - Adding welcome page template: index
2022-04-22 13:10:44.177 [main] INFO  com.newcoder.community.MailTest - Started MailTest in 2.178 seconds (JVM running for 3.02)
2022-04-22 13:13:19.943 [main] INFO  com.newcoder.community.MailTest - Starting MailTest using Java 11.0.5 on DESKTOP-USTD7I1 with PID 55008 (started by xiu in F:\javaProject\community)
2022-04-22 13:13:19.946 [main] INFO  com.newcoder.community.MailTest - No active profile set, falling back to 1 default profile: "default"
2022-04-22 13:13:21.350 [main] INFO  o.s.b.a.web.servlet.WelcomePageHandlerMapping - Adding welcome page template: index
2022-04-22 13:13:21.588 [main] INFO  com.newcoder.community.MailTest - Started MailTest in 2.081 seconds (JVM running for 2.916)
2022-04-22 13:50:17.029 [main] INFO  com.newcoder.community.MailTest - Starting MailTest using Java 11.0.5 on DESKTOP-USTD7I1 with PID 57872 (started by xiu in F:\javaProject\community)
2022-04-22 13:50:17.031 [main] INFO  com.newcoder.community.MailTest - No active profile set, falling back to 1 default profile: "default"
2022-04-22 13:50:18.464 [main] INFO  o.s.b.a.web.servlet.WelcomePageHandlerMapping - Adding welcome page template: index
2022-04-22 13:50:18.708 [main] INFO  com.newcoder.community.MailTest - Started MailTest in 2.174 seconds (JVM running for 3.309)
2022-04-22 14:53:11.444 [main] INFO  com.newcoder.community.MailTest - Starting MailTest using Java 11.0.5 on DESKTOP-USTD7I1 with PID 47996 (started by xiu in F:\javaProject\community)
2022-04-22 14:53:11.446 [main] INFO  com.newcoder.community.MailTest - No active profile set, falling back to 1 default profile: "default"
2022-04-22 14:53:12.837 [main] INFO  o.s.b.a.web.servlet.WelcomePageHandlerMapping - Adding welcome page template: index
2022-04-22 14:53:13.075 [main] INFO  com.newcoder.community.MailTest - Started MailTest in 2.099 seconds (JVM running for 3.11)
2022-04-22 14:53:39.355 [restartedMain] INFO  com.newcoder.community.CommunityApplication - Starting CommunityApplication using Java 11.0.5 on DESKTOP-USTD7I1 with PID 58956 (F:\javaProject\community\target\classes started by xiu in F:\javaProject\community)
2022-04-22 14:53:39.356 [restartedMain] INFO  com.newcoder.community.CommunityApplication - No active profile set, falling back to 1 default profile: "default"
2022-04-22 14:53:39.386 [restartedMain] INFO  o.s.b.d.env.DevToolsPropertyDefaultsPostProcessor - Devtools property defaults active! Set 'spring.devtools.add-properties' to 'false' to disable
2022-04-22 14:53:39.386 [restartedMain] INFO  o.s.b.d.env.DevToolsPropertyDefaultsPostProcessor - For additional web related logging consider setting the 'logging.level.web' property to 'DEBUG'
2022-04-22 14:53:40.090 [restartedMain] INFO  o.s.boot.web.embedded.tomcat.TomcatWebServer - Tomcat initialized with port(s): 8080 (http)
2022-04-22 14:53:40.113 [restartedMain] INFO  org.apache.catalina.core.AprLifecycleListener - An older version [1.2.25] of the Apache Tomcat Native library is installed, while Tomcat recommends a minimum version of [1.2.30]
2022-04-22 14:53:40.115 [restartedMain] INFO  org.apache.catalina.core.AprLifecycleListener - Loaded Apache Tomcat Native library [1.2.25] using APR version [1.7.0].
2022-04-22 14:53:40.115 [restartedMain] INFO  org.apache.catalina.core.AprLifecycleListener - APR capabilities: IPv6 [true], sendfile [true], accept filters [false], random [true], UDS [false].
2022-04-22 14:53:40.116 [restartedMain] INFO  org.apache.catalina.core.AprLifecycleListener - APR/OpenSSL configuration: useAprConnector [false], useOpenSSL [true]
2022-04-22 14:53:40.159 [restartedMain] INFO  org.apache.catalina.core.AprLifecycleListener - OpenSSL successfully initialized [OpenSSL 1.1.1g  21 Apr 2020]
2022-04-22 14:53:40.166 [restartedMain] INFO  org.apache.coyote.http11.Http11NioProtocol - Initializing ProtocolHandler ["http-nio-8080"]
2022-04-22 14:53:40.166 [restartedMain] INFO  org.apache.catalina.core.StandardService - Starting service [Tomcat]
2022-04-22 14:53:40.166 [restartedMain] INFO  org.apache.catalina.core.StandardEngine - Starting Servlet engine: [Apache Tomcat/9.0.60]
2022-04-22 14:53:40.264 [restartedMain] INFO  o.a.c.c.C.[Tomcat].[localhost].[/community] - Initializing Spring embedded WebApplicationContext
2022-04-22 14:53:40.264 [restartedMain] INFO  o.s.b.w.s.c.ServletWebServerApplicationContext - Root WebApplicationContext: initialization completed in 877 ms
2022-04-22 14:53:40.604 [restartedMain] INFO  o.s.b.a.web.servlet.WelcomePageHandlerMapping - Adding welcome page template: index
2022-04-22 14:53:40.709 [restartedMain] INFO  o.s.b.d.autoconfigure.OptionalLiveReloadServer - LiveReload server is running on port 35729
2022-04-22 14:53:40.720 [restartedMain] INFO  org.apache.coyote.http11.Http11NioProtocol - Starting ProtocolHandler ["http-nio-8080"]
2022-04-22 14:53:40.733 [restartedMain] INFO  o.s.boot.web.embedded.tomcat.TomcatWebServer - Tomcat started on port(s): 8080 (http) with context path '/community'
2022-04-22 14:53:40.742 [restartedMain] INFO  com.newcoder.community.CommunityApplication - Started CommunityApplication in 1.7 seconds (JVM running for 2.667)
2022-04-22 14:54:01.749 [http-nio-8080-exec-1] INFO  o.a.c.c.C.[Tomcat].[localhost].[/community] - Initializing Spring DispatcherServlet 'dispatcherServlet'
2022-04-22 14:54:01.750 [http-nio-8080-exec-1] INFO  org.springframework.web.servlet.DispatcherServlet - Initializing Servlet 'dispatcherServlet'
2022-04-22 14:54:01.752 [http-nio-8080-exec-1] INFO  org.springframework.web.servlet.DispatcherServlet - Completed initialization in 2 ms
2022-04-22 14:54:01.816 [http-nio-8080-exec-1] INFO  com.zaxxer.hikari.HikariDataSource - HikariPool-1 - Starting...
2022-04-22 14:54:01.932 [http-nio-8080-exec-1] INFO  com.zaxxer.hikari.HikariDataSource - HikariPool-1 - Start completed.
2022-04-22 17:21:08.998 [restartedMain] INFO  com.newcoder.community.CommunityApplication - Starting CommunityApplication using Java 11.0.5 on DESKTOP-USTD7I1 with PID 58136 (F:\javaProject\community\target\classes started by xiu in F:\javaProject\community)
2022-04-22 17:21:09.001 [restartedMain] INFO  com.newcoder.community.CommunityApplication - No active profile set, falling back to 1 default profile: "default"
2022-04-22 17:21:09.035 [restartedMain] INFO  o.s.b.d.env.DevToolsPropertyDefaultsPostProcessor - Devtools property defaults active! Set 'spring.devtools.add-properties' to 'false' to disable
2022-04-22 17:21:09.035 [restartedMain] INFO  o.s.b.d.env.DevToolsPropertyDefaultsPostProcessor - For additional web related logging consider setting the 'logging.level.web' property to 'DEBUG'
2022-04-22 17:21:09.749 [restartedMain] INFO  o.s.boot.web.embedded.tomcat.TomcatWebServer - Tomcat initialized with port(s): 8080 (http)
2022-04-22 17:21:09.750 [restartedMain] INFO  org.apache.catalina.core.AprLifecycleListener - An older version [1.2.25] of the Apache Tomcat Native library is installed, while Tomcat recommends a minimum version of [1.2.30]
2022-04-22 17:21:09.751 [restartedMain] INFO  org.apache.catalina.core.AprLifecycleListener - Loaded Apache Tomcat Native library [1.2.25] using APR version [1.7.0].
2022-04-22 17:21:09.751 [restartedMain] INFO  org.apache.catalina.core.AprLifecycleListener - APR capabilities: IPv6 [true], sendfile [true], accept filters [false], random [true], UDS [false].
2022-04-22 17:21:09.751 [restartedMain] INFO  org.apache.catalina.core.AprLifecycleListener - APR/OpenSSL configuration: useAprConnector [false], useOpenSSL [true]
2022-04-22 17:21:09.754 [restartedMain] INFO  org.apache.catalina.core.AprLifecycleListener - OpenSSL successfully initialized [OpenSSL 1.1.1g  21 Apr 2020]
2022-04-22 17:21:09.760 [restartedMain] INFO  org.apache.coyote.http11.Http11NioProtocol - Initializing ProtocolHandler ["http-nio-8080"]
2022-04-22 17:21:09.760 [restartedMain] INFO  org.apache.catalina.core.StandardService - Starting service [Tomcat]
2022-04-22 17:21:09.760 [restartedMain] INFO  org.apache.catalina.core.StandardEngine - Starting Servlet engine: [Apache Tomcat/9.0.60]
2022-04-22 17:21:09.839 [restartedMain] INFO  o.a.c.c.C.[Tomcat].[localhost].[/community] - Initializing Spring embedded WebApplicationContext
2022-04-22 17:21:09.839 [restartedMain] INFO  o.s.b.w.s.c.ServletWebServerApplicationContext - Root WebApplicationContext: initialization completed in 804 ms
2022-04-22 17:21:10.184 [restartedMain] INFO  o.s.b.a.web.servlet.WelcomePageHandlerMapping - Adding welcome page template: index
2022-04-22 17:21:10.266 [restartedMain] INFO  o.s.b.d.autoconfigure.OptionalLiveReloadServer - LiveReload server is running on port 35729
2022-04-22 17:21:10.277 [restartedMain] INFO  org.apache.coyote.http11.Http11NioProtocol - Starting ProtocolHandler ["http-nio-8080"]
2022-04-22 17:21:10.289 [restartedMain] INFO  o.s.boot.web.embedded.tomcat.TomcatWebServer - Tomcat started on port(s): 8080 (http) with context path '/community'
2022-04-22 17:21:10.298 [restartedMain] INFO  com.newcoder.community.CommunityApplication - Started CommunityApplication in 1.664 seconds (JVM running for 2.604)
2022-04-22 17:21:25.532 [http-nio-8080-exec-1] INFO  o.a.c.c.C.[Tomcat].[localhost].[/community] - Initializing Spring DispatcherServlet 'dispatcherServlet'
2022-04-22 17:21:25.532 [http-nio-8080-exec-1] INFO  org.springframework.web.servlet.DispatcherServlet - Initializing Servlet 'dispatcherServlet'
2022-04-22 17:21:25.533 [http-nio-8080-exec-1] INFO  org.springframework.web.servlet.DispatcherServlet - Completed initialization in 1 ms
2022-04-22 17:21:25.589 [http-nio-8080-exec-1] INFO  com.zaxxer.hikari.HikariDataSource - HikariPool-1 - Starting...
2022-04-22 17:21:25.686 [http-nio-8080-exec-1] INFO  com.zaxxer.hikari.HikariDataSource - HikariPool-1 - Start completed.
2022-04-22 17:21:39.521 [restartedMain] INFO  com.newcoder.community.CommunityApplication - Starting CommunityApplication using Java 11.0.5 on DESKTOP-USTD7I1 with PID 62020 (F:\javaProject\community\target\classes started by xiu in F:\javaProject\community)
2022-04-22 17:21:39.524 [restartedMain] INFO  com.newcoder.community.CommunityApplication - No active profile set, falling back to 1 default profile: "default"
2022-04-22 17:21:39.561 [restartedMain] INFO  o.s.b.d.env.DevToolsPropertyDefaultsPostProcessor - Devtools property defaults active! Set 'spring.devtools.add-properties' to 'false' to disable
2022-04-22 17:21:39.562 [restartedMain] INFO  o.s.b.d.env.DevToolsPropertyDefaultsPostProcessor - For additional web related logging consider setting the 'logging.level.web' property to 'DEBUG'
2022-04-22 17:21:40.305 [restartedMain] INFO  o.s.boot.web.embedded.tomcat.TomcatWebServer - Tomcat initialized with port(s): 8080 (http)
2022-04-22 17:21:40.306 [restartedMain] INFO  org.apache.catalina.core.AprLifecycleListener - An older version [1.2.25] of the Apache Tomcat Native library is installed, while Tomcat recommends a minimum version of [1.2.30]
2022-04-22 17:21:40.306 [restartedMain] INFO  org.apache.catalina.core.AprLifecycleListener - Loaded Apache Tomcat Native library [1.2.25] using APR version [1.7.0].
2022-04-22 17:21:40.306 [restartedMain] INFO  org.apache.catalina.core.AprLifecycleListener - APR capabilities: IPv6 [true], sendfile [true], accept filters [false], random [true], UDS [false].
2022-04-22 17:21:40.306 [restartedMain] INFO  org.apache.catalina.core.AprLifecycleListener - APR/OpenSSL configuration: useAprConnector [false], useOpenSSL [true]
2022-04-22 17:21:40.309 [restartedMain] INFO  org.apache.catalina.core.AprLifecycleListener - OpenSSL successfully initialized [OpenSSL 1.1.1g  21 Apr 2020]
2022-04-22 17:21:40.314 [restartedMain] INFO  org.apache.coyote.http11.Http11NioProtocol - Initializing ProtocolHandler ["http-nio-8080"]
2022-04-22 17:21:40.315 [restartedMain] INFO  org.apache.catalina.core.StandardService - Starting service [Tomcat]
2022-04-22 17:21:40.315 [restartedMain] INFO  org.apache.catalina.core.StandardEngine - Starting Servlet engine: [Apache Tomcat/9.0.60]
2022-04-22 17:21:40.391 [restartedMain] INFO  o.a.c.c.C.[Tomcat].[localhost].[/community] - Initializing Spring embedded WebApplicationContext
2022-04-22 17:21:40.391 [restartedMain] INFO  o.s.b.w.s.c.ServletWebServerApplicationContext - Root WebApplicationContext: initialization completed in 829 ms
2022-04-22 17:21:40.751 [restartedMain] INFO  o.s.b.a.web.servlet.WelcomePageHandlerMapping - Adding welcome page template: index
2022-04-22 17:21:40.842 [restartedMain] INFO  o.s.b.d.autoconfigure.OptionalLiveReloadServer - LiveReload server is running on port 35729
2022-04-22 17:21:40.854 [restartedMain] INFO  org.apache.coyote.http11.Http11NioProtocol - Starting ProtocolHandler ["http-nio-8080"]
2022-04-22 17:21:40.866 [restartedMain] INFO  o.s.boot.web.embedded.tomcat.TomcatWebServer - Tomcat started on port(s): 8080 (http) with context path '/community'
2022-04-22 17:21:40.875 [restartedMain] INFO  com.newcoder.community.CommunityApplication - Started CommunityApplication in 1.705 seconds (JVM running for 2.493)
2022-04-22 17:21:48.639 [http-nio-8080-exec-1] INFO  o.a.c.c.C.[Tomcat].[localhost].[/community] - Initializing Spring DispatcherServlet 'dispatcherServlet'
2022-04-22 17:21:48.640 [http-nio-8080-exec-1] INFO  org.springframework.web.servlet.DispatcherServlet - Initializing Servlet 'dispatcherServlet'
2022-04-22 17:21:48.641 [http-nio-8080-exec-1] INFO  org.springframework.web.servlet.DispatcherServlet - Completed initialization in 1 ms
2022-04-22 17:21:48.695 [http-nio-8080-exec-1] INFO  com.zaxxer.hikari.HikariDataSource - HikariPool-1 - Starting...
2022-04-22 17:21:48.775 [http-nio-8080-exec-1] INFO  com.zaxxer.hikari.HikariDataSource - HikariPool-1 - Start completed.
